ARM GAS  C:\Users\KOZLOV~1\AppData\Local\Temp\cczth1rZ.s 			page 1


   1              		.code	16
   2              		.file	"main.c"
   3              		.text
   4              	.Ltext0:
   5              		.cfi_sections	.debug_frame
   6              		.align	1
   7              		.code	16
   8              		.thumb_func
   9              		.type	initProc, %function
  10              	initProc:
  11              	.LFB4:
  12              		.file 1 "main.c"
   1:main.c        **** /******************************************************************************
   2:main.c        ****  *
   3:main.c        ****  * Copyright:
   4:main.c        ****  *    (C) 2006 Embedded Artists AB
   5:main.c        ****  *
   6:main.c        ****  * File:
   7:main.c        ****  *    main.c
   8:main.c        ****  *
   9:main.c        ****  * Description:
  10:main.c        ****  *    Main function of the "LPC2104 Color LCD Game Board with Bluetooth"
  11:main.c        ****  *
  12:main.c        ****  *****************************************************************************/
  13:main.c        **** 
  14:main.c        **** /******************************************************************************
  15:main.c        ****  * Includes
  16:main.c        ****  *****************************************************************************/
  17:main.c        **** #include "../pre_emptive_os/api/osapi.h"
  18:main.c        **** #include "../pre_emptive_os/api/general.h"
  19:main.c        **** #include <printf_P.h>
  20:main.c        **** #include <ea_init.h>
  21:main.c        **** #include <stdlib.h>
  22:main.c        **** 
  23:main.c        **** #include "lcd.h"
  24:main.c        **** #include "key.h"
  25:main.c        **** #include "uart.h"
  26:main.c        **** #include "exampleGame.h"
  27:main.c        **** #include "tic-tac-toe.h"
  28:main.c        **** #include "snake.h"
  29:main.c        **** #include "pong.h"
  30:main.c        **** #include "bt.h"
  31:main.c        **** #include "hw.h"
  32:main.c        **** #include "version.h"
  33:main.c        **** #include "configAppl.h"
  34:main.c        **** #include "startupDisplay.h"
  35:main.c        **** #include "react.h"
  36:main.c        **** 
  37:main.c        **** #ifdef INCLUDE_MENU_FIRE
  38:main.c        **** #include "fire_0_100x40c.h"
  39:main.c        **** #include "fire_1_100x40c.h"
  40:main.c        **** #include "fire_2_100x40c.h"
  41:main.c        **** #include "fire_3_100x40c.h"
  42:main.c        **** #include "fire_4_100x40c.h"
  43:main.c        **** #include "fire_5_100x40c.h"
  44:main.c        **** #include "fire_6_100x40c.h"
  45:main.c        **** #endif
ARM GAS  C:\Users\KOZLOV~1\AppData\Local\Temp\cczth1rZ.s 			page 2


  46:main.c        **** 
  47:main.c        **** /******************************************************************************
  48:main.c        ****  * Typedefs and defines
  49:main.c        ****  *****************************************************************************/
  50:main.c        **** #define PROC1_STACK_SIZE 800
  51:main.c        **** #define INIT_STACK_SIZE  600
  52:main.c        **** 
  53:main.c        **** #define MAIN_MENU_ROWS 7
  54:main.c        **** 
  55:main.c        **** /*****************************************************************************
  56:main.c        ****  * Global variables
  57:main.c        ****  ****************************************************************************/
  58:main.c        **** volatile tU32 ms;
  59:main.c        **** 
  60:main.c        **** 
  61:main.c        **** /*****************************************************************************
  62:main.c        ****  * Local variables
  63:main.c        ****  ****************************************************************************/
  64:main.c        **** static tU8 proc1Stack[PROC1_STACK_SIZE];
  65:main.c        **** static tU8 initStack[INIT_STACK_SIZE];
  66:main.c        **** static tU8 pid1;
  67:main.c        **** 
  68:main.c        **** static tU8 contrast = 56;
  69:main.c        **** static tU8 cursor   = 0;
  70:main.c        **** 
  71:main.c        **** 
  72:main.c        **** /*****************************************************************************
  73:main.c        ****  * Local prototypes
  74:main.c        ****  ****************************************************************************/
  75:main.c        **** static void proc1(void* arg);
  76:main.c        **** static void initProc(void* arg);
  77:main.c        **** 
  78:main.c        **** 
  79:main.c        **** /*****************************************************************************
  80:main.c        ****  *
  81:main.c        ****  * Description:
  82:main.c        ****  *    The first function to execute 
  83:main.c        ****  *
  84:main.c        ****  ****************************************************************************/
  85:main.c        **** int
  86:main.c        **** main(void)
  87:main.c        **** {
  88:main.c        ****   tU8 error;
  89:main.c        ****   tU8 pid;
  90:main.c        ****   
  91:main.c        ****   osInit();
  92:main.c        **** 
  93:main.c        ****   //immediate initilaizeation of hardware I/O pins
  94:main.c        ****   immediateIoInit();
  95:main.c        ****   
  96:main.c        ****   osCreateProcess(initProc, initStack, INIT_STACK_SIZE, &pid, 1, NULL, &error);
  97:main.c        ****   osStartProcess(pid, &error);
  98:main.c        ****   
  99:main.c        ****   osStart();
 100:main.c        ****   return 0;
 101:main.c        **** }
 102:main.c        **** 
ARM GAS  C:\Users\KOZLOV~1\AppData\Local\Temp\cczth1rZ.s 			page 3


 103:main.c        **** 
 104:main.c        **** /*****************************************************************************
 105:main.c        ****  *
 106:main.c        ****  * Description:
 107:main.c        ****  *    Draw cursor in main menu
 108:main.c        ****  *
 109:main.c        ****  * Params:
 110:main.c        ****  *    [in] cursor - Cursor position
 111:main.c        ****  *
 112:main.c        ****  ****************************************************************************/
 113:main.c        **** static void
 114:main.c        **** drawMenuCursor(tU8 cursor)
 115:main.c        **** {
 116:main.c        ****   tU32 row;
 117:main.c        **** 
 118:main.c        ****   for(row=0; row<MAIN_MENU_ROWS; row++)
 119:main.c        ****   {
 120:main.c        ****     lcdGotoxy(18,20+(14*row));
 121:main.c        ****     if(row == cursor)
 122:main.c        ****       lcdColor(0x00,0xe0);
 123:main.c        ****     else
 124:main.c        ****       lcdColor(0x00,0xfd);
 125:main.c        ****     
 126:main.c        ****     switch(row)
 127:main.c        ****     {
 128:main.c        ****     case 0: lcdPuts("Blocks"); break;
 129:main.c        ****     case 1: lcdPuts("Snake"); break;
 130:main.c        ****     case 2: lcdPuts("Ping-Pong"); break;
 131:main.c        ****     case 3: lcdPuts("Bluetooth"); break;
 132:main.c        ****     case 4: lcdPuts("TicTacToe"); break;
 133:main.c        ****     case 5: lcdPuts("React-Game"); break;
 134:main.c        ****     default: break;
 135:main.c        ****     }
 136:main.c        ****   }
 137:main.c        **** }
 138:main.c        **** 
 139:main.c        **** 
 140:main.c        **** /*****************************************************************************
 141:main.c        ****  *
 142:main.c        ****  * Description:
 143:main.c        ****  *    Draw main menu
 144:main.c        ****  *
 145:main.c        ****  ****************************************************************************/
 146:main.c        **** static void
 147:main.c        **** drawMenu(void)
 148:main.c        **** {
 149:main.c        ****   lcdColor(0,0);
 150:main.c        ****   lcdClrscr();
 151:main.c        **** 
 152:main.c        ****   lcdRect(14, 0, 102, 128, 0x6d);
 153:main.c        ****   lcdRect(15, 17, 100, 110, 0);
 154:main.c        **** 
 155:main.c        ****   lcdGotoxy(48,1);
 156:main.c        ****   lcdColor(0x6d,0);
 157:main.c        ****   lcdPuts("MENU");
 158:main.c        ****   drawMenuCursor(cursor);
 159:main.c        **** }
ARM GAS  C:\Users\KOZLOV~1\AppData\Local\Temp\cczth1rZ.s 			page 4


 160:main.c        **** 
 161:main.c        **** 
 162:main.c        **** /*****************************************************************************
 163:main.c        ****  *
 164:main.c        ****  * Description:
 165:main.c        ****  *    A process entry function 
 166:main.c        ****  *
 167:main.c        ****  * Params:
 168:main.c        ****  *    [in] arg - This parameter is not used in this application. 
 169:main.c        ****  *
 170:main.c        ****  ****************************************************************************/
 171:main.c        **** static void
 172:main.c        **** proc1(void* arg)
 173:main.c        **** {
 174:main.c        **** 
 175:main.c        ****   
 176:main.c        ****   //display startup message
 177:main.c        ****   resetLCD();
 178:main.c        ****   lcdInit();
 179:main.c        **** 
 180:main.c        **** #ifdef INCLUDE_STARTUP_SEQUENCE
 181:main.c        ****   displayStartupSequence();
 182:main.c        **** #endif
 183:main.c        **** 
 184:main.c        ****   //we can't use the menu function in select.c, as we want our contrast control
 185:main.c        ****   //we also want to be able to display the fire!
 186:main.c        **** 
 187:main.c        ****   //print menu
 188:main.c        ****   drawMenu();
 189:main.c        ****   
 190:main.c        ****   for(;;)
 191:main.c        ****   {
 192:main.c        ****     tU8 anyKey;
 193:main.c        ****     static tU8 i = 0;
 194:main.c        **** 
 195:main.c        ****     anyKey = checkKey();
 196:main.c        ****     if (anyKey != KEY_NOTHING)
 197:main.c        ****     {
 198:main.c        ****       //select specific function
 199:main.c        ****       if (anyKey == KEY_CENTER)
 200:main.c        ****       {
 201:main.c        ****         switch(cursor)
 202:main.c        ****         {
 203:main.c        ****           case 0: playExample(); break;
 204:main.c        ****           case 1: playSnake(); break;
 205:main.c        **** #ifdef INCLUDE_PONG_GAME
 206:main.c        ****           case 2: playPong(); break;
 207:main.c        **** #endif
 208:main.c        ****           case 3: handleBt(); break;
 209:main.c        **** 	case 4: playTicTacToe(); break;
 210:main.c        **** 	case 5: playReactGame(); break;
 211:main.c        ****           default: break;
 212:main.c        ****         }
 213:main.c        ****         drawMenu();
 214:main.c        ****       }
 215:main.c        ****       
 216:main.c        ****       //move cursor up
ARM GAS  C:\Users\KOZLOV~1\AppData\Local\Temp\cczth1rZ.s 			page 5


 217:main.c        ****       else if (anyKey == KEY_UP)
 218:main.c        ****       {
 219:main.c        ****         if (cursor > 0)
 220:main.c        ****           cursor--;
 221:main.c        ****         else
 222:main.c        ****           cursor = MAIN_MENU_ROWS-1;
 223:main.c        ****         drawMenuCursor(cursor);
 224:main.c        ****       }
 225:main.c        ****       
 226:main.c        ****       //move cursor down
 227:main.c        ****       else if (anyKey == KEY_DOWN)
 228:main.c        ****       {
 229:main.c        ****         if (cursor < MAIN_MENU_ROWS-1)
 230:main.c        ****           cursor++;
 231:main.c        ****         else
 232:main.c        ****           cursor = 0;
 233:main.c        ****         drawMenuCursor(cursor);
 234:main.c        ****       }
 235:main.c        ****       
 236:main.c        ****       //adjust contrast
 237:main.c        ****       else if (anyKey == KEY_RIGHT)
 238:main.c        ****       {
 239:main.c        ****         contrast++;
 240:main.c        ****         if (contrast > 127)
 241:main.c        ****           contrast = 127;
 242:main.c        ****         lcdContrast(contrast);
 243:main.c        ****       }
 244:main.c        ****       else if (anyKey == KEY_LEFT)
 245:main.c        ****       {
 246:main.c        ****         if (contrast > 0)
 247:main.c        ****           contrast--;
 248:main.c        ****         lcdContrast(contrast);
 249:main.c        ****       }
 250:main.c        ****     }
 251:main.c        **** 
 252:main.c        **** #ifdef INCLUDE_MENU_FIRE
 253:main.c        ****     switch(i)
 254:main.c        ****     {
 255:main.c        ****       case 0: lcdIcon(15, 88, 100, 40, _fire_0_100x40c[2], _fire_0_100x40c[3], &_fire_0_100x40c[4])
 256:main.c        ****       case 1: lcdIcon(15, 88, 100, 40, _fire_1_100x40c[2], _fire_1_100x40c[3], &_fire_1_100x40c[4])
 257:main.c        ****       case 2: lcdIcon(15, 88, 100, 40, _fire_2_100x40c[2], _fire_2_100x40c[3], &_fire_2_100x40c[4])
 258:main.c        ****       case 3: lcdIcon(15, 88, 100, 40, _fire_3_100x40c[2], _fire_3_100x40c[3], &_fire_3_100x40c[4])
 259:main.c        ****       case 4: lcdIcon(15, 88, 100, 40, _fire_4_100x40c[2], _fire_4_100x40c[3], &_fire_4_100x40c[4])
 260:main.c        ****       case 5: lcdIcon(15, 88, 100, 40, _fire_5_100x40c[2], _fire_5_100x40c[3], &_fire_5_100x40c[4])
 261:main.c        ****       case 6: lcdIcon(15, 88, 100, 40, _fire_6_100x40c[2], _fire_6_100x40c[3], &_fire_6_100x40c[4])
 262:main.c        ****       default: i = 0; break;
 263:main.c        ****     }
 264:main.c        **** #endif
 265:main.c        ****     osSleep(20);
 266:main.c        ****   }
 267:main.c        **** }
 268:main.c        **** 
 269:main.c        **** 
 270:main.c        **** /*****************************************************************************
 271:main.c        ****  *
 272:main.c        ****  * Description:
 273:main.c        ****  *    The entry function for the initialization process. 
ARM GAS  C:\Users\KOZLOV~1\AppData\Local\Temp\cczth1rZ.s 			page 6


 274:main.c        ****  *
 275:main.c        ****  * Params:
 276:main.c        ****  *    [in] arg - This parameter is not used in this application. 
 277:main.c        ****  *
 278:main.c        ****  ****************************************************************************/
 279:main.c        **** static void
 280:main.c        **** initProc(void* arg)
 281:main.c        **** {
  13              		.loc 1 281 0
  14              		.cfi_startproc
  15 0000 3FB5     		push	{r0, r1, r2, r3, r4, r5, lr}
  16              	.LCFI0:
  17              		.cfi_def_cfa_offset 28
  18              		.cfi_offset 0, -28
  19              		.cfi_offset 1, -24
  20              		.cfi_offset 2, -20
  21              		.cfi_offset 3, -16
  22              		.cfi_offset 4, -12
  23              		.cfi_offset 5, -8
  24              		.cfi_offset 14, -4
  25              	.LVL0:
 282:main.c        ****   tU8 error;
 283:main.c        **** 
 284:main.c        ****   eaInit();
  26              		.loc 1 284 0
  27 0002 FFF7FEFF 		bl	eaInit
  28              	.LVL1:
 285:main.c        ****   printf("\n*********************************************************");
  29              		.loc 1 285 0
  30 0006 2D48     		ldr	r0, .L5
  31 0008 FFF7FEFF 		bl	simplePrintf
 286:main.c        ****   printf("\n*                                                       *");
  32              		.loc 1 286 0
  33 000c 2C4C     		ldr	r4, .L5+4
  34 000e 201C     		mov	r0, r4
  35 0010 FFF7FEFF 		bl	simplePrintf
 287:main.c        ****   printf("\n* Welcome to Embedded Artists' summer promotion board;  *");
  36              		.loc 1 287 0
  37 0014 2B48     		ldr	r0, .L5+8
  38 0016 FFF7FEFF 		bl	simplePrintf
 288:main.c        ****   printf("\n*   'LPC2104 Color LCD Game Board with Bluetooth'       *");
  39              		.loc 1 288 0
  40 001a 2B48     		ldr	r0, .L5+12
  41 001c FFF7FEFF 		bl	simplePrintf
 289:main.c        ****   printf("\n* in cooperation with Future Electronics and Philips.   *");
  42              		.loc 1 289 0
  43 0020 2A48     		ldr	r0, .L5+16
  44 0022 FFF7FEFF 		bl	simplePrintf
 290:main.c        ****   printf("\n* Boards with embedded JTAG includes J-link(tm)         *");
  45              		.loc 1 290 0
  46 0026 2A48     		ldr	r0, .L5+20
  47 0028 FFF7FEFF 		bl	simplePrintf
 291:main.c        ****   printf("\n* technology from Segger.                               *");
  48              		.loc 1 291 0
  49 002c 2948     		ldr	r0, .L5+24
  50 002e FFF7FEFF 		bl	simplePrintf
 292:main.c        ****   printf("\n*                                                       *");
ARM GAS  C:\Users\KOZLOV~1\AppData\Local\Temp\cczth1rZ.s 			page 7


  51              		.loc 1 292 0
  52 0032 201C     		mov	r0, r4
  53 0034 FFF7FEFF 		bl	simplePrintf
 293:main.c        **** 
 294:main.c        ****   printf("\n* Program version:  %d.%d                                 *", MAJOR_VER, MINOR_VER);
  54              		.loc 1 294 0
  55 0038 2748     		ldr	r0, .L5+28
  56 003a 0121     		mov	r1, #1
  57 003c 0922     		mov	r2, #9
  58 003e FFF7FEFF 		bl	simplePrintf
 295:main.c        ****   printf("\n* Program date:     %s                          *", RELEASE_DATE);
  59              		.loc 1 295 0
  60 0042 2648     		ldr	r0, .L5+32
  61 0044 2649     		ldr	r1, .L5+36
  62 0046 FFF7FEFF 		bl	simplePrintf
 296:main.c        **** 
 297:main.c        ****   if (TRUE == ver1_0)
  63              		.loc 1 297 0
  64 004a 264B     		ldr	r3, .L5+40
  65 004c 1B78     		ldrb	r3, [r3]
  66 004e 012B     		cmp	r3, #1
  67 0050 01D1     		bne	.L2
 298:main.c        ****     printf("\n* Hardware version: 1.0                                 *");
  68              		.loc 1 298 0
  69 0052 2548     		ldr	r0, .L5+44
  70 0054 04E0     		b	.L4
  71              	.L2:
 299:main.c        ****   else if (TRUE == ver1_1)
  72              		.loc 1 299 0
  73 0056 254B     		ldr	r3, .L5+48
  74 0058 1B78     		ldrb	r3, [r3]
  75 005a 012B     		cmp	r3, #1
  76 005c 02D1     		bne	.L3
 300:main.c        ****     printf("\n* Hardware version: 1.1                                 *");
  77              		.loc 1 300 0
  78 005e 2448     		ldr	r0, .L5+52
  79              	.L4:
  80 0060 FFF7FEFF 		bl	simplePrintf
  81              	.L3:
 301:main.c        **** 
 302:main.c        **** #ifdef __IAR_SYSTEMS_ICC__
 303:main.c        ****   printf("\n* Compiled with IAR Embedded Workbench                  *");
 304:main.c        **** #else
 305:main.c        ****   printf("\n* Compiled with GCC                                     *");
  82              		.loc 1 305 0
  83 0064 2348     		ldr	r0, .L5+56
  84 0066 FFF7FEFF 		bl	simplePrintf
 306:main.c        **** #endif
 307:main.c        **** 
 308:main.c        ****   printf("\n*                                                       *");
  85              		.loc 1 308 0
  86 006a 201C     		mov	r0, r4
  87 006c FFF7FEFF 		bl	simplePrintf
 309:main.c        ****   printf("\n* (C) Embedded Artists AB, 2006                         *");
  88              		.loc 1 309 0
  89 0070 2148     		ldr	r0, .L5+60
  90 0072 FFF7FEFF 		bl	simplePrintf
ARM GAS  C:\Users\KOZLOV~1\AppData\Local\Temp\cczth1rZ.s 			page 8


 310:main.c        ****   printf("\n*                                                       *");
  91              		.loc 1 310 0
  92 0076 201C     		mov	r0, r4
  93 0078 FFF7FEFF 		bl	simplePrintf
 311:main.c        ****   printf("\n*********************************************************\n");
  94              		.loc 1 311 0
  95 007c 1F48     		ldr	r0, .L5+64
  96 007e FFF7FEFF 		bl	simplePrintf
 312:main.c        ****   
 313:main.c        **** 
 314:main.c        ****   osCreateProcess(proc1, proc1Stack, PROC1_STACK_SIZE, &pid1, 3, NULL, &error);
  97              		.loc 1 314 0
  98 0082 0322     		mov	r2, #3
  99 0084 1E4B     		ldr	r3, .L5+68
 100 0086 0092     		str	r2, [sp]
 101 0088 0022     		mov	r2, #0
 102 008a 0192     		str	r2, [sp, #4]
 103 008c 6C46     		mov	r4, sp
 104 008e C822     		mov	r2, #200
 105 0090 9200     		lsl	r2, r2, #2
 106 0092 5D1C     		add	r5, r3, #1
 107 0094 0F34     		add	r4, r4, #15
 108 0096 2033     		add	r3, r3, #32
 109 0098 1A48     		ldr	r0, .L5+72
 110 009a 1B49     		ldr	r1, .L5+76
 111 009c 0294     		str	r4, [sp, #8]
 112 009e FFF7FEFF 		bl	osCreateProcess
 315:main.c        ****   osStartProcess(pid1, &error);
 113              		.loc 1 315 0
 114 00a2 E87F     		ldrb	r0, [r5, #31]
 115 00a4 211C     		mov	r1, r4
 116 00a6 FFF7FEFF 		bl	osStartProcess
 316:main.c        **** 
 317:main.c        ****   initBtProc();
 318:main.c        ****   
 319:main.c        ****   initKeyProc();
 320:main.c        **** 
 321:main.c        ****   osDeleteProcess();
 322:main.c        **** }
 117              		.loc 1 322 0
 118              		@ sp needed for prologue
 317:main.c        ****   initBtProc();
 119              		.loc 1 317 0
 120 00aa FFF7FEFF 		bl	initBtProc
 319:main.c        ****   initKeyProc();
 121              		.loc 1 319 0
 122 00ae FFF7FEFF 		bl	initKeyProc
 321:main.c        ****   osDeleteProcess();
 123              		.loc 1 321 0
 124 00b2 FFF7FEFF 		bl	osDeleteProcess
 125              		.loc 1 322 0
 126 00b6 3FBC     		pop	{r0, r1, r2, r3, r4, r5}
 127 00b8 01BC     		pop	{r0}
 128 00ba 0047     		bx	r0
 129              	.L6:
 130              		.align	2
 131              	.L5:
ARM GAS  C:\Users\KOZLOV~1\AppData\Local\Temp\cczth1rZ.s 			page 9


 132 00bc 00000000 		.word	.LC0
 133 00c0 3B000000 		.word	.LC2
 134 00c4 76000000 		.word	.LC4
 135 00c8 B1000000 		.word	.LC6
 136 00cc EC000000 		.word	.LC8
 137 00d0 27010000 		.word	.LC10
 138 00d4 62010000 		.word	.LC12
 139 00d8 9D010000 		.word	.LC14
 140 00dc DA010000 		.word	.LC16
 141 00e0 0D020000 		.word	.LC18
 142 00e4 00000000 		.word	ver1_0
 143 00e8 18020000 		.word	.LC21
 144 00ec 00000000 		.word	ver1_1
 145 00f0 53020000 		.word	.LC24
 146 00f4 8E020000 		.word	.LC26
 147 00f8 C9020000 		.word	.LC28
 148 00fc 04030000 		.word	.LC30
 149 0100 00030000 		.word	.LANCHOR1
 150 0104 00000000 		.word	proc1
 151 0108 00000000 		.word	.LANCHOR0
 152              		.cfi_endproc
 153              	.LFE4:
 154              		.size	initProc, .-initProc
 155              		.align	1
 156              		.code	16
 157              		.thumb_func
 158              		.type	drawMenuCursor, %function
 159              	drawMenuCursor:
 160              	.LFB1:
 115:main.c        **** {
 161              		.loc 1 115 0
 162              		.cfi_startproc
 163 010c 70B5     		push	{r4, r5, r6, lr}
 164              	.LCFI1:
 165              		.cfi_def_cfa_offset 16
 166              		.cfi_offset 4, -16
 167              		.cfi_offset 5, -12
 168              		.cfi_offset 6, -8
 169              		.cfi_offset 14, -4
 170              	.LVL2:
 115:main.c        **** {
 171              		.loc 1 115 0
 172 010e 0406     		lsl	r4, r0, #24
 173 0110 240E     		lsr	r4, r4, #24
 174 0112 1426     		mov	r6, #20
 118:main.c        ****   for(row=0; row<MAIN_MENU_ROWS; row++)
 175              		.loc 1 118 0
 176 0114 0025     		mov	r5, #0
 177              	.LVL3:
 178              	.L18:
 120:main.c        ****     lcdGotoxy(18,20+(14*row));
 179              		.loc 1 120 0
 180 0116 1220     		mov	r0, #18
 181 0118 311C     		mov	r1, r6
 182 011a FFF7FEFF 		bl	lcdGotoxy
 122:main.c        ****       lcdColor(0x00,0xe0);
 183              		.loc 1 122 0
ARM GAS  C:\Users\KOZLOV~1\AppData\Local\Temp\cczth1rZ.s 			page 10


 184 011e 0020     		mov	r0, #0
 185 0120 E021     		mov	r1, #224
 121:main.c        ****     if(row == cursor)
 186              		.loc 1 121 0
 187 0122 A542     		cmp	r5, r4
 188 0124 00D0     		beq	.L20
 124:main.c        ****       lcdColor(0x00,0xfd);
 189              		.loc 1 124 0
 190 0126 FD21     		mov	r1, #253
 191              	.L20:
 192 0128 FFF7FEFF 		bl	lcdColor
 126:main.c        ****     switch(row)
 193              		.loc 1 126 0
 194 012c 052D     		cmp	r5, #5
 195 012e 12D8     		bhi	.L10
 196 0130 281C     		mov	r0, r5
 197 0132 FFF7FEFF 		bl	__gnu_thumb1_case_uqi
 198              	.L17:
 199 0136 03       		.byte	(.L11-.L17)/2
 200 0137 05       		.byte	(.L12-.L17)/2
 201 0138 07       		.byte	(.L13-.L17)/2
 202 0139 09       		.byte	(.L14-.L17)/2
 203 013a 0B       		.byte	(.L15-.L17)/2
 204 013b 0D       		.byte	(.L16-.L17)/2
 205              		.align	1
 206              	.L11:
 128:main.c        ****     case 0: lcdPuts("Blocks"); break;
 207              		.loc 1 128 0
 208 013c 0948     		ldr	r0, .L22
 209 013e 08E0     		b	.L21
 210              	.L12:
 129:main.c        ****     case 1: lcdPuts("Snake"); break;
 211              		.loc 1 129 0
 212 0140 0948     		ldr	r0, .L22+4
 213 0142 06E0     		b	.L21
 214              	.L13:
 130:main.c        ****     case 2: lcdPuts("Ping-Pong"); break;
 215              		.loc 1 130 0
 216 0144 0948     		ldr	r0, .L22+8
 217 0146 04E0     		b	.L21
 218              	.L14:
 131:main.c        ****     case 3: lcdPuts("Bluetooth"); break;
 219              		.loc 1 131 0
 220 0148 0948     		ldr	r0, .L22+12
 221 014a 02E0     		b	.L21
 222              	.L15:
 132:main.c        ****     case 4: lcdPuts("TicTacToe"); break;
 223              		.loc 1 132 0
 224 014c 0948     		ldr	r0, .L22+16
 225 014e 00E0     		b	.L21
 226              	.L16:
 133:main.c        ****     case 5: lcdPuts("React-Game"); break;
 227              		.loc 1 133 0
 228 0150 0948     		ldr	r0, .L22+20
 229              	.L21:
 230 0152 FFF7FEFF 		bl	lcdPuts
 231              	.L10:
ARM GAS  C:\Users\KOZLOV~1\AppData\Local\Temp\cczth1rZ.s 			page 11


 118:main.c        ****   for(row=0; row<MAIN_MENU_ROWS; row++)
 232              		.loc 1 118 0
 233 0156 0135     		add	r5, r5, #1
 234              	.LVL4:
 235 0158 0E36     		add	r6, r6, #14
 236 015a 072D     		cmp	r5, #7
 237 015c DBD1     		bne	.L18
 137:main.c        **** }
 238              		.loc 1 137 0
 239              		@ sp needed for prologue
 240              	.LVL5:
 241 015e 70BC     		pop	{r4, r5, r6}
 242 0160 01BC     		pop	{r0}
 243 0162 0047     		bx	r0
 244              	.L23:
 245              		.align	2
 246              	.L22:
 247 0164 40030000 		.word	.LC37
 248 0168 47030000 		.word	.LC39
 249 016c 4D030000 		.word	.LC41
 250 0170 57030000 		.word	.LC43
 251 0174 61030000 		.word	.LC45
 252 0178 6B030000 		.word	.LC47
 253              		.cfi_endproc
 254              	.LFE1:
 255              		.size	drawMenuCursor, .-drawMenuCursor
 256              		.align	1
 257              		.code	16
 258              		.thumb_func
 259              		.type	drawMenu, %function
 260              	drawMenu:
 261              	.LFB2:
 148:main.c        **** {
 262              		.loc 1 148 0
 263              		.cfi_startproc
 264 017c 31B5     		push	{r0, r4, r5, lr}
 265              	.LCFI2:
 266              		.cfi_def_cfa_offset 16
 267              		.cfi_offset 0, -16
 268              		.cfi_offset 4, -12
 269              		.cfi_offset 5, -8
 270              		.cfi_offset 14, -4
 149:main.c        ****   lcdColor(0,0);
 271              		.loc 1 149 0
 272 017e 0020     		mov	r0, #0
 273 0180 011C     		mov	r1, r0
 274 0182 FFF7FEFF 		bl	lcdColor
 152:main.c        ****   lcdRect(14, 0, 102, 128, 0x6d);
 275              		.loc 1 152 0
 276 0186 6D24     		mov	r4, #109
 150:main.c        ****   lcdClrscr();
 277              		.loc 1 150 0
 278 0188 FFF7FEFF 		bl	lcdClrscr
 152:main.c        ****   lcdRect(14, 0, 102, 128, 0x6d);
 279              		.loc 1 152 0
 280 018c 0E20     		mov	r0, #14
 281 018e 0021     		mov	r1, #0
ARM GAS  C:\Users\KOZLOV~1\AppData\Local\Temp\cczth1rZ.s 			page 12


 282 0190 6622     		mov	r2, #102
 283 0192 8023     		mov	r3, #128
 153:main.c        ****   lcdRect(15, 17, 100, 110, 0);
 284              		.loc 1 153 0
 285 0194 0025     		mov	r5, #0
 152:main.c        ****   lcdRect(14, 0, 102, 128, 0x6d);
 286              		.loc 1 152 0
 287 0196 0094     		str	r4, [sp]
 288 0198 FFF7FEFF 		bl	lcdRect
 153:main.c        ****   lcdRect(15, 17, 100, 110, 0);
 289              		.loc 1 153 0
 290 019c 6422     		mov	r2, #100
 291 019e 6E23     		mov	r3, #110
 292 01a0 0F20     		mov	r0, #15
 293 01a2 1121     		mov	r1, #17
 294 01a4 0095     		str	r5, [sp]
 295 01a6 FFF7FEFF 		bl	lcdRect
 155:main.c        ****   lcdGotoxy(48,1);
 296              		.loc 1 155 0
 297 01aa 3020     		mov	r0, #48
 298 01ac 0121     		mov	r1, #1
 299 01ae FFF7FEFF 		bl	lcdGotoxy
 156:main.c        ****   lcdColor(0x6d,0);
 300              		.loc 1 156 0
 301 01b2 291C     		mov	r1, r5
 302 01b4 201C     		mov	r0, r4
 303 01b6 FFF7FEFF 		bl	lcdColor
 157:main.c        ****   lcdPuts("MENU");
 304              		.loc 1 157 0
 305 01ba 0548     		ldr	r0, .L25
 306 01bc FFF7FEFF 		bl	lcdPuts
 158:main.c        ****   drawMenuCursor(cursor);
 307              		.loc 1 158 0
 308 01c0 044B     		ldr	r3, .L25+4
 309 01c2 0233     		add	r3, r3, #2
 310 01c4 D87F     		ldrb	r0, [r3, #31]
 311 01c6 FFF7A1FF 		bl	drawMenuCursor
 159:main.c        **** }
 312              		.loc 1 159 0
 313              		@ sp needed for prologue
 314 01ca 31BC     		pop	{r0, r4, r5}
 315 01cc 01BC     		pop	{r0}
 316 01ce 0047     		bx	r0
 317              	.L26:
 318              		.align	2
 319              	.L25:
 320 01d0 76030000 		.word	.LC49
 321 01d4 00030000 		.word	.LANCHOR1
 322              		.cfi_endproc
 323              	.LFE2:
 324              		.size	drawMenu, .-drawMenu
 325              		.align	1
 326              		.code	16
 327              		.thumb_func
 328              		.type	proc1, %function
 329              	proc1:
 330              	.LFB3:
ARM GAS  C:\Users\KOZLOV~1\AppData\Local\Temp\cczth1rZ.s 			page 13


 173:main.c        **** {
 331              		.loc 1 173 0
 332              		.cfi_startproc
 333 01d8 30B5     		push	{r4, r5, lr}
 334              	.LCFI3:
 335              		.cfi_def_cfa_offset 12
 336              		.cfi_offset 4, -12
 337              		.cfi_offset 5, -8
 338              		.cfi_offset 14, -4
 339              	.LVL6:
 177:main.c        ****   resetLCD();
 340              		.loc 1 177 0
 341 01da FFF7FEFF 		bl	resetLCD
 342              	.LVL7:
 178:main.c        ****   lcdInit();
 343              		.loc 1 178 0
 344 01de FFF7FEFF 		bl	lcdInit
 181:main.c        ****   displayStartupSequence();
 345              		.loc 1 181 0
 346 01e2 FFF7FEFF 		bl	displayStartupSequence
 188:main.c        ****   drawMenu();
 347              		.loc 1 188 0
 348 01e6 FFF7C9FF 		bl	drawMenu
 349              	.LBB2:
 229:main.c        ****         if (cursor < MAIN_MENU_ROWS-1)
 350              		.loc 1 229 0
 351 01ea 2E4D     		ldr	r5, .L52
 352 01ec AC1C     		add	r4, r5, #2
 353              	.L47:
 195:main.c        ****     anyKey = checkKey();
 354              		.loc 1 195 0
 355 01ee FFF7FEFF 		bl	checkKey
 356              	.LVL8:
 196:main.c        ****     if (anyKey != KEY_NOTHING)
 357              		.loc 1 196 0
 358 01f2 0028     		cmp	r0, #0
 359 01f4 52D0     		beq	.L28
 199:main.c        ****       if (anyKey == KEY_CENTER)
 360              		.loc 1 199 0
 361 01f6 1028     		cmp	r0, #16
 362 01f8 1DD1     		bne	.L29
 201:main.c        ****         switch(cursor)
 363              		.loc 1 201 0
 364 01fa 2A4B     		ldr	r3, .L52
 365 01fc 0233     		add	r3, r3, #2
 366 01fe D87F     		ldrb	r0, [r3, #31]
 367              	.LVL9:
 368 0200 0528     		cmp	r0, #5
 369 0202 15D8     		bhi	.L30
 370 0204 FFF7FEFF 		bl	__gnu_thumb1_case_uqi
 371              	.L37:
 372 0208 03       		.byte	(.L31-.L37)/2
 373 0209 06       		.byte	(.L32-.L37)/2
 374 020a 09       		.byte	(.L33-.L37)/2
 375 020b 0C       		.byte	(.L34-.L37)/2
 376 020c 0F       		.byte	(.L35-.L37)/2
 377 020d 12       		.byte	(.L36-.L37)/2
ARM GAS  C:\Users\KOZLOV~1\AppData\Local\Temp\cczth1rZ.s 			page 14


 378              		.align	1
 379              	.L31:
 203:main.c        ****           case 0: playExample(); break;
 380              		.loc 1 203 0
 381 020e FFF7FEFF 		bl	playExample
 382 0212 0DE0     		b	.L30
 383              	.L32:
 204:main.c        ****           case 1: playSnake(); break;
 384              		.loc 1 204 0
 385 0214 FFF7FEFF 		bl	playSnake
 386 0218 0AE0     		b	.L30
 387              	.L33:
 206:main.c        ****           case 2: playPong(); break;
 388              		.loc 1 206 0
 389 021a FFF7FEFF 		bl	playPong
 390 021e 07E0     		b	.L30
 391              	.L34:
 208:main.c        ****           case 3: handleBt(); break;
 392              		.loc 1 208 0
 393 0220 FFF7FEFF 		bl	handleBt
 394 0224 04E0     		b	.L30
 395              	.L35:
 209:main.c        **** 	case 4: playTicTacToe(); break;
 396              		.loc 1 209 0
 397 0226 FFF7FEFF 		bl	playTicTacToe
 398 022a 01E0     		b	.L30
 399              	.L36:
 210:main.c        **** 	case 5: playReactGame(); break;
 400              		.loc 1 210 0
 401 022c FFF7FEFF 		bl	playReactGame
 402              	.L30:
 213:main.c        ****         drawMenu();
 403              		.loc 1 213 0
 404 0230 FFF7A4FF 		bl	drawMenu
 405 0234 32E0     		b	.L28
 406              	.LVL10:
 407              	.L29:
 217:main.c        ****       else if (anyKey == KEY_UP)
 408              		.loc 1 217 0
 409 0236 0128     		cmp	r0, #1
 410 0238 0BD1     		bne	.L38
 219:main.c        ****         if (cursor > 0)
 411              		.loc 1 219 0
 412 023a 1A49     		ldr	r1, .L52
 413 023c 8B1C     		add	r3, r1, #2
 414 023e DA7F     		ldrb	r2, [r3, #31]
 415 0240 002A     		cmp	r2, #0
 416 0242 01D0     		beq	.L39
 220:main.c        ****           cursor--;
 417              		.loc 1 220 0
 418 0244 013A     		sub	r2, r2, #1
 419 0246 00E0     		b	.L48
 420              	.L39:
 222:main.c        ****           cursor = MAIN_MENU_ROWS-1;
 421              		.loc 1 222 0
 422 0248 0622     		mov	r2, #6
 423              	.L48:
ARM GAS  C:\Users\KOZLOV~1\AppData\Local\Temp\cczth1rZ.s 			page 15


 424 024a DA77     		strb	r2, [r3, #31]
 223:main.c        ****         drawMenuCursor(cursor);
 425              		.loc 1 223 0
 426 024c 0231     		add	r1, r1, #2
 427 024e C87F     		ldrb	r0, [r1, #31]
 428              	.LVL11:
 429 0250 0AE0     		b	.L50
 430              	.LVL12:
 431              	.L38:
 227:main.c        ****       else if (anyKey == KEY_DOWN)
 432              		.loc 1 227 0
 433 0252 0428     		cmp	r0, #4
 434 0254 0BD1     		bne	.L41
 229:main.c        ****         if (cursor < MAIN_MENU_ROWS-1)
 435              		.loc 1 229 0
 436 0256 E37F     		ldrb	r3, [r4, #31]
 437 0258 052B     		cmp	r3, #5
 438 025a 01D8     		bhi	.L42
 230:main.c        ****           cursor++;
 439              		.loc 1 230 0
 440 025c 0133     		add	r3, r3, #1
 441 025e 00E0     		b	.L49
 442              	.L42:
 232:main.c        ****           cursor = 0;
 443              		.loc 1 232 0
 444 0260 0023     		mov	r3, #0
 445              	.L49:
 446 0262 E377     		strb	r3, [r4, #31]
 233:main.c        ****         drawMenuCursor(cursor);
 447              		.loc 1 233 0
 448 0264 AB1C     		add	r3, r5, #2
 449 0266 D87F     		ldrb	r0, [r3, #31]
 450              	.LVL13:
 451              	.L50:
 452 0268 FFF750FF 		bl	drawMenuCursor
 453 026c 16E0     		b	.L28
 454              	.LVL14:
 455              	.L41:
 237:main.c        ****       else if (anyKey == KEY_RIGHT)
 456              		.loc 1 237 0
 457 026e 0228     		cmp	r0, #2
 458 0270 09D1     		bne	.L44
 239:main.c        ****         contrast++;
 459              		.loc 1 239 0
 460 0272 0D4B     		ldr	r3, .L52+4
 461 0274 1A78     		ldrb	r2, [r3]
 462 0276 0132     		add	r2, r2, #1
 463 0278 1206     		lsl	r2, r2, #24
 464 027a 120E     		lsr	r2, r2, #24
 465 027c 1A70     		strb	r2, [r3]
 240:main.c        ****         if (contrast > 127)
 466              		.loc 1 240 0
 467 027e 1206     		lsl	r2, r2, #24
 468 0280 09D5     		bpl	.L46
 241:main.c        ****           contrast = 127;
 469              		.loc 1 241 0
 470 0282 7F22     		mov	r2, #127
ARM GAS  C:\Users\KOZLOV~1\AppData\Local\Temp\cczth1rZ.s 			page 16


 471 0284 06E0     		b	.L51
 472              	.L44:
 244:main.c        ****       else if (anyKey == KEY_LEFT)
 473              		.loc 1 244 0
 474 0286 0828     		cmp	r0, #8
 475 0288 08D1     		bne	.L28
 246:main.c        ****         if (contrast > 0)
 476              		.loc 1 246 0
 477 028a 074B     		ldr	r3, .L52+4
 478 028c 1A78     		ldrb	r2, [r3]
 479 028e 002A     		cmp	r2, #0
 480 0290 01D0     		beq	.L46
 247:main.c        ****           contrast--;
 481              		.loc 1 247 0
 482 0292 013A     		sub	r2, r2, #1
 483              	.L51:
 484 0294 1A70     		strb	r2, [r3]
 485              	.L46:
 248:main.c        ****         lcdContrast(contrast);
 486              		.loc 1 248 0
 487 0296 1878     		ldrb	r0, [r3]
 488              	.LVL15:
 489 0298 FFF7FEFF 		bl	lcdContrast
 490              	.L28:
 265:main.c        ****     osSleep(20);
 491              		.loc 1 265 0
 492 029c 1420     		mov	r0, #20
 493 029e FFF7FEFF 		bl	osSleep
 494              	.LBE2:
 266:main.c        ****   }
 495              		.loc 1 266 0
 496 02a2 A4E7     		b	.L47
 497              	.L53:
 498              		.align	2
 499              	.L52:
 500 02a4 00030000 		.word	.LANCHOR1
 501 02a8 00000000 		.word	.LANCHOR2
 502              		.cfi_endproc
 503              	.LFE3:
 504              		.size	proc1, .-proc1
 505              		.section	.text.startup,"ax",%progbits
 506              		.align	1
 507              		.global	main
 508              		.code	16
 509              		.thumb_func
 510              		.type	main, %function
 511              	main:
 512              	.LFB0:
  87:main.c        **** {
 513              		.loc 1 87 0
 514              		.cfi_startproc
 515 0000 7FB5     		push	{r0, r1, r2, r3, r4, r5, r6, lr}
 516              	.LCFI4:
 517              		.cfi_def_cfa_offset 32
 518              		.cfi_offset 0, -32
 519              		.cfi_offset 1, -28
 520              		.cfi_offset 2, -24
ARM GAS  C:\Users\KOZLOV~1\AppData\Local\Temp\cczth1rZ.s 			page 17


 521              		.cfi_offset 3, -20
 522              		.cfi_offset 4, -16
 523              		.cfi_offset 5, -12
 524              		.cfi_offset 6, -8
 525              		.cfi_offset 14, -4
  91:main.c        ****   osInit();
 526              		.loc 1 91 0
 527 0002 FFF7FEFF 		bl	osInit
  96:main.c        ****   osCreateProcess(initProc, initStack, INIT_STACK_SIZE, &pid, 1, NULL, &error);
 528              		.loc 1 96 0
 529 0006 6C46     		mov	r4, sp
  94:main.c        ****   immediateIoInit();
 530              		.loc 1 94 0
 531 0008 FFF7FEFF 		bl	immediateIoInit
  96:main.c        ****   osCreateProcess(initProc, initStack, INIT_STACK_SIZE, &pid, 1, NULL, &error);
 532              		.loc 1 96 0
 533 000c 0D49     		ldr	r1, .L55
 534 000e 0F34     		add	r4, r4, #15
 535 0010 0123     		mov	r3, #1
 536 0012 6D46     		mov	r5, sp
 537 0014 9622     		mov	r2, #150
 538 0016 9200     		lsl	r2, r2, #2
 539 0018 0093     		str	r3, [sp]
 540 001a 0026     		mov	r6, #0
 541 001c 231C     		mov	r3, r4
 542 001e 0E35     		add	r5, r5, #14
 543 0020 0948     		ldr	r0, .L55+4
 544 0022 2231     		add	r1, r1, #34
 545 0024 0196     		str	r6, [sp, #4]
 546 0026 0295     		str	r5, [sp, #8]
 547 0028 FFF7FEFF 		bl	osCreateProcess
 548              	.LVL16:
  97:main.c        ****   osStartProcess(pid, &error);
 549              		.loc 1 97 0
 550 002c 2078     		ldrb	r0, [r4]
 551              	.LVL17:
 552 002e 291C     		mov	r1, r5
 553 0030 FFF7FEFF 		bl	osStartProcess
  99:main.c        ****   osStart();
 554              		.loc 1 99 0
 555 0034 FFF7FEFF 		bl	osStart
 101:main.c        **** }
 556              		.loc 1 101 0
 557 0038 301C     		mov	r0, r6
 558 003a 04B0     		add	sp, sp, #16
 559              		@ sp needed for prologue
 560 003c 70BC     		pop	{r4, r5, r6}
 561 003e 02BC     		pop	{r1}
 562 0040 0847     		bx	r1
 563              	.L56:
 564 0042 C046     		.align	2
 565              	.L55:
 566 0044 00030000 		.word	.LANCHOR1
 567 0048 00000000 		.word	initProc
 568              		.cfi_endproc
 569              	.LFE0:
 570              		.size	main, .-main
ARM GAS  C:\Users\KOZLOV~1\AppData\Local\Temp\cczth1rZ.s 			page 18


 571              		.text
 572              		.align	1
 573              		.global	appTick
 574              		.code	16
 575              		.thumb_func
 576              		.type	appTick, %function
 577              	appTick:
 578              	.LFB5:
 323:main.c        **** 
 324:main.c        **** /*****************************************************************************
 325:main.c        ****  *
 326:main.c        ****  * Description:
 327:main.c        ****  *    The timer tick entry function that is called once every timer tick
 328:main.c        ****  *    interrupt in the RTOS. Observe that any processing in this
 329:main.c        ****  *    function must be kept as short as possible since this function
 330:main.c        ****  *    execute in interrupt context.
 331:main.c        ****  *
 332:main.c        ****  * Params:
 333:main.c        ****  *    [in] elapsedTime - The number of elapsed milliseconds since last call.
 334:main.c        ****  *
 335:main.c        ****  ****************************************************************************/
 336:main.c        **** void
 337:main.c        **** appTick(tU32 elapsedTime)
 338:main.c        **** {
 579              		.loc 1 338 0
 580              		.cfi_startproc
 581              	.LVL18:
 339:main.c        ****   ms += elapsedTime;
 582              		.loc 1 339 0
 583 02ac 024B     		ldr	r3, .L58
 584 02ae 1A68     		ldr	r2, [r3]
 585 02b0 8018     		add	r0, r0, r2
 586              	.LVL19:
 587 02b2 1860     		str	r0, [r3]
 340:main.c        **** }
 588              		.loc 1 340 0
 589              		@ sp needed for prologue
 590 02b4 7047     		bx	lr
 591              	.L59:
 592 02b6 C046     		.align	2
 593              	.L58:
 594 02b8 00000000 		.word	ms
 595              		.cfi_endproc
 596              	.LFE5:
 597              		.size	appTick, .-appTick
 598              		.comm	ms,4,4
 599              		.section	.rodata.str1.1,"aMS",%progbits,1
 600              	.LC0:
 601 0000 0A2A2A2A 		.ascii	"\012***********************************************"
 601      2A2A2A2A 
 601      2A2A2A2A 
 601      2A2A2A2A 
 601      2A2A2A2A 
 602 0030 2A2A2A2A 		.ascii	"**********\000"
 602      2A2A2A2A 
 602      2A2A00
 603              	.LC2:
ARM GAS  C:\Users\KOZLOV~1\AppData\Local\Temp\cczth1rZ.s 			page 19


 604 003b 0A2A2020 		.ascii	"\012*                                              "
 604      20202020 
 604      20202020 
 604      20202020 
 604      20202020 
 605 006b 20202020 		.ascii	"         *\000"
 605      20202020 
 605      202A00
 606              	.LC4:
 607 0076 0A2A2057 		.ascii	"\012* Welcome to Embedded Artists' summer promotion"
 607      656C636F 
 607      6D652074 
 607      6F20456D 
 607      62656464 
 608 00a6 20626F61 		.ascii	" board;  *\000"
 608      72643B20 
 608      202A00
 609              	.LC6:
 610 00b1 0A2A2020 		.ascii	"\012*   'LPC2104 Color LCD Game Board with Bluetoot"
 610      20274C50 
 610      43323130 
 610      3420436F 
 610      6C6F7220 
 611 00e1 68272020 		.ascii	"h'       *\000"
 611      20202020 
 611      202A00
 612              	.LC8:
 613 00ec 0A2A2069 		.ascii	"\012* in cooperation with Future Electronics and Ph"
 613      6E20636F 
 613      6F706572 
 613      6174696F 
 613      6E207769 
 614 011c 696C6970 		.ascii	"ilips.   *\000"
 614      732E2020 
 614      202A00
 615              	.LC10:
 616 0127 0A2A2042 		.ascii	"\012* Boards with embedded JTAG includes J-link(tm)"
 616      6F617264 
 616      73207769 
 616      74682065 
 616      6D626564 
 617 0157 20202020 		.ascii	"         *\000"
 617      20202020 
 617      202A00
 618              	.LC12:
 619 0162 0A2A2074 		.ascii	"\012* technology from Segger.                      "
 619      6563686E 
 619      6F6C6F67 
 619      79206672 
 619      6F6D2053 
 620 0192 20202020 		.ascii	"         *\000"
 620      20202020 
 620      202A00
 621              	.LC14:
 622 019d 0A2A2050 		.ascii	"\012* Program version:  %d.%d                      "
 622      726F6772 
 622      616D2076 
ARM GAS  C:\Users\KOZLOV~1\AppData\Local\Temp\cczth1rZ.s 			page 20


 622      65727369 
 622      6F6E3A20 
 623 01cd 20202020 		.ascii	"           *\000"
 623      20202020 
 623      2020202A 
 623      00
 624              	.LC16:
 625 01da 0A2A2050 		.ascii	"\012* Program date:     %s                         "
 625      726F6772 
 625      616D2064 
 625      6174653A 
 625      20202020 
 626 020a 202A00   		.ascii	" *\000"
 627              	.LC18:
 628 020d 32303036 		.ascii	"2006-08-07\000"
 628      2D30382D 
 628      303700
 629              	.LC21:
 630 0218 0A2A2048 		.ascii	"\012* Hardware version: 1.0                        "
 630      61726477 
 630      61726520 
 630      76657273 
 630      696F6E3A 
 631 0248 20202020 		.ascii	"         *\000"
 631      20202020 
 631      202A00
 632              	.LC24:
 633 0253 0A2A2048 		.ascii	"\012* Hardware version: 1.1                        "
 633      61726477 
 633      61726520 
 633      76657273 
 633      696F6E3A 
 634 0283 20202020 		.ascii	"         *\000"
 634      20202020 
 634      202A00
 635              	.LC26:
 636 028e 0A2A2043 		.ascii	"\012* Compiled with GCC                            "
 636      6F6D7069 
 636      6C656420 
 636      77697468 
 636      20474343 
 637 02be 20202020 		.ascii	"         *\000"
 637      20202020 
 637      202A00
 638              	.LC28:
 639 02c9 0A2A2028 		.ascii	"\012* (C) Embedded Artists AB, 2006                "
 639      43292045 
 639      6D626564 
 639      64656420 
 639      41727469 
 640 02f9 20202020 		.ascii	"         *\000"
 640      20202020 
 640      202A00
 641              	.LC30:
 642 0304 0A2A2A2A 		.ascii	"\012***********************************************"
 642      2A2A2A2A 
 642      2A2A2A2A 
ARM GAS  C:\Users\KOZLOV~1\AppData\Local\Temp\cczth1rZ.s 			page 21


 642      2A2A2A2A 
 642      2A2A2A2A 
 643 0334 2A2A2A2A 		.ascii	"**********\012\000"
 643      2A2A2A2A 
 643      2A2A0A00 
 644              	.LC37:
 645 0340 426C6F63 		.ascii	"Blocks\000"
 645      6B7300
 646              	.LC39:
 647 0347 536E616B 		.ascii	"Snake\000"
 647      6500
 648              	.LC41:
 649 034d 50696E67 		.ascii	"Ping-Pong\000"
 649      2D506F6E 
 649      6700
 650              	.LC43:
 651 0357 426C7565 		.ascii	"Bluetooth\000"
 651      746F6F74 
 651      6800
 652              	.LC45:
 653 0361 54696354 		.ascii	"TicTacToe\000"
 653      6163546F 
 653      6500
 654              	.LC47:
 655 036b 52656163 		.ascii	"React-Game\000"
 655      742D4761 
 655      6D6500
 656              	.LC49:
 657 0376 4D454E55 		.ascii	"MENU\000"
 657      00
 658              		.data
 659              		.set	.LANCHOR2,. + 0
 660              		.type	contrast, %object
 661              		.size	contrast, 1
 662              	contrast:
 663 0000 38       		.byte	56
 664              		.bss
 665              		.set	.LANCHOR0,. + 0
 666              		.set	.LANCHOR1,. + 768
 667              		.type	proc1Stack, %object
 668              		.size	proc1Stack, 800
 669              	proc1Stack:
 670 0000 00000000 		.space	800
 670      00000000 
 670      00000000 
 670      00000000 
 670      00000000 
 671              		.type	pid1, %object
 672              		.size	pid1, 1
 673              	pid1:
 674 0320 00       		.space	1
 675              		.type	cursor, %object
 676              		.size	cursor, 1
 677              	cursor:
 678 0321 00       		.space	1
 679              		.type	initStack, %object
 680              		.size	initStack, 600
ARM GAS  C:\Users\KOZLOV~1\AppData\Local\Temp\cczth1rZ.s 			page 22


 681              	initStack:
 682 0322 00000000 		.space	600
 682      00000000 
 682      00000000 
 682      00000000 
 682      00000000 
 683              		.text
 684              	.Letext0:
 685              		.file 2 "./startup/../pre_emptive_os/api/../api/general.h"
 686              		.file 3 "hw.h"
 687              		.section	.debug_info,"",%progbits
 688              	.Ldebug_info0:
 689 0000 71020000 		.4byte	0x271
 690 0004 0200     		.2byte	0x2
 691 0006 00000000 		.4byte	.Ldebug_abbrev0
 692 000a 04       		.byte	0x4
 693 000b 01       		.uleb128 0x1
 694 000c 46000000 		.4byte	.LASF25
 695 0010 01       		.byte	0x1
 696 0011 D0000000 		.4byte	.LASF26
 697 0015 F7000000 		.4byte	.LASF27
 698 0019 00000000 		.4byte	0
 699 001d 00000000 		.4byte	0
 700 0021 00000000 		.4byte	.Ldebug_ranges0+0
 701 0025 00000000 		.4byte	.Ldebug_line0
 702 0029 02       		.uleb128 0x2
 703 002a 74553800 		.ascii	"tU8\000"
 704 002e 02       		.byte	0x2
 705 002f 47       		.byte	0x47
 706 0030 34000000 		.4byte	0x34
 707 0034 03       		.uleb128 0x3
 708 0035 01       		.byte	0x1
 709 0036 08       		.byte	0x8
 710 0037 13000000 		.4byte	.LASF0
 711 003b 03       		.uleb128 0x3
 712 003c 02       		.byte	0x2
 713 003d 07       		.byte	0x7
 714 003e 33000000 		.4byte	.LASF1
 715 0042 04       		.uleb128 0x4
 716 0043 2C010000 		.4byte	.LASF2
 717 0047 02       		.byte	0x2
 718 0048 49       		.byte	0x49
 719 0049 4D000000 		.4byte	0x4d
 720 004d 03       		.uleb128 0x3
 721 004e 04       		.byte	0x4
 722 004f 07       		.byte	0x7
 723 0050 73000000 		.4byte	.LASF3
 724 0054 03       		.uleb128 0x3
 725 0055 01       		.byte	0x1
 726 0056 06       		.byte	0x6
 727 0057 3A010000 		.4byte	.LASF4
 728 005b 03       		.uleb128 0x3
 729 005c 02       		.byte	0x2
 730 005d 05       		.byte	0x5
 731 005e 22010000 		.4byte	.LASF5
 732 0062 05       		.uleb128 0x5
 733 0063 04       		.byte	0x4
ARM GAS  C:\Users\KOZLOV~1\AppData\Local\Temp\cczth1rZ.s 			page 23


 734 0064 05       		.byte	0x5
 735 0065 696E7400 		.ascii	"int\000"
 736 0069 04       		.uleb128 0x4
 737 006a 46010000 		.4byte	.LASF6
 738 006e 02       		.byte	0x2
 739 006f 4D       		.byte	0x4d
 740 0070 34000000 		.4byte	0x34
 741 0074 03       		.uleb128 0x3
 742 0075 04       		.byte	0x4
 743 0076 07       		.byte	0x7
 744 0077 21000000 		.4byte	.LASF7
 745 007b 06       		.uleb128 0x6
 746 007c 04       		.byte	0x4
 747 007d 03       		.uleb128 0x3
 748 007e 08       		.byte	0x8
 749 007f 05       		.byte	0x5
 750 0080 C2000000 		.4byte	.LASF8
 751 0084 03       		.uleb128 0x3
 752 0085 08       		.byte	0x8
 753 0086 07       		.byte	0x7
 754 0087 8C000000 		.4byte	.LASF9
 755 008b 03       		.uleb128 0x3
 756 008c 04       		.byte	0x4
 757 008d 05       		.byte	0x5
 758 008e 31010000 		.4byte	.LASF10
 759 0092 03       		.uleb128 0x3
 760 0093 01       		.byte	0x1
 761 0094 08       		.byte	0x8
 762 0095 D7000000 		.4byte	.LASF11
 763 0099 07       		.uleb128 0x7
 764 009a B3000000 		.4byte	.LASF12
 765 009e 01       		.byte	0x1
 766 009f 1801     		.2byte	0x118
 767 00a1 01       		.byte	0x1
 768 00a2 00000000 		.4byte	.LFB4
 769 00a6 0C010000 		.4byte	.LFE4
 770 00aa 00000000 		.4byte	.LLST0
 771 00ae D2000000 		.4byte	0xd2
 772 00b2 08       		.uleb128 0x8
 773 00b3 61726700 		.ascii	"arg\000"
 774 00b7 01       		.byte	0x1
 775 00b8 1801     		.2byte	0x118
 776 00ba 7B000000 		.4byte	0x7b
 777 00be 20000000 		.4byte	.LLST1
 778 00c2 09       		.uleb128 0x9
 779 00c3 BC000000 		.4byte	.LASF15
 780 00c7 01       		.byte	0x1
 781 00c8 1A01     		.2byte	0x11a
 782 00ca 29000000 		.4byte	0x29
 783 00ce 02       		.byte	0x2
 784 00cf 91       		.byte	0x91
 785 00d0 73       		.sleb128 -13
 786 00d1 00       		.byte	0
 787 00d2 0A       		.uleb128 0xa
 788 00d3 52000000 		.4byte	.LASF13
 789 00d7 01       		.byte	0x1
 790 00d8 72       		.byte	0x72
ARM GAS  C:\Users\KOZLOV~1\AppData\Local\Temp\cczth1rZ.s 			page 24


 791 00d9 01       		.byte	0x1
 792 00da 0C010000 		.4byte	.LFB1
 793 00de 7C010000 		.4byte	.LFE1
 794 00e2 33000000 		.4byte	.LLST2
 795 00e6 09010000 		.4byte	0x109
 796 00ea 0B       		.uleb128 0xb
 797 00eb 66000000 		.4byte	.LASF14
 798 00ef 01       		.byte	0x1
 799 00f0 72       		.byte	0x72
 800 00f1 29000000 		.4byte	0x29
 801 00f5 53000000 		.4byte	.LLST3
 802 00f9 0C       		.uleb128 0xc
 803 00fa 726F7700 		.ascii	"row\000"
 804 00fe 01       		.byte	0x1
 805 00ff 74       		.byte	0x74
 806 0100 42000000 		.4byte	0x42
 807 0104 66000000 		.4byte	.LLST4
 808 0108 00       		.byte	0
 809 0109 0D       		.uleb128 0xd
 810 010a AA000000 		.4byte	.LASF28
 811 010e 01       		.byte	0x1
 812 010f 93       		.byte	0x93
 813 0110 01       		.byte	0x1
 814 0111 7C010000 		.4byte	.LFB2
 815 0115 D8010000 		.4byte	.LFE2
 816 0119 85000000 		.4byte	.LLST5
 817 011d 0A       		.uleb128 0xa
 818 011e 6D000000 		.4byte	.LASF16
 819 0122 01       		.byte	0x1
 820 0123 AC       		.byte	0xac
 821 0124 01       		.byte	0x1
 822 0125 D8010000 		.4byte	.LFB3
 823 0129 AC020000 		.4byte	.LFE3
 824 012d A5000000 		.4byte	.LLST6
 825 0131 68010000 		.4byte	0x168
 826 0135 0E       		.uleb128 0xe
 827 0136 61726700 		.ascii	"arg\000"
 828 013a 01       		.byte	0x1
 829 013b AC       		.byte	0xac
 830 013c 7B000000 		.4byte	0x7b
 831 0140 C5000000 		.4byte	.LLST7
 832 0144 0F       		.uleb128 0xf
 833 0145 EA010000 		.4byte	.LBB2
 834 0149 A2020000 		.4byte	.LBE2
 835 014d 10       		.uleb128 0x10
 836 014e A3000000 		.4byte	.LASF17
 837 0152 01       		.byte	0x1
 838 0153 C0       		.byte	0xc0
 839 0154 29000000 		.4byte	0x29
 840 0158 D8000000 		.4byte	.LLST8
 841 015c 11       		.uleb128 0x11
 842 015d 6900     		.ascii	"i\000"
 843 015f 01       		.byte	0x1
 844 0160 C1       		.byte	0xc1
 845 0161 29000000 		.4byte	0x29
 846 0165 00       		.byte	0
 847 0166 00       		.byte	0
ARM GAS  C:\Users\KOZLOV~1\AppData\Local\Temp\cczth1rZ.s 			page 25


 848 0167 00       		.byte	0
 849 0168 12       		.uleb128 0x12
 850 0169 01       		.byte	0x1
 851 016a 61000000 		.4byte	.LASF29
 852 016e 01       		.byte	0x1
 853 016f 56       		.byte	0x56
 854 0170 01       		.byte	0x1
 855 0171 62000000 		.4byte	0x62
 856 0175 00000000 		.4byte	.LFB0
 857 0179 4C000000 		.4byte	.LFE0
 858 017d 0C010000 		.4byte	.LLST9
 859 0181 A3010000 		.4byte	0x1a3
 860 0185 13       		.uleb128 0x13
 861 0186 BC000000 		.4byte	.LASF15
 862 018a 01       		.byte	0x1
 863 018b 58       		.byte	0x58
 864 018c 29000000 		.4byte	0x29
 865 0190 02       		.byte	0x2
 866 0191 91       		.byte	0x91
 867 0192 6E       		.sleb128 -18
 868 0193 0C       		.uleb128 0xc
 869 0194 70696400 		.ascii	"pid\000"
 870 0198 01       		.byte	0x1
 871 0199 59       		.byte	0x59
 872 019a 29000000 		.4byte	0x29
 873 019e 2C010000 		.4byte	.LLST10
 874 01a2 00       		.byte	0
 875 01a3 14       		.uleb128 0x14
 876 01a4 01       		.byte	0x1
 877 01a5 EA000000 		.4byte	.LASF30
 878 01a9 01       		.byte	0x1
 879 01aa 5101     		.2byte	0x151
 880 01ac 01       		.byte	0x1
 881 01ad AC020000 		.4byte	.LFB5
 882 01b1 BC020000 		.4byte	.LFE5
 883 01b5 02       		.byte	0x2
 884 01b6 7D       		.byte	0x7d
 885 01b7 00       		.sleb128 0
 886 01b8 CD010000 		.4byte	0x1cd
 887 01bc 15       		.uleb128 0x15
 888 01bd 80000000 		.4byte	.LASF18
 889 01c1 01       		.byte	0x1
 890 01c2 5101     		.2byte	0x151
 891 01c4 42000000 		.4byte	0x42
 892 01c8 40010000 		.4byte	.LLST11
 893 01cc 00       		.byte	0
 894 01cd 16       		.uleb128 0x16
 895 01ce 29000000 		.4byte	0x29
 896 01d2 DE010000 		.4byte	0x1de
 897 01d6 17       		.uleb128 0x17
 898 01d7 74000000 		.4byte	0x74
 899 01db 1F03     		.2byte	0x31f
 900 01dd 00       		.byte	0
 901 01de 13       		.uleb128 0x13
 902 01df 4C010000 		.4byte	.LASF19
 903 01e3 01       		.byte	0x1
 904 01e4 40       		.byte	0x40
ARM GAS  C:\Users\KOZLOV~1\AppData\Local\Temp\cczth1rZ.s 			page 26


 905 01e5 CD010000 		.4byte	0x1cd
 906 01e9 05       		.byte	0x5
 907 01ea 03       		.byte	0x3
 908 01eb 00000000 		.4byte	proc1Stack
 909 01ef 16       		.uleb128 0x16
 910 01f0 29000000 		.4byte	0x29
 911 01f4 00020000 		.4byte	0x200
 912 01f8 17       		.uleb128 0x17
 913 01f9 74000000 		.4byte	0x74
 914 01fd 5702     		.2byte	0x257
 915 01ff 00       		.byte	0
 916 0200 13       		.uleb128 0x13
 917 0201 09000000 		.4byte	.LASF20
 918 0205 01       		.byte	0x1
 919 0206 41       		.byte	0x41
 920 0207 EF010000 		.4byte	0x1ef
 921 020b 05       		.byte	0x5
 922 020c 03       		.byte	0x3
 923 020d 22030000 		.4byte	initStack
 924 0211 13       		.uleb128 0x13
 925 0212 F2000000 		.4byte	.LASF21
 926 0216 01       		.byte	0x1
 927 0217 42       		.byte	0x42
 928 0218 29000000 		.4byte	0x29
 929 021c 05       		.byte	0x5
 930 021d 03       		.byte	0x3
 931 021e 20030000 		.4byte	pid1
 932 0222 13       		.uleb128 0x13
 933 0223 00000000 		.4byte	.LASF22
 934 0227 01       		.byte	0x1
 935 0228 44       		.byte	0x44
 936 0229 29000000 		.4byte	0x29
 937 022d 05       		.byte	0x5
 938 022e 03       		.byte	0x3
 939 022f 00000000 		.4byte	contrast
 940 0233 13       		.uleb128 0x13
 941 0234 66000000 		.4byte	.LASF14
 942 0238 01       		.byte	0x1
 943 0239 45       		.byte	0x45
 944 023a 29000000 		.4byte	0x29
 945 023e 05       		.byte	0x5
 946 023f 03       		.byte	0x3
 947 0240 21030000 		.4byte	cursor
 948 0244 18       		.uleb128 0x18
 949 0245 DC000000 		.4byte	.LASF23
 950 0249 03       		.byte	0x3
 951 024a 21       		.byte	0x21
 952 024b 69000000 		.4byte	0x69
 953 024f 01       		.byte	0x1
 954 0250 01       		.byte	0x1
 955 0251 18       		.uleb128 0x18
 956 0252 E3000000 		.4byte	.LASF24
 957 0256 03       		.byte	0x3
 958 0257 22       		.byte	0x22
 959 0258 69000000 		.4byte	0x69
 960 025c 01       		.byte	0x1
 961 025d 01       		.byte	0x1
ARM GAS  C:\Users\KOZLOV~1\AppData\Local\Temp\cczth1rZ.s 			page 27


 962 025e 19       		.uleb128 0x19
 963 025f 6D7300   		.ascii	"ms\000"
 964 0262 01       		.byte	0x1
 965 0263 3A       		.byte	0x3a
 966 0264 6F020000 		.4byte	0x26f
 967 0268 01       		.byte	0x1
 968 0269 05       		.byte	0x5
 969 026a 03       		.byte	0x3
 970 026b 00000000 		.4byte	ms
 971 026f 1A       		.uleb128 0x1a
 972 0270 42000000 		.4byte	0x42
 973 0274 00       		.byte	0
 974              		.section	.debug_abbrev,"",%progbits
 975              	.Ldebug_abbrev0:
 976 0000 01       		.uleb128 0x1
 977 0001 11       		.uleb128 0x11
 978 0002 01       		.byte	0x1
 979 0003 25       		.uleb128 0x25
 980 0004 0E       		.uleb128 0xe
 981 0005 13       		.uleb128 0x13
 982 0006 0B       		.uleb128 0xb
 983 0007 03       		.uleb128 0x3
 984 0008 0E       		.uleb128 0xe
 985 0009 1B       		.uleb128 0x1b
 986 000a 0E       		.uleb128 0xe
 987 000b 11       		.uleb128 0x11
 988 000c 01       		.uleb128 0x1
 989 000d 52       		.uleb128 0x52
 990 000e 01       		.uleb128 0x1
 991 000f 55       		.uleb128 0x55
 992 0010 06       		.uleb128 0x6
 993 0011 10       		.uleb128 0x10
 994 0012 06       		.uleb128 0x6
 995 0013 00       		.byte	0
 996 0014 00       		.byte	0
 997 0015 02       		.uleb128 0x2
 998 0016 16       		.uleb128 0x16
 999 0017 00       		.byte	0
 1000 0018 03       		.uleb128 0x3
 1001 0019 08       		.uleb128 0x8
 1002 001a 3A       		.uleb128 0x3a
 1003 001b 0B       		.uleb128 0xb
 1004 001c 3B       		.uleb128 0x3b
 1005 001d 0B       		.uleb128 0xb
 1006 001e 49       		.uleb128 0x49
 1007 001f 13       		.uleb128 0x13
 1008 0020 00       		.byte	0
 1009 0021 00       		.byte	0
 1010 0022 03       		.uleb128 0x3
 1011 0023 24       		.uleb128 0x24
 1012 0024 00       		.byte	0
 1013 0025 0B       		.uleb128 0xb
 1014 0026 0B       		.uleb128 0xb
 1015 0027 3E       		.uleb128 0x3e
 1016 0028 0B       		.uleb128 0xb
 1017 0029 03       		.uleb128 0x3
 1018 002a 0E       		.uleb128 0xe
ARM GAS  C:\Users\KOZLOV~1\AppData\Local\Temp\cczth1rZ.s 			page 28


 1019 002b 00       		.byte	0
 1020 002c 00       		.byte	0
 1021 002d 04       		.uleb128 0x4
 1022 002e 16       		.uleb128 0x16
 1023 002f 00       		.byte	0
 1024 0030 03       		.uleb128 0x3
 1025 0031 0E       		.uleb128 0xe
 1026 0032 3A       		.uleb128 0x3a
 1027 0033 0B       		.uleb128 0xb
 1028 0034 3B       		.uleb128 0x3b
 1029 0035 0B       		.uleb128 0xb
 1030 0036 49       		.uleb128 0x49
 1031 0037 13       		.uleb128 0x13
 1032 0038 00       		.byte	0
 1033 0039 00       		.byte	0
 1034 003a 05       		.uleb128 0x5
 1035 003b 24       		.uleb128 0x24
 1036 003c 00       		.byte	0
 1037 003d 0B       		.uleb128 0xb
 1038 003e 0B       		.uleb128 0xb
 1039 003f 3E       		.uleb128 0x3e
 1040 0040 0B       		.uleb128 0xb
 1041 0041 03       		.uleb128 0x3
 1042 0042 08       		.uleb128 0x8
 1043 0043 00       		.byte	0
 1044 0044 00       		.byte	0
 1045 0045 06       		.uleb128 0x6
 1046 0046 0F       		.uleb128 0xf
 1047 0047 00       		.byte	0
 1048 0048 0B       		.uleb128 0xb
 1049 0049 0B       		.uleb128 0xb
 1050 004a 00       		.byte	0
 1051 004b 00       		.byte	0
 1052 004c 07       		.uleb128 0x7
 1053 004d 2E       		.uleb128 0x2e
 1054 004e 01       		.byte	0x1
 1055 004f 03       		.uleb128 0x3
 1056 0050 0E       		.uleb128 0xe
 1057 0051 3A       		.uleb128 0x3a
 1058 0052 0B       		.uleb128 0xb
 1059 0053 3B       		.uleb128 0x3b
 1060 0054 05       		.uleb128 0x5
 1061 0055 27       		.uleb128 0x27
 1062 0056 0C       		.uleb128 0xc
 1063 0057 11       		.uleb128 0x11
 1064 0058 01       		.uleb128 0x1
 1065 0059 12       		.uleb128 0x12
 1066 005a 01       		.uleb128 0x1
 1067 005b 40       		.uleb128 0x40
 1068 005c 06       		.uleb128 0x6
 1069 005d 01       		.uleb128 0x1
 1070 005e 13       		.uleb128 0x13
 1071 005f 00       		.byte	0
 1072 0060 00       		.byte	0
 1073 0061 08       		.uleb128 0x8
 1074 0062 05       		.uleb128 0x5
 1075 0063 00       		.byte	0
ARM GAS  C:\Users\KOZLOV~1\AppData\Local\Temp\cczth1rZ.s 			page 29


 1076 0064 03       		.uleb128 0x3
 1077 0065 08       		.uleb128 0x8
 1078 0066 3A       		.uleb128 0x3a
 1079 0067 0B       		.uleb128 0xb
 1080 0068 3B       		.uleb128 0x3b
 1081 0069 05       		.uleb128 0x5
 1082 006a 49       		.uleb128 0x49
 1083 006b 13       		.uleb128 0x13
 1084 006c 02       		.uleb128 0x2
 1085 006d 06       		.uleb128 0x6
 1086 006e 00       		.byte	0
 1087 006f 00       		.byte	0
 1088 0070 09       		.uleb128 0x9
 1089 0071 34       		.uleb128 0x34
 1090 0072 00       		.byte	0
 1091 0073 03       		.uleb128 0x3
 1092 0074 0E       		.uleb128 0xe
 1093 0075 3A       		.uleb128 0x3a
 1094 0076 0B       		.uleb128 0xb
 1095 0077 3B       		.uleb128 0x3b
 1096 0078 05       		.uleb128 0x5
 1097 0079 49       		.uleb128 0x49
 1098 007a 13       		.uleb128 0x13
 1099 007b 02       		.uleb128 0x2
 1100 007c 0A       		.uleb128 0xa
 1101 007d 00       		.byte	0
 1102 007e 00       		.byte	0
 1103 007f 0A       		.uleb128 0xa
 1104 0080 2E       		.uleb128 0x2e
 1105 0081 01       		.byte	0x1
 1106 0082 03       		.uleb128 0x3
 1107 0083 0E       		.uleb128 0xe
 1108 0084 3A       		.uleb128 0x3a
 1109 0085 0B       		.uleb128 0xb
 1110 0086 3B       		.uleb128 0x3b
 1111 0087 0B       		.uleb128 0xb
 1112 0088 27       		.uleb128 0x27
 1113 0089 0C       		.uleb128 0xc
 1114 008a 11       		.uleb128 0x11
 1115 008b 01       		.uleb128 0x1
 1116 008c 12       		.uleb128 0x12
 1117 008d 01       		.uleb128 0x1
 1118 008e 40       		.uleb128 0x40
 1119 008f 06       		.uleb128 0x6
 1120 0090 01       		.uleb128 0x1
 1121 0091 13       		.uleb128 0x13
 1122 0092 00       		.byte	0
 1123 0093 00       		.byte	0
 1124 0094 0B       		.uleb128 0xb
 1125 0095 05       		.uleb128 0x5
 1126 0096 00       		.byte	0
 1127 0097 03       		.uleb128 0x3
 1128 0098 0E       		.uleb128 0xe
 1129 0099 3A       		.uleb128 0x3a
 1130 009a 0B       		.uleb128 0xb
 1131 009b 3B       		.uleb128 0x3b
 1132 009c 0B       		.uleb128 0xb
ARM GAS  C:\Users\KOZLOV~1\AppData\Local\Temp\cczth1rZ.s 			page 30


 1133 009d 49       		.uleb128 0x49
 1134 009e 13       		.uleb128 0x13
 1135 009f 02       		.uleb128 0x2
 1136 00a0 06       		.uleb128 0x6
 1137 00a1 00       		.byte	0
 1138 00a2 00       		.byte	0
 1139 00a3 0C       		.uleb128 0xc
 1140 00a4 34       		.uleb128 0x34
 1141 00a5 00       		.byte	0
 1142 00a6 03       		.uleb128 0x3
 1143 00a7 08       		.uleb128 0x8
 1144 00a8 3A       		.uleb128 0x3a
 1145 00a9 0B       		.uleb128 0xb
 1146 00aa 3B       		.uleb128 0x3b
 1147 00ab 0B       		.uleb128 0xb
 1148 00ac 49       		.uleb128 0x49
 1149 00ad 13       		.uleb128 0x13
 1150 00ae 02       		.uleb128 0x2
 1151 00af 06       		.uleb128 0x6
 1152 00b0 00       		.byte	0
 1153 00b1 00       		.byte	0
 1154 00b2 0D       		.uleb128 0xd
 1155 00b3 2E       		.uleb128 0x2e
 1156 00b4 00       		.byte	0
 1157 00b5 03       		.uleb128 0x3
 1158 00b6 0E       		.uleb128 0xe
 1159 00b7 3A       		.uleb128 0x3a
 1160 00b8 0B       		.uleb128 0xb
 1161 00b9 3B       		.uleb128 0x3b
 1162 00ba 0B       		.uleb128 0xb
 1163 00bb 27       		.uleb128 0x27
 1164 00bc 0C       		.uleb128 0xc
 1165 00bd 11       		.uleb128 0x11
 1166 00be 01       		.uleb128 0x1
 1167 00bf 12       		.uleb128 0x12
 1168 00c0 01       		.uleb128 0x1
 1169 00c1 40       		.uleb128 0x40
 1170 00c2 06       		.uleb128 0x6
 1171 00c3 00       		.byte	0
 1172 00c4 00       		.byte	0
 1173 00c5 0E       		.uleb128 0xe
 1174 00c6 05       		.uleb128 0x5
 1175 00c7 00       		.byte	0
 1176 00c8 03       		.uleb128 0x3
 1177 00c9 08       		.uleb128 0x8
 1178 00ca 3A       		.uleb128 0x3a
 1179 00cb 0B       		.uleb128 0xb
 1180 00cc 3B       		.uleb128 0x3b
 1181 00cd 0B       		.uleb128 0xb
 1182 00ce 49       		.uleb128 0x49
 1183 00cf 13       		.uleb128 0x13
 1184 00d0 02       		.uleb128 0x2
 1185 00d1 06       		.uleb128 0x6
 1186 00d2 00       		.byte	0
 1187 00d3 00       		.byte	0
 1188 00d4 0F       		.uleb128 0xf
 1189 00d5 0B       		.uleb128 0xb
ARM GAS  C:\Users\KOZLOV~1\AppData\Local\Temp\cczth1rZ.s 			page 31


 1190 00d6 01       		.byte	0x1
 1191 00d7 11       		.uleb128 0x11
 1192 00d8 01       		.uleb128 0x1
 1193 00d9 12       		.uleb128 0x12
 1194 00da 01       		.uleb128 0x1
 1195 00db 00       		.byte	0
 1196 00dc 00       		.byte	0
 1197 00dd 10       		.uleb128 0x10
 1198 00de 34       		.uleb128 0x34
 1199 00df 00       		.byte	0
 1200 00e0 03       		.uleb128 0x3
 1201 00e1 0E       		.uleb128 0xe
 1202 00e2 3A       		.uleb128 0x3a
 1203 00e3 0B       		.uleb128 0xb
 1204 00e4 3B       		.uleb128 0x3b
 1205 00e5 0B       		.uleb128 0xb
 1206 00e6 49       		.uleb128 0x49
 1207 00e7 13       		.uleb128 0x13
 1208 00e8 02       		.uleb128 0x2
 1209 00e9 06       		.uleb128 0x6
 1210 00ea 00       		.byte	0
 1211 00eb 00       		.byte	0
 1212 00ec 11       		.uleb128 0x11
 1213 00ed 34       		.uleb128 0x34
 1214 00ee 00       		.byte	0
 1215 00ef 03       		.uleb128 0x3
 1216 00f0 08       		.uleb128 0x8
 1217 00f1 3A       		.uleb128 0x3a
 1218 00f2 0B       		.uleb128 0xb
 1219 00f3 3B       		.uleb128 0x3b
 1220 00f4 0B       		.uleb128 0xb
 1221 00f5 49       		.uleb128 0x49
 1222 00f6 13       		.uleb128 0x13
 1223 00f7 1C       		.uleb128 0x1c
 1224 00f8 0B       		.uleb128 0xb
 1225 00f9 00       		.byte	0
 1226 00fa 00       		.byte	0
 1227 00fb 12       		.uleb128 0x12
 1228 00fc 2E       		.uleb128 0x2e
 1229 00fd 01       		.byte	0x1
 1230 00fe 3F       		.uleb128 0x3f
 1231 00ff 0C       		.uleb128 0xc
 1232 0100 03       		.uleb128 0x3
 1233 0101 0E       		.uleb128 0xe
 1234 0102 3A       		.uleb128 0x3a
 1235 0103 0B       		.uleb128 0xb
 1236 0104 3B       		.uleb128 0x3b
 1237 0105 0B       		.uleb128 0xb
 1238 0106 27       		.uleb128 0x27
 1239 0107 0C       		.uleb128 0xc
 1240 0108 49       		.uleb128 0x49
 1241 0109 13       		.uleb128 0x13
 1242 010a 11       		.uleb128 0x11
 1243 010b 01       		.uleb128 0x1
 1244 010c 12       		.uleb128 0x12
 1245 010d 01       		.uleb128 0x1
 1246 010e 40       		.uleb128 0x40
ARM GAS  C:\Users\KOZLOV~1\AppData\Local\Temp\cczth1rZ.s 			page 32


 1247 010f 06       		.uleb128 0x6
 1248 0110 01       		.uleb128 0x1
 1249 0111 13       		.uleb128 0x13
 1250 0112 00       		.byte	0
 1251 0113 00       		.byte	0
 1252 0114 13       		.uleb128 0x13
 1253 0115 34       		.uleb128 0x34
 1254 0116 00       		.byte	0
 1255 0117 03       		.uleb128 0x3
 1256 0118 0E       		.uleb128 0xe
 1257 0119 3A       		.uleb128 0x3a
 1258 011a 0B       		.uleb128 0xb
 1259 011b 3B       		.uleb128 0x3b
 1260 011c 0B       		.uleb128 0xb
 1261 011d 49       		.uleb128 0x49
 1262 011e 13       		.uleb128 0x13
 1263 011f 02       		.uleb128 0x2
 1264 0120 0A       		.uleb128 0xa
 1265 0121 00       		.byte	0
 1266 0122 00       		.byte	0
 1267 0123 14       		.uleb128 0x14
 1268 0124 2E       		.uleb128 0x2e
 1269 0125 01       		.byte	0x1
 1270 0126 3F       		.uleb128 0x3f
 1271 0127 0C       		.uleb128 0xc
 1272 0128 03       		.uleb128 0x3
 1273 0129 0E       		.uleb128 0xe
 1274 012a 3A       		.uleb128 0x3a
 1275 012b 0B       		.uleb128 0xb
 1276 012c 3B       		.uleb128 0x3b
 1277 012d 05       		.uleb128 0x5
 1278 012e 27       		.uleb128 0x27
 1279 012f 0C       		.uleb128 0xc
 1280 0130 11       		.uleb128 0x11
 1281 0131 01       		.uleb128 0x1
 1282 0132 12       		.uleb128 0x12
 1283 0133 01       		.uleb128 0x1
 1284 0134 40       		.uleb128 0x40
 1285 0135 0A       		.uleb128 0xa
 1286 0136 01       		.uleb128 0x1
 1287 0137 13       		.uleb128 0x13
 1288 0138 00       		.byte	0
 1289 0139 00       		.byte	0
 1290 013a 15       		.uleb128 0x15
 1291 013b 05       		.uleb128 0x5
 1292 013c 00       		.byte	0
 1293 013d 03       		.uleb128 0x3
 1294 013e 0E       		.uleb128 0xe
 1295 013f 3A       		.uleb128 0x3a
 1296 0140 0B       		.uleb128 0xb
 1297 0141 3B       		.uleb128 0x3b
 1298 0142 05       		.uleb128 0x5
 1299 0143 49       		.uleb128 0x49
 1300 0144 13       		.uleb128 0x13
 1301 0145 02       		.uleb128 0x2
 1302 0146 06       		.uleb128 0x6
 1303 0147 00       		.byte	0
ARM GAS  C:\Users\KOZLOV~1\AppData\Local\Temp\cczth1rZ.s 			page 33


 1304 0148 00       		.byte	0
 1305 0149 16       		.uleb128 0x16
 1306 014a 01       		.uleb128 0x1
 1307 014b 01       		.byte	0x1
 1308 014c 49       		.uleb128 0x49
 1309 014d 13       		.uleb128 0x13
 1310 014e 01       		.uleb128 0x1
 1311 014f 13       		.uleb128 0x13
 1312 0150 00       		.byte	0
 1313 0151 00       		.byte	0
 1314 0152 17       		.uleb128 0x17
 1315 0153 21       		.uleb128 0x21
 1316 0154 00       		.byte	0
 1317 0155 49       		.uleb128 0x49
 1318 0156 13       		.uleb128 0x13
 1319 0157 2F       		.uleb128 0x2f
 1320 0158 05       		.uleb128 0x5
 1321 0159 00       		.byte	0
 1322 015a 00       		.byte	0
 1323 015b 18       		.uleb128 0x18
 1324 015c 34       		.uleb128 0x34
 1325 015d 00       		.byte	0
 1326 015e 03       		.uleb128 0x3
 1327 015f 0E       		.uleb128 0xe
 1328 0160 3A       		.uleb128 0x3a
 1329 0161 0B       		.uleb128 0xb
 1330 0162 3B       		.uleb128 0x3b
 1331 0163 0B       		.uleb128 0xb
 1332 0164 49       		.uleb128 0x49
 1333 0165 13       		.uleb128 0x13
 1334 0166 3F       		.uleb128 0x3f
 1335 0167 0C       		.uleb128 0xc
 1336 0168 3C       		.uleb128 0x3c
 1337 0169 0C       		.uleb128 0xc
 1338 016a 00       		.byte	0
 1339 016b 00       		.byte	0
 1340 016c 19       		.uleb128 0x19
 1341 016d 34       		.uleb128 0x34
 1342 016e 00       		.byte	0
 1343 016f 03       		.uleb128 0x3
 1344 0170 08       		.uleb128 0x8
 1345 0171 3A       		.uleb128 0x3a
 1346 0172 0B       		.uleb128 0xb
 1347 0173 3B       		.uleb128 0x3b
 1348 0174 0B       		.uleb128 0xb
 1349 0175 49       		.uleb128 0x49
 1350 0176 13       		.uleb128 0x13
 1351 0177 3F       		.uleb128 0x3f
 1352 0178 0C       		.uleb128 0xc
 1353 0179 02       		.uleb128 0x2
 1354 017a 0A       		.uleb128 0xa
 1355 017b 00       		.byte	0
 1356 017c 00       		.byte	0
 1357 017d 1A       		.uleb128 0x1a
 1358 017e 35       		.uleb128 0x35
 1359 017f 00       		.byte	0
 1360 0180 49       		.uleb128 0x49
ARM GAS  C:\Users\KOZLOV~1\AppData\Local\Temp\cczth1rZ.s 			page 34


 1361 0181 13       		.uleb128 0x13
 1362 0182 00       		.byte	0
 1363 0183 00       		.byte	0
 1364 0184 00       		.byte	0
 1365              		.section	.debug_loc,"",%progbits
 1366              	.Ldebug_loc0:
 1367              	.LLST0:
 1368 0000 00000000 		.4byte	.LFB4
 1369 0004 02000000 		.4byte	.LCFI0
 1370 0008 0200     		.2byte	0x2
 1371 000a 7D       		.byte	0x7d
 1372 000b 00       		.sleb128 0
 1373 000c 02000000 		.4byte	.LCFI0
 1374 0010 0C010000 		.4byte	.LFE4
 1375 0014 0200     		.2byte	0x2
 1376 0016 7D       		.byte	0x7d
 1377 0017 1C       		.sleb128 28
 1378 0018 00000000 		.4byte	0
 1379 001c 00000000 		.4byte	0
 1380              	.LLST1:
 1381 0020 02000000 		.4byte	.LVL0
 1382 0024 05000000 		.4byte	.LVL1-1
 1383 0028 0100     		.2byte	0x1
 1384 002a 50       		.byte	0x50
 1385 002b 00000000 		.4byte	0
 1386 002f 00000000 		.4byte	0
 1387              	.LLST2:
 1388 0033 0C010000 		.4byte	.LFB1
 1389 0037 0E010000 		.4byte	.LCFI1
 1390 003b 0200     		.2byte	0x2
 1391 003d 7D       		.byte	0x7d
 1392 003e 00       		.sleb128 0
 1393 003f 0E010000 		.4byte	.LCFI1
 1394 0043 7C010000 		.4byte	.LFE1
 1395 0047 0200     		.2byte	0x2
 1396 0049 7D       		.byte	0x7d
 1397 004a 10       		.sleb128 16
 1398 004b 00000000 		.4byte	0
 1399 004f 00000000 		.4byte	0
 1400              	.LLST3:
 1401 0053 0E010000 		.4byte	.LVL2
 1402 0057 16010000 		.4byte	.LVL3
 1403 005b 0100     		.2byte	0x1
 1404 005d 50       		.byte	0x50
 1405 005e 00000000 		.4byte	0
 1406 0062 00000000 		.4byte	0
 1407              	.LLST4:
 1408 0066 0E010000 		.4byte	.LVL2
 1409 006a 16010000 		.4byte	.LVL3
 1410 006e 0200     		.2byte	0x2
 1411 0070 30       		.byte	0x30
 1412 0071 9F       		.byte	0x9f
 1413 0072 58010000 		.4byte	.LVL4
 1414 0076 5E010000 		.4byte	.LVL5
 1415 007a 0100     		.2byte	0x1
 1416 007c 55       		.byte	0x55
 1417 007d 00000000 		.4byte	0
ARM GAS  C:\Users\KOZLOV~1\AppData\Local\Temp\cczth1rZ.s 			page 35


 1418 0081 00000000 		.4byte	0
 1419              	.LLST5:
 1420 0085 7C010000 		.4byte	.LFB2
 1421 0089 7E010000 		.4byte	.LCFI2
 1422 008d 0200     		.2byte	0x2
 1423 008f 7D       		.byte	0x7d
 1424 0090 00       		.sleb128 0
 1425 0091 7E010000 		.4byte	.LCFI2
 1426 0095 D8010000 		.4byte	.LFE2
 1427 0099 0200     		.2byte	0x2
 1428 009b 7D       		.byte	0x7d
 1429 009c 10       		.sleb128 16
 1430 009d 00000000 		.4byte	0
 1431 00a1 00000000 		.4byte	0
 1432              	.LLST6:
 1433 00a5 D8010000 		.4byte	.LFB3
 1434 00a9 DA010000 		.4byte	.LCFI3
 1435 00ad 0200     		.2byte	0x2
 1436 00af 7D       		.byte	0x7d
 1437 00b0 00       		.sleb128 0
 1438 00b1 DA010000 		.4byte	.LCFI3
 1439 00b5 AC020000 		.4byte	.LFE3
 1440 00b9 0200     		.2byte	0x2
 1441 00bb 7D       		.byte	0x7d
 1442 00bc 0C       		.sleb128 12
 1443 00bd 00000000 		.4byte	0
 1444 00c1 00000000 		.4byte	0
 1445              	.LLST7:
 1446 00c5 DA010000 		.4byte	.LVL6
 1447 00c9 DD010000 		.4byte	.LVL7-1
 1448 00cd 0100     		.2byte	0x1
 1449 00cf 50       		.byte	0x50
 1450 00d0 00000000 		.4byte	0
 1451 00d4 00000000 		.4byte	0
 1452              	.LLST8:
 1453 00d8 F2010000 		.4byte	.LVL8
 1454 00dc 00020000 		.4byte	.LVL9
 1455 00e0 0100     		.2byte	0x1
 1456 00e2 50       		.byte	0x50
 1457 00e3 36020000 		.4byte	.LVL10
 1458 00e7 50020000 		.4byte	.LVL11
 1459 00eb 0100     		.2byte	0x1
 1460 00ed 50       		.byte	0x50
 1461 00ee 52020000 		.4byte	.LVL12
 1462 00f2 68020000 		.4byte	.LVL13
 1463 00f6 0100     		.2byte	0x1
 1464 00f8 50       		.byte	0x50
 1465 00f9 6E020000 		.4byte	.LVL14
 1466 00fd 98020000 		.4byte	.LVL15
 1467 0101 0100     		.2byte	0x1
 1468 0103 50       		.byte	0x50
 1469 0104 00000000 		.4byte	0
 1470 0108 00000000 		.4byte	0
 1471              	.LLST9:
 1472 010c 00000000 		.4byte	.LFB0
 1473 0110 02000000 		.4byte	.LCFI4
 1474 0114 0200     		.2byte	0x2
ARM GAS  C:\Users\KOZLOV~1\AppData\Local\Temp\cczth1rZ.s 			page 36


 1475 0116 7D       		.byte	0x7d
 1476 0117 00       		.sleb128 0
 1477 0118 02000000 		.4byte	.LCFI4
 1478 011c 4C000000 		.4byte	.LFE0
 1479 0120 0200     		.2byte	0x2
 1480 0122 7D       		.byte	0x7d
 1481 0123 20       		.sleb128 32
 1482 0124 00000000 		.4byte	0
 1483 0128 00000000 		.4byte	0
 1484              	.LLST10:
 1485 012c 2C000000 		.4byte	.LVL16
 1486 0130 2E000000 		.4byte	.LVL17
 1487 0134 0200     		.2byte	0x2
 1488 0136 74       		.byte	0x74
 1489 0137 00       		.sleb128 0
 1490 0138 00000000 		.4byte	0
 1491 013c 00000000 		.4byte	0
 1492              	.LLST11:
 1493 0140 AC020000 		.4byte	.LVL18
 1494 0144 B2020000 		.4byte	.LVL19
 1495 0148 0100     		.2byte	0x1
 1496 014a 50       		.byte	0x50
 1497 014b 00000000 		.4byte	0
 1498 014f 00000000 		.4byte	0
 1499              		.section	.debug_aranges,"",%progbits
 1500 0000 24000000 		.4byte	0x24
 1501 0004 0200     		.2byte	0x2
 1502 0006 00000000 		.4byte	.Ldebug_info0
 1503 000a 04       		.byte	0x4
 1504 000b 00       		.byte	0
 1505 000c 0000     		.2byte	0
 1506 000e 0000     		.2byte	0
 1507 0010 00000000 		.4byte	.Ltext0
 1508 0014 BC020000 		.4byte	.Letext0-.Ltext0
 1509 0018 00000000 		.4byte	.LFB0
 1510 001c 4C000000 		.4byte	.LFE0-.LFB0
 1511 0020 00000000 		.4byte	0
 1512 0024 00000000 		.4byte	0
 1513              		.section	.debug_ranges,"",%progbits
 1514              	.Ldebug_ranges0:
 1515 0000 00000000 		.4byte	.Ltext0
 1516 0004 BC020000 		.4byte	.Letext0
 1517 0008 00000000 		.4byte	.LFB0
 1518 000c 4C000000 		.4byte	.LFE0
 1519 0010 00000000 		.4byte	0
 1520 0014 00000000 		.4byte	0
 1521              		.section	.debug_line,"",%progbits
 1522              	.Ldebug_line0:
 1523 0000 FC000000 		.section	.debug_str,"MS",%progbits,1
 1523      02005900 
 1523      00000201 
 1523      FB0E0D00 
 1523      01010101 
 1524              	.LASF22:
 1525 0000 636F6E74 		.ascii	"contrast\000"
 1525      72617374 
 1525      00
ARM GAS  C:\Users\KOZLOV~1\AppData\Local\Temp\cczth1rZ.s 			page 37


 1526              	.LASF20:
 1527 0009 696E6974 		.ascii	"initStack\000"
 1527      53746163 
 1527      6B00
 1528              	.LASF0:
 1529 0013 756E7369 		.ascii	"unsigned char\000"
 1529      676E6564 
 1529      20636861 
 1529      7200
 1530              	.LASF7:
 1531 0021 6C6F6E67 		.ascii	"long unsigned int\000"
 1531      20756E73 
 1531      69676E65 
 1531      6420696E 
 1531      7400
 1532              	.LASF1:
 1533 0033 73686F72 		.ascii	"short unsigned int\000"
 1533      7420756E 
 1533      7369676E 
 1533      65642069 
 1533      6E7400
 1534              	.LASF25:
 1535 0046 474E5520 		.ascii	"GNU C 4.6.3\000"
 1535      4320342E 
 1535      362E3300 
 1536              	.LASF13:
 1537 0052 64726177 		.ascii	"drawMenuCursor\000"
 1537      4D656E75 
 1537      43757273 
 1537      6F7200
 1538              	.LASF29:
 1539 0061 6D61696E 		.ascii	"main\000"
 1539      00
 1540              	.LASF14:
 1541 0066 63757273 		.ascii	"cursor\000"
 1541      6F7200
 1542              	.LASF16:
 1543 006d 70726F63 		.ascii	"proc1\000"
 1543      3100
 1544              	.LASF3:
 1545 0073 756E7369 		.ascii	"unsigned int\000"
 1545      676E6564 
 1545      20696E74 
 1545      00
 1546              	.LASF18:
 1547 0080 656C6170 		.ascii	"elapsedTime\000"
 1547      73656454 
 1547      696D6500 
 1548              	.LASF9:
 1549 008c 6C6F6E67 		.ascii	"long long unsigned int\000"
 1549      206C6F6E 
 1549      6720756E 
 1549      7369676E 
 1549      65642069 
 1550              	.LASF17:
 1551 00a3 616E794B 		.ascii	"anyKey\000"
 1551      657900
ARM GAS  C:\Users\KOZLOV~1\AppData\Local\Temp\cczth1rZ.s 			page 38


 1552              	.LASF28:
 1553 00aa 64726177 		.ascii	"drawMenu\000"
 1553      4D656E75 
 1553      00
 1554              	.LASF12:
 1555 00b3 696E6974 		.ascii	"initProc\000"
 1555      50726F63 
 1555      00
 1556              	.LASF15:
 1557 00bc 6572726F 		.ascii	"error\000"
 1557      7200
 1558              	.LASF8:
 1559 00c2 6C6F6E67 		.ascii	"long long int\000"
 1559      206C6F6E 
 1559      6720696E 
 1559      7400
 1560              	.LASF26:
 1561 00d0 6D61696E 		.ascii	"main.c\000"
 1561      2E6300
 1562              	.LASF11:
 1563 00d7 63686172 		.ascii	"char\000"
 1563      00
 1564              	.LASF23:
 1565 00dc 76657231 		.ascii	"ver1_0\000"
 1565      5F3000
 1566              	.LASF24:
 1567 00e3 76657231 		.ascii	"ver1_1\000"
 1567      5F3100
 1568              	.LASF30:
 1569 00ea 61707054 		.ascii	"appTick\000"
 1569      69636B00 
 1570              	.LASF21:
 1571 00f2 70696431 		.ascii	"pid1\000"
 1571      00
 1572              	.LASF27:
 1573 00f7 433A5C55 		.ascii	"C:\\Users\\kozlovsky\\Documents\\Szkola\\TicTac\000"
 1573      73657273 
 1573      5C6B6F7A 
 1573      6C6F7673 
 1573      6B795C44 
 1574              	.LASF5:
 1575 0122 73686F72 		.ascii	"short int\000"
 1575      7420696E 
 1575      7400
 1576              	.LASF2:
 1577 012c 74553332 		.ascii	"tU32\000"
 1577      00
 1578              	.LASF10:
 1579 0131 6C6F6E67 		.ascii	"long int\000"
 1579      20696E74 
 1579      00
 1580              	.LASF4:
 1581 013a 7369676E 		.ascii	"signed char\000"
 1581      65642063 
 1581      68617200 
 1582              	.LASF6:
 1583 0146 74426F6F 		.ascii	"tBool\000"
ARM GAS  C:\Users\KOZLOV~1\AppData\Local\Temp\cczth1rZ.s 			page 39


 1583      6C00
 1584              	.LASF19:
 1585 014c 70726F63 		.ascii	"proc1Stack\000"
 1585      31537461 
 1585      636B00
 1586              		.ident	"GCC: (GNU) 4.6.3"
ARM GAS  C:\Users\KOZLOV~1\AppData\Local\Temp\cczth1rZ.s 			page 40


DEFINED SYMBOLS
                            *ABS*:00000000 main.c
C:\Users\KOZLOV~1\AppData\Local\Temp\cczth1rZ.s:6      .text:00000000 $t
C:\Users\KOZLOV~1\AppData\Local\Temp\cczth1rZ.s:10     .text:00000000 initProc
C:\Users\KOZLOV~1\AppData\Local\Temp\cczth1rZ.s:132    .text:000000bc $d
C:\Users\KOZLOV~1\AppData\Local\Temp\cczth1rZ.s:329    .text:000001d8 proc1
C:\Users\KOZLOV~1\AppData\Local\Temp\cczth1rZ.s:155    .text:0000010c $t
C:\Users\KOZLOV~1\AppData\Local\Temp\cczth1rZ.s:159    .text:0000010c drawMenuCursor
C:\Users\KOZLOV~1\AppData\Local\Temp\cczth1rZ.s:199    .text:00000136 $d
C:\Users\KOZLOV~1\AppData\Local\Temp\cczth1rZ.s:205    .text:0000013c $t
C:\Users\KOZLOV~1\AppData\Local\Temp\cczth1rZ.s:247    .text:00000164 $d
C:\Users\KOZLOV~1\AppData\Local\Temp\cczth1rZ.s:256    .text:0000017c $t
C:\Users\KOZLOV~1\AppData\Local\Temp\cczth1rZ.s:260    .text:0000017c drawMenu
C:\Users\KOZLOV~1\AppData\Local\Temp\cczth1rZ.s:320    .text:000001d0 $d
C:\Users\KOZLOV~1\AppData\Local\Temp\cczth1rZ.s:325    .text:000001d8 $t
C:\Users\KOZLOV~1\AppData\Local\Temp\cczth1rZ.s:372    .text:00000208 $d
C:\Users\KOZLOV~1\AppData\Local\Temp\cczth1rZ.s:378    .text:0000020e $t
C:\Users\KOZLOV~1\AppData\Local\Temp\cczth1rZ.s:500    .text:000002a4 $d
C:\Users\KOZLOV~1\AppData\Local\Temp\cczth1rZ.s:506    .text.startup:00000000 $t
C:\Users\KOZLOV~1\AppData\Local\Temp\cczth1rZ.s:511    .text.startup:00000000 main
C:\Users\KOZLOV~1\AppData\Local\Temp\cczth1rZ.s:566    .text.startup:00000044 $d
C:\Users\KOZLOV~1\AppData\Local\Temp\cczth1rZ.s:572    .text:000002ac $t
C:\Users\KOZLOV~1\AppData\Local\Temp\cczth1rZ.s:577    .text:000002ac appTick
C:\Users\KOZLOV~1\AppData\Local\Temp\cczth1rZ.s:594    .text:000002b8 $d
                            *COM*:00000004 ms
C:\Users\KOZLOV~1\AppData\Local\Temp\cczth1rZ.s:662    .data:00000000 contrast
C:\Users\KOZLOV~1\AppData\Local\Temp\cczth1rZ.s:669    .bss:00000000 proc1Stack
C:\Users\KOZLOV~1\AppData\Local\Temp\cczth1rZ.s:670    .bss:00000000 $d
C:\Users\KOZLOV~1\AppData\Local\Temp\cczth1rZ.s:673    .bss:00000320 pid1
C:\Users\KOZLOV~1\AppData\Local\Temp\cczth1rZ.s:677    .bss:00000321 cursor
C:\Users\KOZLOV~1\AppData\Local\Temp\cczth1rZ.s:681    .bss:00000322 initStack
                     .debug_frame:00000010 $d

UNDEFINED SYMBOLS
eaInit
simplePrintf
osCreateProcess
osStartProcess
initBtProc
initKeyProc
osDeleteProcess
ver1_0
ver1_1
lcdGotoxy
lcdColor
__gnu_thumb1_case_uqi
lcdPuts
lcdClrscr
lcdRect
resetLCD
lcdInit
displayStartupSequence
checkKey
playExample
playSnake
playPong
handleBt
ARM GAS  C:\Users\KOZLOV~1\AppData\Local\Temp\cczth1rZ.s 			page 41


playTicTacToe
playReactGame
lcdContrast
osSleep
osInit
immediateIoInit
osStart
