ARM GAS  C:\Users\KOZLOV~1\AppData\Local\Temp\ccPgRAk3.s 			page 1


   1              		.code	16
   2              		.file	"uart.c"
   3              		.text
   4              	.Ltext0:
   5              		.cfi_sections	.debug_frame
   6              		.align	1
   7              		.global	initUart1
   8              		.code	16
   9              		.thumb_func
  10              		.type	initUart1, %function
  11              	initUart1:
  12              	.LFB0:
  13              		.file 1 "uart.c"
   1:uart.c        **** /******************************************************************************
   2:uart.c        ****  *
   3:uart.c        ****  * Copyright:
   4:uart.c        ****  *    (C) 2000 - 2006 Embedded Artists AB
   5:uart.c        ****  *
   6:uart.c        ****  * File:
   7:uart.c        ****  *    uart.c
   8:uart.c        ****  *
   9:uart.c        ****  * Description:
  10:uart.c        ****  *    Implementation of interrupt driven UART.
  11:uart.c        ****  *
  12:uart.c        ****  *****************************************************************************/
  13:uart.c        ****  
  14:uart.c        **** /******************************************************************************
  15:uart.c        ****  * Includes
  16:uart.c        ****  *****************************************************************************/
  17:uart.c        **** #include "../pre_emptive_os/api/osapi.h"
  18:uart.c        **** #include <lpc2xxx.h>
  19:uart.c        **** #include "uart.h"
  20:uart.c        **** #include "irq_code/irqUart.h"
  21:uart.c        **** 
  22:uart.c        **** 
  23:uart.c        **** /*****************************************************************************
  24:uart.c        ****  * Local variables
  25:uart.c        ****  ****************************************************************************/
  26:uart.c        **** tU8 uart1TxBuf[TX_BUFFER_SIZE];
  27:uart.c        **** volatile tU32 uart1TxHead = 0;
  28:uart.c        **** volatile tU32 uart1TxTail = 0;
  29:uart.c        **** volatile tU8  uart1TxRunning = FALSE;
  30:uart.c        **** 
  31:uart.c        **** tU8 uart1RxBuf[RX_BUFFER_SIZE];
  32:uart.c        **** volatile tU32 uart1RxHead = 0;
  33:uart.c        **** volatile tU32 uart1RxTail = 0;
  34:uart.c        **** volatile tU32 uart1RxInBuff = 0;
  35:uart.c        **** 
  36:uart.c        **** tCntSem receiveSem;
  37:uart.c        **** 
  38:uart.c        **** /*****************************************************************************
  39:uart.c        ****  * Implementation of public functions
  40:uart.c        ****  ****************************************************************************/
  41:uart.c        **** 
  42:uart.c        **** /*****************************************************************************
  43:uart.c        ****  *
  44:uart.c        ****  * Description:
ARM GAS  C:\Users\KOZLOV~1\AppData\Local\Temp\ccPgRAk3.s 			page 2


  45:uart.c        ****  *    Initialize UART #1 in irq.
  46:uart.c        ****  *
  47:uart.c        ****  * Parameters:
  48:uart.c        ****  *    [in] div_factor - UART clock division factor to get desired bit rate.
  49:uart.c        ****  *                      Use definitions in uart.h to calculate correct value.
  50:uart.c        ****  *    [in] mode       - transmission format settings. Use constants in uart.h
  51:uart.c        ****  *    [in] fifo_mode  - FIFO control settings. Use constants in uart.h
  52:uart.c        ****  *
  53:uart.c        ****  ****************************************************************************/
  54:uart.c        **** void
  55:uart.c        **** initUart1(tU16 div_factor, tU8 mode, tU8 fifo_mode)
  56:uart.c        **** {
  14              		.loc 1 56 0
  15              		.cfi_startproc
  16 0000 FFB5     		push	{r0, r1, r2, r3, r4, r5, r6, r7, lr}
  17              	.LCFI0:
  18              		.cfi_def_cfa_offset 36
  19              		.cfi_offset 0, -36
  20              		.cfi_offset 1, -32
  21              		.cfi_offset 2, -28
  22              		.cfi_offset 3, -24
  23              		.cfi_offset 4, -20
  24              		.cfi_offset 5, -16
  25              		.cfi_offset 6, -12
  26              		.cfi_offset 7, -8
  27              		.cfi_offset 14, -4
  28              	.LVL0:
  29              		.loc 1 56 0
  30 0002 0004     		lsl	r0, r0, #16
  31              	.LVL1:
  32 0004 040C     		lsr	r4, r0, #16
  33 0006 0906     		lsl	r1, r1, #24
  34              	.LVL2:
  35 0008 0190     		str	r0, [sp, #4]
  36 000a 0294     		str	r4, [sp, #8]
  57:uart.c        ****   volatile tU32 dummy;
  58:uart.c        ****   
  59:uart.c        ****   //initialize the receive semaphore
  60:uart.c        ****   osSemInit(&receiveSem, 0);
  37              		.loc 1 60 0
  38 000c 2448     		ldr	r0, .L2
  56:uart.c        **** {
  39              		.loc 1 56 0
  40 000e 0C0E     		lsr	r4, r1, #24
  41              		.loc 1 60 0
  42 0010 0021     		mov	r1, #0
  56:uart.c        **** {
  43              		.loc 1 56 0
  44 0012 0094     		str	r4, [sp]
  45 0014 1506     		lsl	r5, r2, #24
  46              		.loc 1 60 0
  47 0016 FFF7FEFF 		bl	osSemInit
  48              	.LVL3:
  61:uart.c        **** 
  62:uart.c        ****   //enable uart #1 pins in GPIO (P0.8  = TxD1, P0.9  = RxD1)
  63:uart.c        ****   //                            (P0.10 = RTS1, P0.11 = CTS1)
  64:uart.c        ****   PINSEL0 = (PINSEL0 & 0xff00ffff) | 0x00550000;
ARM GAS  C:\Users\KOZLOV~1\AppData\Local\Temp\ccPgRAk3.s 			page 3


  49              		.loc 1 64 0
  50 001a 224B     		ldr	r3, .L2+4
  51 001c 224A     		ldr	r2, .L2+8
  52 001e 1968     		ldr	r1, [r3]
  53 0020 0A40     		and	r2, r1
  54 0022 AA21     		mov	r1, #170
  55 0024 C903     		lsl	r1, r1, #15
  56 0026 0A43     		orr	r2, r1
  65:uart.c        **** 
  66:uart.c        ****   U1IER = 0x00;                        //disable all uart interrupts
  57              		.loc 1 66 0
  58 0028 2049     		ldr	r1, .L2+12
  64:uart.c        ****   PINSEL0 = (PINSEL0 & 0xff00ffff) | 0x00550000;
  59              		.loc 1 64 0
  60 002a 1A60     		str	r2, [r3]
  61              		.loc 1 66 0
  62 002c 0023     		mov	r3, #0
  63 002e 0B60     		str	r3, [r1]
  67:uart.c        ****   dummy = U1IIR;                       //clear all pending interrupts
  64              		.loc 1 67 0
  65 0030 1F4E     		ldr	r6, .L2+16
  66 0032 3268     		ldr	r2, [r6]
  67              	.LVL4:
  68:uart.c        ****   dummy = U1RBR;                       //clear receive register
  68              		.loc 1 68 0
  69 0034 1F48     		ldr	r0, .L2+20
  67:uart.c        ****   dummy = U1IIR;                       //clear all pending interrupts
  70              		.loc 1 67 0
  71 0036 0392     		str	r2, [sp, #12]
  72              		.loc 1 68 0
  73 0038 0268     		ldr	r2, [r0]
  74 003a 0392     		str	r2, [sp, #12]
  69:uart.c        ****   dummy = U1LSR;                       //clear line status register
  75              		.loc 1 69 0
  76 003c 1E4A     		ldr	r2, .L2+24
  77              	.LVL5:
  70:uart.c        **** 
  71:uart.c        ****   //set the bit rate = set uart clock (pclk) divisionfactor
  72:uart.c        ****   U1LCR = 0x80;                        //enable divisor latches (DLAB bit set, bit 7)
  73:uart.c        ****   U1DLL = (tU8)div_factor;             //write division factor LSB
  78              		.loc 1 73 0
  79 003e 029C     		ldr	r4, [sp, #8]
  69:uart.c        ****   dummy = U1LSR;                       //clear line status register
  80              		.loc 1 69 0
  81 0040 1268     		ldr	r2, [r2]
  82              	.LVL6:
  72:uart.c        ****   U1LCR = 0x80;                        //enable divisor latches (DLAB bit set, bit 7)
  83              		.loc 1 72 0
  84 0042 1E4F     		ldr	r7, .L2+28
  68:uart.c        ****   dummy = U1RBR;                       //clear receive register
  85              		.loc 1 68 0
  86 0044 8446     		mov	ip, r0
  87              		.loc 1 73 0
  88 0046 2006     		lsl	r0, r4, #24
  69:uart.c        ****   dummy = U1LSR;                       //clear line status register
  89              		.loc 1 69 0
  90 0048 0392     		str	r2, [sp, #12]
ARM GAS  C:\Users\KOZLOV~1\AppData\Local\Temp\ccPgRAk3.s 			page 4


  91              		.loc 1 73 0
  92 004a 6446     		mov	r4, ip
  72:uart.c        ****   U1LCR = 0x80;                        //enable divisor latches (DLAB bit set, bit 7)
  93              		.loc 1 72 0
  94 004c 8022     		mov	r2, #128
  95              	.LVL7:
  96              		.loc 1 73 0
  97 004e 000E     		lsr	r0, r0, #24
  72:uart.c        ****   U1LCR = 0x80;                        //enable divisor latches (DLAB bit set, bit 7)
  98              		.loc 1 72 0
  99 0050 3A60     		str	r2, [r7]
 100              		.loc 1 73 0
 101 0052 2060     		str	r0, [r4]
  74:uart.c        ****   U1DLM = (tU8)(div_factor >> 8);      //write division factor MSB
 102              		.loc 1 74 0
 103 0054 019C     		ldr	r4, [sp, #4]
 104 0056 200E     		lsr	r0, r4, #24
  75:uart.c        **** 
  76:uart.c        ****   //set transmissiion and fifo mode
  77:uart.c        ****   U1LCR = (mode & ~0x80);              //DLAB bit (bit 7) must be reset
 105              		.loc 1 77 0
 106 0058 009C     		ldr	r4, [sp]
  56:uart.c        **** {
 107              		.loc 1 56 0
 108 005a 2D0E     		lsr	r5, r5, #24
 109              		.loc 1 77 0
 110 005c 9443     		bic	r4, r2
  74:uart.c        ****   U1DLM = (tU8)(div_factor >> 8);      //write division factor MSB
 111              		.loc 1 74 0
 112 005e 0860     		str	r0, [r1]
 113              		.loc 1 77 0
 114 0060 3C60     		str	r4, [r7]
  78:uart.c        ****   U1FCR = fifo_mode;
  79:uart.c        **** 
  80:uart.c        ****   //initialize the interrupt vector
  81:uart.c        ****   VICIntSelect &= ~0x00000080;      // UART1 selected as IRQ
 115              		.loc 1 81 0
 116 0062 1748     		ldr	r0, .L2+32
  78:uart.c        ****   U1FCR = fifo_mode;
 117              		.loc 1 78 0
 118 0064 3560     		str	r5, [r6]
 119              		.loc 1 81 0
 120 0066 0468     		ldr	r4, [r0]
 121 0068 9443     		bic	r4, r2
 122 006a 0460     		str	r4, [r0]
  82:uart.c        ****   VICVectCntl7  =  0x00000027;
 123              		.loc 1 82 0
 124 006c 1548     		ldr	r0, .L2+36
 125 006e 2724     		mov	r4, #39
 126 0070 0460     		str	r4, [r0]
  83:uart.c        ****   VICVectAddr7  =  (tU32)uart1ISR;  // address of the ISR
 127              		.loc 1 83 0
 128 0072 154C     		ldr	r4, .L2+40
 129 0074 1548     		ldr	r0, .L2+44
 130 0076 0460     		str	r4, [r0]
  84:uart.c        ****   VICIntEnable |=  0x00000080;      // UART1 interrupt enabled
 131              		.loc 1 84 0
ARM GAS  C:\Users\KOZLOV~1\AppData\Local\Temp\ccPgRAk3.s 			page 5


 132 0078 1548     		ldr	r0, .L2+48
 133 007a 0468     		ldr	r4, [r0]
 134 007c 2243     		orr	r2, r4
 135 007e 0260     		str	r2, [r0]
  85:uart.c        **** 
  86:uart.c        ****   //initialize the transmit data queue
  87:uart.c        ****   uart1TxHead    = 0;
 136              		.loc 1 87 0
 137 0080 144A     		ldr	r2, .L2+52
 138 0082 1360     		str	r3, [r2]
  88:uart.c        ****   uart1TxTail    = 0;
 139              		.loc 1 88 0
 140 0084 5360     		str	r3, [r2, #4]
  89:uart.c        ****   uart1TxRunning = FALSE;
 141              		.loc 1 89 0
 142 0086 1372     		strb	r3, [r2, #8]
  90:uart.c        **** 
  91:uart.c        ****   //initialize the receive data queue
  92:uart.c        ****   uart1RxHead   = 0;
 143              		.loc 1 92 0
 144 0088 D360     		str	r3, [r2, #12]
  93:uart.c        ****   uart1RxTail   = 0;
 145              		.loc 1 93 0
 146 008a 1361     		str	r3, [r2, #16]
  94:uart.c        ****   uart1RxInBuff = 0;
 147              		.loc 1 94 0
 148 008c 5361     		str	r3, [r2, #20]
  95:uart.c        **** 
  96:uart.c        ****   //set RTS high (= accept received bytes)
  97:uart.c        ****   U1MCR = 0x02;
 149              		.loc 1 97 0
 150 008e 124B     		ldr	r3, .L2+56
 151 0090 0222     		mov	r2, #2
 152 0092 1A60     		str	r2, [r3]
  98:uart.c        **** 
  99:uart.c        ****   //enable receiver interrupts
 100:uart.c        ****   U1IER = 0x0d; //0x01;  //incl. modem
 153              		.loc 1 100 0
 154 0094 0D23     		mov	r3, #13
 155 0096 0B60     		str	r3, [r1]
 101:uart.c        **** }
 156              		.loc 1 101 0
 157              		@ sp needed for prologue
 158 0098 FFBC     		pop	{r0, r1, r2, r3, r4, r5, r6, r7}
 159 009a 01BC     		pop	{r0}
 160 009c 0047     		bx	r0
 161              	.L3:
 162 009e C046     		.align	2
 163              	.L2:
 164 00a0 00000000 		.word	receiveSem
 165 00a4 00C002E0 		.word	-536690688
 166 00a8 FFFF00FF 		.word	-16711681
 167 00ac 040001E0 		.word	-536805372
 168 00b0 080001E0 		.word	-536805368
 169 00b4 000001E0 		.word	-536805376
 170 00b8 140001E0 		.word	-536805356
 171 00bc 0C0001E0 		.word	-536805364
ARM GAS  C:\Users\KOZLOV~1\AppData\Local\Temp\ccPgRAk3.s 			page 6


 172 00c0 0CF0FFFF 		.word	-4084
 173 00c4 1CF2FFFF 		.word	-3556
 174 00c8 00000000 		.word	uart1ISR
 175 00cc 1CF1FFFF 		.word	-3812
 176 00d0 10F0FFFF 		.word	-4080
 177 00d4 00000000 		.word	.LANCHOR0
 178 00d8 100001E0 		.word	-536805360
 179              		.cfi_endproc
 180              	.LFE0:
 181              		.size	initUart1, .-initUart1
 182              		.align	1
 183              		.global	uart1SendChar
 184              		.code	16
 185              		.thumb_func
 186              		.type	uart1SendChar, %function
 187              	uart1SendChar:
 188              	.LFB1:
 102:uart.c        **** 
 103:uart.c        **** /*****************************************************************************
 104:uart.c        ****  *
 105:uart.c        ****  * Description:
 106:uart.c        ****  *    Blocking output routine, i.e., the routine waits until the uart 
 107:uart.c        ****  *    buffer is free and then sends the character. 
 108:uart.c        ****  *
 109:uart.c        ****  * Params:
 110:uart.c        ****  *    [in] charToSend - The character to print (to uart #1) 
 111:uart.c        ****  *
 112:uart.c        ****  ****************************************************************************/
 113:uart.c        **** void
 114:uart.c        **** uart1SendChar(tU8 charToSend)
 115:uart.c        **** {
 189              		.loc 1 115 0
 190              		.cfi_startproc
 191 00dc F1B5     		push	{r0, r4, r5, r6, r7, lr}
 192              	.LCFI1:
 193              		.cfi_def_cfa_offset 24
 194              		.cfi_offset 0, -24
 195              		.cfi_offset 4, -20
 196              		.cfi_offset 5, -16
 197              		.cfi_offset 6, -12
 198              		.cfi_offset 7, -8
 199              		.cfi_offset 14, -4
 200              	.LVL8:
 116:uart.c        ****   volatile tU32 cpsrReg;
 117:uart.c        ****   tU32 tmpHead;
 118:uart.c        **** 
 119:uart.c        ****   //calculate head index
 120:uart.c        ****   tmpHead = (uart1TxHead + 1) & TX_BUFFER_MASK; 
 201              		.loc 1 120 0
 202 00de 164C     		ldr	r4, .L9
 203 00e0 2668     		ldr	r6, [r4]
 204 00e2 0136     		add	r6, r6, #1
 115:uart.c        **** {
 205              		.loc 1 115 0
 206 00e4 0706     		lsl	r7, r0, #24
 207              		.loc 1 120 0
 208 00e6 3606     		lsl	r6, r6, #24
ARM GAS  C:\Users\KOZLOV~1\AppData\Local\Temp\ccPgRAk3.s 			page 7


 115:uart.c        **** {
 209              		.loc 1 115 0
 210 00e8 3F0E     		lsr	r7, r7, #24
 211              		.loc 1 120 0
 212 00ea 360E     		lsr	r6, r6, #24
 213              	.LVL9:
 214              	.L5:
 121:uart.c        **** 
 122:uart.c        ****   //wait for free space in buffer
 123:uart.c        ****   while(tmpHead == uart1TxTail)
 215              		.loc 1 123 0 discriminator 1
 216 00ec 6368     		ldr	r3, [r4, #4]
 217 00ee 9E42     		cmp	r6, r3
 218 00f0 FCD0     		beq	.L5
 124:uart.c        ****     ;
 125:uart.c        **** 
 126:uart.c        ****   //disable IRQ
 127:uart.c        ****   cpsrReg = disIrq();
 219              		.loc 1 127 0
 220 00f2 FFF7FEFF 		bl	disIrq
 221              	.LVL10:
 128:uart.c        **** 
 129:uart.c        ****   U1IER &= ~0x02;   //disable TX IRQ
 222              		.loc 1 129 0
 223 00f6 114D     		ldr	r5, .L9+4
 224              	.LVL11:
 127:uart.c        ****   cpsrReg = disIrq();
 225              		.loc 1 127 0
 226 00f8 0090     		str	r0, [sp]
 227              		.loc 1 129 0
 228 00fa 2B68     		ldr	r3, [r5]
 229 00fc 0222     		mov	r2, #2
 230 00fe 9343     		bic	r3, r2
 231 0100 2B60     		str	r3, [r5]
 130:uart.c        **** 
 131:uart.c        ****   //enable IRQ
 132:uart.c        ****   restoreIrq(cpsrReg);
 232              		.loc 1 132 0
 233 0102 0098     		ldr	r0, [sp]
 234              	.LVL12:
 235 0104 FFF7FEFF 		bl	restoreIrq
 133:uart.c        **** 
 134:uart.c        ****   if(uart1TxRunning == TRUE)
 236              		.loc 1 134 0
 237 0108 237A     		ldrb	r3, [r4, #8]
 238 010a 012B     		cmp	r3, #1
 239 010c 03D1     		bne	.L6
 135:uart.c        ****   {
 136:uart.c        ****     uart1TxBuf[tmpHead] = charToSend; 
 240              		.loc 1 136 0
 241 010e 0C4B     		ldr	r3, .L9+8
 137:uart.c        ****     uart1TxHead         = tmpHead;
 242              		.loc 1 137 0
 243 0110 2660     		str	r6, [r4]
 136:uart.c        ****     uart1TxBuf[tmpHead] = charToSend; 
 244              		.loc 1 136 0
 245 0112 9F55     		strb	r7, [r3, r6]
ARM GAS  C:\Users\KOZLOV~1\AppData\Local\Temp\ccPgRAk3.s 			page 8


 246 0114 03E0     		b	.L7
 247              	.L6:
 138:uart.c        ****   }
 139:uart.c        ****   else
 140:uart.c        ****   {
 141:uart.c        ****     uart1TxRunning = TRUE;
 248              		.loc 1 141 0
 249 0116 0123     		mov	r3, #1
 250 0118 2372     		strb	r3, [r4, #8]
 142:uart.c        ****     U1THR          = charToSend;
 251              		.loc 1 142 0
 252 011a 0A4B     		ldr	r3, .L9+12
 253 011c 1F60     		str	r7, [r3]
 254              	.L7:
 143:uart.c        ****   }
 144:uart.c        **** 
 145:uart.c        ****   //disable IRQ
 146:uart.c        ****   cpsrReg = disIrq();
 255              		.loc 1 146 0
 256 011e FFF7FEFF 		bl	disIrq
 257 0122 0090     		str	r0, [sp]
 147:uart.c        **** 
 148:uart.c        ****   U1IER |= 0x02;   //enable TX IRQ
 258              		.loc 1 148 0
 259 0124 2B68     		ldr	r3, [r5]
 260 0126 0222     		mov	r2, #2
 261 0128 1343     		orr	r3, r2
 262 012a 2B60     		str	r3, [r5]
 149:uart.c        **** 
 150:uart.c        ****   //enable IRQ
 151:uart.c        ****   restoreIrq(cpsrReg);
 263              		.loc 1 151 0
 264 012c 0098     		ldr	r0, [sp]
 265 012e FFF7FEFF 		bl	restoreIrq
 152:uart.c        **** }
 266              		.loc 1 152 0
 267              		@ sp needed for prologue
 268              	.LVL13:
 269 0132 F1BC     		pop	{r0, r4, r5, r6, r7}
 270 0134 01BC     		pop	{r0}
 271 0136 0047     		bx	r0
 272              	.L10:
 273              		.align	2
 274              	.L9:
 275 0138 00000000 		.word	.LANCHOR0
 276 013c 040001E0 		.word	-536805372
 277 0140 00000000 		.word	uart1TxBuf
 278 0144 000001E0 		.word	-536805376
 279              		.cfi_endproc
 280              	.LFE1:
 281              		.size	uart1SendChar, .-uart1SendChar
 282              		.align	1
 283              		.global	uart1SendCh
 284              		.code	16
 285              		.thumb_func
 286              		.type	uart1SendCh, %function
 287              	uart1SendCh:
ARM GAS  C:\Users\KOZLOV~1\AppData\Local\Temp\ccPgRAk3.s 			page 9


 288              	.LFB2:
 153:uart.c        **** 
 154:uart.c        **** 
 155:uart.c        **** /*****************************************************************************
 156:uart.c        ****  *
 157:uart.c        ****  * Description:
 158:uart.c        ****  *    Output routine that adds extra line feeds at line breaks. 
 159:uart.c        ****  *
 160:uart.c        ****  * Params:
 161:uart.c        ****  *    [in] charToSend - The character to print (to uart #1) 
 162:uart.c        ****  *
 163:uart.c        ****  ****************************************************************************/
 164:uart.c        **** void
 165:uart.c        **** uart1SendCh(tU8 charToSend)
 166:uart.c        **** {
 289              		.loc 1 166 0
 290              		.cfi_startproc
 291 0148 10B5     		push	{r4, lr}
 292              	.LCFI2:
 293              		.cfi_def_cfa_offset 8
 294              		.cfi_offset 4, -8
 295              		.cfi_offset 14, -4
 296              	.LVL14:
 297              		.loc 1 166 0
 298 014a 0406     		lsl	r4, r0, #24
 299 014c 240E     		lsr	r4, r4, #24
 167:uart.c        ****   if(charToSend == '\n')
 300              		.loc 1 167 0
 301 014e 0A2C     		cmp	r4, #10
 302 0150 02D1     		bne	.L12
 168:uart.c        ****     uart1SendChar('\r');
 303              		.loc 1 168 0
 304 0152 0D20     		mov	r0, #13
 305              	.LVL15:
 306 0154 FFF7FEFF 		bl	uart1SendChar
 307              	.L12:
 169:uart.c        **** 
 170:uart.c        ****   uart1SendChar(charToSend);
 308              		.loc 1 170 0
 309 0158 201C     		mov	r0, r4
 310 015a FFF7FEFF 		bl	uart1SendChar
 171:uart.c        **** }
 311              		.loc 1 171 0
 312              		@ sp needed for prologue
 313 015e 10BC     		pop	{r4}
 314 0160 01BC     		pop	{r0}
 315 0162 0047     		bx	r0
 316              		.cfi_endproc
 317              	.LFE2:
 318              		.size	uart1SendCh, .-uart1SendCh
 319              		.align	1
 320              		.global	uart1SendString
 321              		.code	16
 322              		.thumb_func
 323              		.type	uart1SendString, %function
 324              	uart1SendString:
 325              	.LFB3:
ARM GAS  C:\Users\KOZLOV~1\AppData\Local\Temp\ccPgRAk3.s 			page 10


 172:uart.c        **** 
 173:uart.c        **** 
 174:uart.c        **** /*****************************************************************************
 175:uart.c        ****  *
 176:uart.c        ****  * Description:
 177:uart.c        ****  *    Print NULL-terminated string to uart #1. 
 178:uart.c        ****  *
 179:uart.c        ****  * Params:
 180:uart.c        ****  *    [in] pString - Pointer to NULL-terminated string to be printed 
 181:uart.c        ****  *
 182:uart.c        ****  ****************************************************************************/
 183:uart.c        **** void
 184:uart.c        **** uart1SendString(tU8 *pString)
 185:uart.c        **** {
 326              		.loc 1 185 0
 327              		.cfi_startproc
 328 0164 10B5     		push	{r4, lr}
 329              	.LCFI3:
 330              		.cfi_def_cfa_offset 8
 331              		.cfi_offset 4, -8
 332              		.cfi_offset 14, -4
 333              	.LVL16:
 334              		.loc 1 185 0
 335 0166 041C     		mov	r4, r0
 186:uart.c        ****   while(*pString)
 336              		.loc 1 186 0
 337 0168 02E0     		b	.L14
 338              	.LVL17:
 339              	.L15:
 187:uart.c        ****     uart1SendCh(*pString++);
 340              		.loc 1 187 0
 341 016a 0134     		add	r4, r4, #1
 342              	.LVL18:
 343 016c FFF7FEFF 		bl	uart1SendCh
 344              	.L14:
 186:uart.c        ****   while(*pString)
 345              		.loc 1 186 0 discriminator 1
 346 0170 2078     		ldrb	r0, [r4]
 347 0172 0028     		cmp	r0, #0
 348 0174 F9D1     		bne	.L15
 188:uart.c        **** }
 349              		.loc 1 188 0
 350              		@ sp needed for prologue
 351              	.LVL19:
 352 0176 10BC     		pop	{r4}
 353 0178 01BC     		pop	{r0}
 354 017a 0047     		bx	r0
 355              		.cfi_endproc
 356              	.LFE3:
 357              		.size	uart1SendString, .-uart1SendString
 358              		.align	1
 359              		.global	uart1SendChars
 360              		.code	16
 361              		.thumb_func
 362              		.type	uart1SendChars, %function
 363              	uart1SendChars:
 364              	.LFB4:
ARM GAS  C:\Users\KOZLOV~1\AppData\Local\Temp\ccPgRAk3.s 			page 11


 189:uart.c        **** 
 190:uart.c        **** /*****************************************************************************
 191:uart.c        ****  *
 192:uart.c        ****  * Description:
 193:uart.c        ****  *    Print a fixed number of bytes (as opposed to NULL-terminated string).
 194:uart.c        ****  *
 195:uart.c        ****  * Params:
 196:uart.c        ****  *    [in] pBuff - The character to print (to uart #1) 
 197:uart.c        ****  *    [in] count - Number of characters to print
 198:uart.c        ****  *
 199:uart.c        ****  ****************************************************************************/
 200:uart.c        **** void
 201:uart.c        **** uart1SendChars(char *pBuff, tU16 count)
 202:uart.c        **** {
 365              		.loc 1 202 0
 366              		.cfi_startproc
 367 017c 30B5     		push	{r4, r5, lr}
 368              	.LCFI4:
 369              		.cfi_def_cfa_offset 12
 370              		.cfi_offset 4, -12
 371              		.cfi_offset 5, -8
 372              		.cfi_offset 14, -4
 373              	.LVL20:
 374 017e 051C     		mov	r5, r0
 375 0180 0C04     		lsl	r4, r1, #16
 376 0182 05E0     		b	.L19
 377              	.LVL21:
 378              	.L18:
 203:uart.c        ****   while (count--)
 204:uart.c        ****     uart1SendChar(*pBuff++);
 379              		.loc 1 204 0
 380 0184 2878     		ldrb	r0, [r5]
 381 0186 FFF7FEFF 		bl	uart1SendChar
 382 018a 013C     		sub	r4, r4, #1
 383 018c 0135     		add	r5, r5, #1
 384              	.LVL22:
 385 018e 2404     		lsl	r4, r4, #16
 386              	.L19:
 387 0190 240C     		lsr	r4, r4, #16
 203:uart.c        ****   while (count--)
 388              		.loc 1 203 0
 389 0192 F7D1     		bne	.L18
 205:uart.c        **** }
 390              		.loc 1 205 0
 391              		@ sp needed for prologue
 392              	.LVL23:
 393 0194 30BC     		pop	{r4, r5}
 394 0196 01BC     		pop	{r0}
 395 0198 0047     		bx	r0
 396              		.cfi_endproc
 397              	.LFE4:
 398              		.size	uart1SendChars, .-uart1SendChars
 399              		.align	1
 400              		.global	uart1GetChar
 401              		.code	16
 402              		.thumb_func
 403              		.type	uart1GetChar, %function
ARM GAS  C:\Users\KOZLOV~1\AppData\Local\Temp\ccPgRAk3.s 			page 12


 404              	uart1GetChar:
 405              	.LFB6:
 206:uart.c        **** 
 207:uart.c        **** /*****************************************************************************
 208:uart.c        ****  *
 209:uart.c        ****  * Description:
 210:uart.c        ****  *    Blocking function that waits for a received character. 
 211:uart.c        ****  *
 212:uart.c        ****  * Return:
 213:uart.c        ****  *    The received character. 
 214:uart.c        ****  *
 215:uart.c        ****  ****************************************************************************/
 216:uart.c        **** tU8
 217:uart.c        **** uart1GetCh(void)
 218:uart.c        **** {
 219:uart.c        **** 	tU8 rxChar;
 220:uart.c        **** 
 221:uart.c        ****   //wait for a character to be available
 222:uart.c        ****   while(uart1GetChar(&rxChar) == FALSE)
 223:uart.c        ****     ;
 224:uart.c        ****   return rxChar;
 225:uart.c        **** }
 226:uart.c        **** 
 227:uart.c        **** /*****************************************************************************
 228:uart.c        ****  *
 229:uart.c        ****  * Description:
 230:uart.c        ****  *    Non-blocking receive function.
 231:uart.c        ****  *
 232:uart.c        ****  * Params:
 233:uart.c        ****  *    [in] pRxChar - Pointer to buffer where the received character shall
 234:uart.c        ****  *                   be placed.
 235:uart.c        ****  *
 236:uart.c        ****  * Return:
 237:uart.c        ****  *    TRUE if character was received, else FALSE.
 238:uart.c        ****  *
 239:uart.c        ****  ****************************************************************************/
 240:uart.c        **** tU8
 241:uart.c        **** uart1GetChar(tU8 *pRxChar)
 242:uart.c        **** {
 406              		.loc 1 242 0
 407              		.cfi_startproc
 408 019a 11B5     		push	{r0, r4, lr}
 409              	.LCFI5:
 410              		.cfi_def_cfa_offset 12
 411              		.cfi_offset 0, -12
 412              		.cfi_offset 4, -8
 413              		.cfi_offset 14, -4
 414              	.LVL24:
 243:uart.c        ****   volatile tU32 cpsrReg;
 244:uart.c        ****   tU32 tmpTail;
 245:uart.c        **** 
 246:uart.c        ****   /* buffer is empty */
 247:uart.c        ****   if(uart1RxHead == uart1RxTail)
 415              		.loc 1 247 0
 416 019c 114C     		ldr	r4, .L24
 417 019e E168     		ldr	r1, [r4, #12]
 418 01a0 2269     		ldr	r2, [r4, #16]
ARM GAS  C:\Users\KOZLOV~1\AppData\Local\Temp\ccPgRAk3.s 			page 13


 248:uart.c        ****     return FALSE;
 419              		.loc 1 248 0
 420 01a2 0023     		mov	r3, #0
 247:uart.c        ****   if(uart1RxHead == uart1RxTail)
 421              		.loc 1 247 0
 422 01a4 9142     		cmp	r1, r2
 423 01a6 19D0     		beq	.L21
 424              	.LVL25:
 425              	.LBB4:
 426              	.LBB5:
 249:uart.c        **** 
 250:uart.c        ****   tmpTail     = (uart1RxTail + 1) & RX_BUFFER_MASK;
 427              		.loc 1 250 0
 428 01a8 2369     		ldr	r3, [r4, #16]
 429 01aa 0133     		add	r3, r3, #1
 430 01ac 9B05     		lsl	r3, r3, #22
 431 01ae 9B0D     		lsr	r3, r3, #22
 432              	.LVL26:
 251:uart.c        ****   uart1RxTail = tmpTail; 
 433              		.loc 1 251 0
 434 01b0 2361     		str	r3, [r4, #16]
 252:uart.c        **** 
 253:uart.c        ****   *pRxChar = uart1RxBuf[tmpTail];
 435              		.loc 1 253 0
 436 01b2 0D4A     		ldr	r2, .L24+4
 437 01b4 D35C     		ldrb	r3, [r2, r3]
 438              	.LVL27:
 439 01b6 0370     		strb	r3, [r0]
 254:uart.c        **** 
 255:uart.c        ****   //disable IRQ
 256:uart.c        ****   cpsrReg = disIrq();
 440              		.loc 1 256 0
 441 01b8 FFF7FEFF 		bl	disIrq
 442              	.LVL28:
 443 01bc 0090     		str	r0, [sp]
 257:uart.c        **** 
 258:uart.c        ****   uart1RxInBuff--;
 444              		.loc 1 258 0
 445 01be 6369     		ldr	r3, [r4, #20]
 446 01c0 013B     		sub	r3, r3, #1
 447 01c2 6361     		str	r3, [r4, #20]
 259:uart.c        ****   if(uart1RxInBuff == (RX_BUFFER_SIZE - RX_BUFFER_LIMIT))
 448              		.loc 1 259 0
 449 01c4 6269     		ldr	r2, [r4, #20]
 450 01c6 F023     		mov	r3, #240
 451 01c8 9B00     		lsl	r3, r3, #2
 452 01ca 9A42     		cmp	r2, r3
 453 01cc 02D1     		bne	.L22
 260:uart.c        ****   {
 261:uart.c        ****     //pull RTS high = accept bytes from other side again
 262:uart.c        ****     UART1_MCR = 0x02;
 454              		.loc 1 262 0
 455 01ce 074B     		ldr	r3, .L24+8
 456 01d0 0222     		mov	r2, #2
 457 01d2 1A60     		str	r2, [r3]
 458              	.L22:
 263:uart.c        ****   }
ARM GAS  C:\Users\KOZLOV~1\AppData\Local\Temp\ccPgRAk3.s 			page 14


 264:uart.c        **** 
 265:uart.c        ****   //enable IRQ
 266:uart.c        ****   restoreIrq(cpsrReg);
 459              		.loc 1 266 0
 460 01d4 0098     		ldr	r0, [sp]
 461              	.LVL29:
 462 01d6 FFF7FEFF 		bl	restoreIrq
 463 01da 0123     		mov	r3, #1
 464              	.L21:
 465              	.LBE5:
 466              	.LBE4:
 267:uart.c        **** 
 268:uart.c        ****   return TRUE;
 269:uart.c        **** }
 467              		.loc 1 269 0
 468 01dc 181C     		mov	r0, r3
 469              		@ sp needed for prologue
 470 01de 12BC     		pop	{r1, r4}
 471 01e0 02BC     		pop	{r1}
 472 01e2 0847     		bx	r1
 473              	.L25:
 474              		.align	2
 475              	.L24:
 476 01e4 00000000 		.word	.LANCHOR0
 477 01e8 00000000 		.word	uart1RxBuf
 478 01ec 100001E0 		.word	-536805360
 479              		.cfi_endproc
 480              	.LFE6:
 481              		.size	uart1GetChar, .-uart1GetChar
 482              		.align	1
 483              		.global	uart1GetCh
 484              		.code	16
 485              		.thumb_func
 486              		.type	uart1GetCh, %function
 487              	uart1GetCh:
 488              	.LFB5:
 218:uart.c        **** {
 489              		.loc 1 218 0
 490              		.cfi_startproc
 491 01f0 11B5     		push	{r0, r4, lr}
 492              	.LCFI6:
 493              		.cfi_def_cfa_offset 12
 494              		.cfi_offset 0, -12
 495              		.cfi_offset 4, -8
 496              		.cfi_offset 14, -4
 222:uart.c        ****   while(uart1GetChar(&rxChar) == FALSE)
 497              		.loc 1 222 0
 498 01f2 6C46     		mov	r4, sp
 499 01f4 0334     		add	r4, r4, #3
 500              	.L27:
 222:uart.c        ****   while(uart1GetChar(&rxChar) == FALSE)
 501              		.loc 1 222 0 is_stmt 0 discriminator 1
 502 01f6 201C     		mov	r0, r4
 503 01f8 FFF7FEFF 		bl	uart1GetChar
 504 01fc 0028     		cmp	r0, #0
 505 01fe FAD0     		beq	.L27
 506              	.LVL30:
ARM GAS  C:\Users\KOZLOV~1\AppData\Local\Temp\ccPgRAk3.s 			page 15


 224:uart.c        ****   return rxChar;
 507              		.loc 1 224 0 is_stmt 1
 508 0200 2078     		ldrb	r0, [r4]
 509              	.LVL31:
 225:uart.c        **** }
 510              		.loc 1 225 0
 511              		@ sp needed for prologue
 512 0202 12BC     		pop	{r1, r4}
 513 0204 02BC     		pop	{r1}
 514 0206 0847     		bx	r1
 515              		.cfi_endproc
 516              	.LFE5:
 517              		.size	uart1GetCh, .-uart1GetCh
 518              		.align	1
 519              		.global	uart1GetChSem
 520              		.code	16
 521              		.thumb_func
 522              		.type	uart1GetChSem, %function
 523              	uart1GetChSem:
 524              	.LFB7:
 270:uart.c        **** 
 271:uart.c        **** /*****************************************************************************
 272:uart.c        ****  *
 273:uart.c        ****  * Description:
 274:uart.c        ****  *    Blocking (with semaphore) function that waits for a received character. 
 275:uart.c        ****  *
 276:uart.c        ****  * Return:
 277:uart.c        ****  *    The received character. 
 278:uart.c        ****  *
 279:uart.c        ****  ****************************************************************************/
 280:uart.c        **** tU8
 281:uart.c        **** uart1GetChSem(void)
 282:uart.c        **** {
 525              		.loc 1 282 0
 526              		.cfi_startproc
 527 0208 11B5     		push	{r0, r4, lr}
 528              	.LCFI7:
 529              		.cfi_def_cfa_offset 12
 530              		.cfi_offset 0, -12
 531              		.cfi_offset 4, -8
 532              		.cfi_offset 14, -4
 283:uart.c        **** 	tU8 rxChar;
 284:uart.c        **** 	tU8 error;
 285:uart.c        **** 
 286:uart.c        ****   //wait for a character to be available
 287:uart.c        ****   osSemTake(&receiveSem, 0, &error); //wait forever, no timeout
 533              		.loc 1 287 0
 534 020a 6A46     		mov	r2, sp
 535 020c 0748     		ldr	r0, .L32
 536 020e 0021     		mov	r1, #0
 537 0210 0332     		add	r2, r2, #3
 538 0212 FFF7FEFF 		bl	osSemTake
 288:uart.c        **** 
 289:uart.c        ****   //should never loop here, but just in case...
 290:uart.c        ****   while(uart1GetChar(&rxChar) == FALSE)
 539              		.loc 1 290 0
 540 0216 6C46     		mov	r4, sp
ARM GAS  C:\Users\KOZLOV~1\AppData\Local\Temp\ccPgRAk3.s 			page 16


 541 0218 0234     		add	r4, r4, #2
 542              	.L30:
 543              		.loc 1 290 0 is_stmt 0 discriminator 1
 544 021a 201C     		mov	r0, r4
 545 021c FFF7FEFF 		bl	uart1GetChar
 546 0220 0028     		cmp	r0, #0
 547 0222 FAD0     		beq	.L30
 548              	.LVL32:
 291:uart.c        ****     ;
 292:uart.c        ****   return rxChar;
 549              		.loc 1 292 0 is_stmt 1
 550 0224 2078     		ldrb	r0, [r4]
 551              	.LVL33:
 293:uart.c        **** }
 552              		.loc 1 293 0
 553              		@ sp needed for prologue
 554 0226 12BC     		pop	{r1, r4}
 555 0228 02BC     		pop	{r1}
 556 022a 0847     		bx	r1
 557              	.L33:
 558              		.align	2
 559              	.L32:
 560 022c 00000000 		.word	receiveSem
 561              		.cfi_endproc
 562              	.LFE7:
 563              		.size	uart1GetChSem, .-uart1GetChSem
 564              		.comm	receiveSem,28,4
 565              		.global	uart1RxInBuff
 566              		.global	uart1RxTail
 567              		.global	uart1RxHead
 568              		.comm	uart1RxBuf,1024,1
 569              		.global	uart1TxRunning
 570              		.global	uart1TxTail
 571              		.global	uart1TxHead
 572              		.comm	uart1TxBuf,256,1
 573              		.bss
 574              		.align	2
 575              		.set	.LANCHOR0,. + 0
 576              		.type	uart1TxHead, %object
 577              		.size	uart1TxHead, 4
 578              	uart1TxHead:
 579 0000 00000000 		.space	4
 580              		.type	uart1TxTail, %object
 581              		.size	uart1TxTail, 4
 582              	uart1TxTail:
 583 0004 00000000 		.space	4
 584              		.type	uart1TxRunning, %object
 585              		.size	uart1TxRunning, 1
 586              	uart1TxRunning:
 587 0008 00       		.space	1
 588 0009 000000   		.space	3
 589              		.type	uart1RxHead, %object
 590              		.size	uart1RxHead, 4
 591              	uart1RxHead:
 592 000c 00000000 		.space	4
 593              		.type	uart1RxTail, %object
 594              		.size	uart1RxTail, 4
ARM GAS  C:\Users\KOZLOV~1\AppData\Local\Temp\ccPgRAk3.s 			page 17


 595              	uart1RxTail:
 596 0010 00000000 		.space	4
 597              		.type	uart1RxInBuff, %object
 598              		.size	uart1RxInBuff, 4
 599              	uart1RxInBuff:
 600 0014 00000000 		.space	4
 601              		.text
 602              	.Letext0:
 603              		.file 2 "./startup/../pre_emptive_os/api/../api/general.h"
 604              		.file 3 "./startup/../pre_emptive_os/api/osapi.h"
 605              		.section	.debug_info,"",%progbits
 606              	.Ldebug_info0:
 607 0000 E1040000 		.4byte	0x4e1
 608 0004 0200     		.2byte	0x2
 609 0006 00000000 		.4byte	.Ldebug_abbrev0
 610 000a 04       		.byte	0x4
 611 000b 01       		.uleb128 0x1
 612 000c 1B010000 		.4byte	.LASF60
 613 0010 01       		.byte	0x1
 614 0011 54000000 		.4byte	.LASF61
 615 0015 6D010000 		.4byte	.LASF62
 616 0019 00000000 		.4byte	.Ltext0
 617 001d 30020000 		.4byte	.Letext0
 618 0021 00000000 		.4byte	.Ldebug_line0
 619 0025 02       		.uleb128 0x2
 620 0026 74553800 		.ascii	"tU8\000"
 621 002a 02       		.byte	0x2
 622 002b 47       		.byte	0x47
 623 002c 30000000 		.4byte	0x30
 624 0030 03       		.uleb128 0x3
 625 0031 01       		.byte	0x1
 626 0032 08       		.byte	0x8
 627 0033 AD000000 		.4byte	.LASF1
 628 0037 04       		.uleb128 0x4
 629 0038 0A020000 		.4byte	.LASF0
 630 003c 02       		.byte	0x2
 631 003d 48       		.byte	0x48
 632 003e 42000000 		.4byte	0x42
 633 0042 03       		.uleb128 0x3
 634 0043 02       		.byte	0x2
 635 0044 07       		.byte	0x7
 636 0045 DF000000 		.4byte	.LASF2
 637 0049 04       		.uleb128 0x4
 638 004a 0F020000 		.4byte	.LASF3
 639 004e 02       		.byte	0x2
 640 004f 49       		.byte	0x49
 641 0050 54000000 		.4byte	0x54
 642 0054 03       		.uleb128 0x3
 643 0055 04       		.byte	0x4
 644 0056 07       		.byte	0x7
 645 0057 C5010000 		.4byte	.LASF4
 646 005b 03       		.uleb128 0x3
 647 005c 01       		.byte	0x1
 648 005d 06       		.byte	0x6
 649 005e 9A020000 		.4byte	.LASF5
 650 0062 03       		.uleb128 0x3
 651 0063 02       		.byte	0x2
ARM GAS  C:\Users\KOZLOV~1\AppData\Local\Temp\ccPgRAk3.s 			page 18


 652 0064 05       		.byte	0x5
 653 0065 52020000 		.4byte	.LASF6
 654 0069 05       		.uleb128 0x5
 655 006a 04       		.byte	0x4
 656 006b 05       		.byte	0x5
 657 006c 696E7400 		.ascii	"int\000"
 658 0070 06       		.uleb128 0x6
 659 0071 35010000 		.4byte	.LASF19
 660 0075 28       		.byte	0x28
 661 0076 03       		.byte	0x3
 662 0077 57       		.byte	0x57
 663 0078 25010000 		.4byte	0x125
 664 007c 07       		.uleb128 0x7
 665 007d 1C000000 		.4byte	.LASF7
 666 0081 03       		.byte	0x3
 667 0082 59       		.byte	0x59
 668 0083 25010000 		.4byte	0x125
 669 0087 02       		.byte	0x2
 670 0088 23       		.byte	0x23
 671 0089 00       		.uleb128 0
 672 008a 07       		.uleb128 0x7
 673 008b 53010000 		.4byte	.LASF8
 674 008f 03       		.byte	0x3
 675 0090 5A       		.byte	0x5a
 676 0091 2B010000 		.4byte	0x12b
 677 0095 02       		.byte	0x2
 678 0096 23       		.byte	0x23
 679 0097 04       		.uleb128 0x4
 680 0098 07       		.uleb128 0x7
 681 0099 07010000 		.4byte	.LASF9
 682 009d 03       		.byte	0x3
 683 009e 5B       		.byte	0x5b
 684 009f 2B010000 		.4byte	0x12b
 685 00a3 02       		.byte	0x2
 686 00a4 23       		.byte	0x23
 687 00a5 08       		.uleb128 0x8
 688 00a6 07       		.uleb128 0x7
 689 00a7 A9010000 		.4byte	.LASF10
 690 00ab 03       		.byte	0x3
 691 00ac 5C       		.byte	0x5c
 692 00ad 2B010000 		.4byte	0x12b
 693 00b1 02       		.byte	0x2
 694 00b2 23       		.byte	0x23
 695 00b3 0C       		.uleb128 0xc
 696 00b4 07       		.uleb128 0x7
 697 00b5 3F010000 		.4byte	.LASF11
 698 00b9 03       		.byte	0x3
 699 00ba 5D       		.byte	0x5d
 700 00bb 2B010000 		.4byte	0x12b
 701 00bf 02       		.byte	0x2
 702 00c0 23       		.byte	0x23
 703 00c1 10       		.uleb128 0x10
 704 00c2 07       		.uleb128 0x7
 705 00c3 8B020000 		.4byte	.LASF12
 706 00c7 03       		.byte	0x3
 707 00c8 5E       		.byte	0x5e
 708 00c9 2B010000 		.4byte	0x12b
ARM GAS  C:\Users\KOZLOV~1\AppData\Local\Temp\ccPgRAk3.s 			page 19


 709 00cd 02       		.byte	0x2
 710 00ce 23       		.byte	0x23
 711 00cf 14       		.uleb128 0x14
 712 00d0 08       		.uleb128 0x8
 713 00d1 70696400 		.ascii	"pid\000"
 714 00d5 03       		.byte	0x3
 715 00d6 5F       		.byte	0x5f
 716 00d7 25000000 		.4byte	0x25
 717 00db 02       		.byte	0x2
 718 00dc 23       		.byte	0x23
 719 00dd 18       		.uleb128 0x18
 720 00de 07       		.uleb128 0x7
 721 00df 0F000000 		.4byte	.LASF13
 722 00e3 03       		.byte	0x3
 723 00e4 60       		.byte	0x60
 724 00e5 25000000 		.4byte	0x25
 725 00e9 02       		.byte	0x2
 726 00ea 23       		.byte	0x23
 727 00eb 19       		.uleb128 0x19
 728 00ec 07       		.uleb128 0x7
 729 00ed 98010000 		.4byte	.LASF14
 730 00f1 03       		.byte	0x3
 731 00f2 61       		.byte	0x61
 732 00f3 25000000 		.4byte	0x25
 733 00f7 02       		.byte	0x2
 734 00f8 23       		.byte	0x23
 735 00f9 1A       		.uleb128 0x1a
 736 00fa 07       		.uleb128 0x7
 737 00fb A6020000 		.4byte	.LASF15
 738 00ff 03       		.byte	0x3
 739 0100 62       		.byte	0x62
 740 0101 49000000 		.4byte	0x49
 741 0105 02       		.byte	0x2
 742 0106 23       		.byte	0x23
 743 0107 1C       		.uleb128 0x1c
 744 0108 07       		.uleb128 0x7
 745 0109 EC010000 		.4byte	.LASF16
 746 010d 03       		.byte	0x3
 747 010e 65       		.byte	0x65
 748 010f 25010000 		.4byte	0x125
 749 0113 02       		.byte	0x2
 750 0114 23       		.byte	0x23
 751 0115 20       		.uleb128 0x20
 752 0116 07       		.uleb128 0x7
 753 0117 D2010000 		.4byte	.LASF17
 754 011b 03       		.byte	0x3
 755 011c 66       		.byte	0x66
 756 011d 37000000 		.4byte	0x37
 757 0121 02       		.byte	0x2
 758 0122 23       		.byte	0x23
 759 0123 24       		.uleb128 0x24
 760 0124 00       		.byte	0
 761 0125 09       		.uleb128 0x9
 762 0126 04       		.byte	0x4
 763 0127 25000000 		.4byte	0x25
 764 012b 09       		.uleb128 0x9
 765 012c 04       		.byte	0x4
ARM GAS  C:\Users\KOZLOV~1\AppData\Local\Temp\ccPgRAk3.s 			page 20


 766 012d 70000000 		.4byte	0x70
 767 0131 04       		.uleb128 0x4
 768 0132 BB000000 		.4byte	.LASF18
 769 0136 03       		.byte	0x3
 770 0137 68       		.byte	0x68
 771 0138 70000000 		.4byte	0x70
 772 013c 06       		.uleb128 0x6
 773 013d 94000000 		.4byte	.LASF20
 774 0141 18       		.byte	0x18
 775 0142 03       		.byte	0x3
 776 0143 6F       		.byte	0x6f
 777 0144 65010000 		.4byte	0x165
 778 0148 07       		.uleb128 0x7
 779 0149 39000000 		.4byte	.LASF21
 780 014d 03       		.byte	0x3
 781 014e 71       		.byte	0x71
 782 014f 65010000 		.4byte	0x165
 783 0153 02       		.byte	0x2
 784 0154 23       		.byte	0x23
 785 0155 00       		.uleb128 0
 786 0156 07       		.uleb128 0x7
 787 0157 43000000 		.4byte	.LASF22
 788 015b 03       		.byte	0x3
 789 015c 72       		.byte	0x72
 790 015d 7C010000 		.4byte	0x17c
 791 0161 02       		.byte	0x2
 792 0162 23       		.byte	0x23
 793 0163 14       		.uleb128 0x14
 794 0164 00       		.byte	0
 795 0165 0A       		.uleb128 0xa
 796 0166 7C010000 		.4byte	0x17c
 797 016a 75010000 		.4byte	0x175
 798 016e 0B       		.uleb128 0xb
 799 016f 75010000 		.4byte	0x175
 800 0173 04       		.byte	0x4
 801 0174 00       		.byte	0
 802 0175 03       		.uleb128 0x3
 803 0176 04       		.byte	0x4
 804 0177 07       		.byte	0x7
 805 0178 CD000000 		.4byte	.LASF23
 806 017c 09       		.uleb128 0x9
 807 017d 04       		.byte	0x4
 808 017e 31010000 		.4byte	0x131
 809 0182 04       		.uleb128 0x4
 810 0183 C2000000 		.4byte	.LASF24
 811 0187 03       		.byte	0x3
 812 0188 73       		.byte	0x73
 813 0189 3C010000 		.4byte	0x13c
 814 018d 06       		.uleb128 0x6
 815 018e 3F020000 		.4byte	.LASF25
 816 0192 18       		.byte	0x18
 817 0193 03       		.byte	0x3
 818 0194 75       		.byte	0x75
 819 0195 A8010000 		.4byte	0x1a8
 820 0199 07       		.uleb128 0x7
 821 019a E1010000 		.4byte	.LASF26
 822 019e 03       		.byte	0x3
ARM GAS  C:\Users\KOZLOV~1\AppData\Local\Temp\ccPgRAk3.s 			page 21


 823 019f 77       		.byte	0x77
 824 01a0 82010000 		.4byte	0x182
 825 01a4 02       		.byte	0x2
 826 01a5 23       		.byte	0x23
 827 01a6 00       		.uleb128 0
 828 01a7 00       		.byte	0
 829 01a8 04       		.uleb128 0x4
 830 01a9 2B020000 		.4byte	.LASF27
 831 01ad 03       		.byte	0x3
 832 01ae 78       		.byte	0x78
 833 01af 8D010000 		.4byte	0x18d
 834 01b3 06       		.uleb128 0x6
 835 01b4 21000000 		.4byte	.LASF28
 836 01b8 1C       		.byte	0x1c
 837 01b9 03       		.byte	0x3
 838 01ba 7A       		.byte	0x7a
 839 01bb DB010000 		.4byte	0x1db
 840 01bf 08       		.uleb128 0x8
 841 01c0 657600   		.ascii	"ev\000"
 842 01c3 03       		.byte	0x3
 843 01c4 7C       		.byte	0x7c
 844 01c5 A8010000 		.4byte	0x1a8
 845 01c9 02       		.byte	0x2
 846 01ca 23       		.byte	0x23
 847 01cb 00       		.uleb128 0
 848 01cc 08       		.uleb128 0x8
 849 01cd 636E7400 		.ascii	"cnt\000"
 850 01d1 03       		.byte	0x3
 851 01d2 7D       		.byte	0x7d
 852 01d3 37000000 		.4byte	0x37
 853 01d7 02       		.byte	0x2
 854 01d8 23       		.byte	0x23
 855 01d9 18       		.uleb128 0x18
 856 01da 00       		.byte	0
 857 01db 04       		.uleb128 0x4
 858 01dc 7E000000 		.4byte	.LASF29
 859 01e0 03       		.byte	0x3
 860 01e1 7F       		.byte	0x7f
 861 01e2 B3010000 		.4byte	0x1b3
 862 01e6 0C       		.uleb128 0xc
 863 01e7 01       		.byte	0x1
 864 01e8 1E020000 		.4byte	.LASF63
 865 01ec 01       		.byte	0x1
 866 01ed F1       		.byte	0xf1
 867 01ee 01       		.byte	0x1
 868 01ef 25000000 		.4byte	0x25
 869 01f3 01       		.byte	0x1
 870 01f4 1A020000 		.4byte	0x21a
 871 01f8 0D       		.uleb128 0xd
 872 01f9 BD010000 		.4byte	.LASF64
 873 01fd 01       		.byte	0x1
 874 01fe F1       		.byte	0xf1
 875 01ff 25010000 		.4byte	0x125
 876 0203 0E       		.uleb128 0xe
 877 0204 31000000 		.4byte	.LASF30
 878 0208 01       		.byte	0x1
 879 0209 F3       		.byte	0xf3
ARM GAS  C:\Users\KOZLOV~1\AppData\Local\Temp\ccPgRAk3.s 			page 22


 880 020a 1A020000 		.4byte	0x21a
 881 020e 0E       		.uleb128 0xe
 882 020f 5B000000 		.4byte	.LASF31
 883 0213 01       		.byte	0x1
 884 0214 F4       		.byte	0xf4
 885 0215 49000000 		.4byte	0x49
 886 0219 00       		.byte	0
 887 021a 0F       		.uleb128 0xf
 888 021b 49000000 		.4byte	0x49
 889 021f 10       		.uleb128 0x10
 890 0220 01       		.byte	0x1
 891 0221 F4010000 		.4byte	.LASF35
 892 0225 01       		.byte	0x1
 893 0226 37       		.byte	0x37
 894 0227 01       		.byte	0x1
 895 0228 00000000 		.4byte	.LFB0
 896 022c DC000000 		.4byte	.LFE0
 897 0230 00000000 		.4byte	.LLST0
 898 0234 75020000 		.4byte	0x275
 899 0238 11       		.uleb128 0x11
 900 0239 79020000 		.4byte	.LASF32
 901 023d 01       		.byte	0x1
 902 023e 37       		.byte	0x37
 903 023f 37000000 		.4byte	0x37
 904 0243 20000000 		.4byte	.LLST1
 905 0247 11       		.uleb128 0x11
 906 0248 E7010000 		.4byte	.LASF33
 907 024c 01       		.byte	0x1
 908 024d 37       		.byte	0x37
 909 024e 25000000 		.4byte	0x25
 910 0252 33000000 		.4byte	.LLST2
 911 0256 11       		.uleb128 0x11
 912 0257 14020000 		.4byte	.LASF34
 913 025b 01       		.byte	0x1
 914 025c 37       		.byte	0x37
 915 025d 25000000 		.4byte	0x25
 916 0261 46000000 		.4byte	.LLST3
 917 0265 12       		.uleb128 0x12
 918 0266 73020000 		.4byte	.LASF38
 919 026a 01       		.byte	0x1
 920 026b 39       		.byte	0x39
 921 026c 1A020000 		.4byte	0x21a
 922 0270 59000000 		.4byte	.LLST4
 923 0274 00       		.byte	0
 924 0275 10       		.uleb128 0x10
 925 0276 01       		.byte	0x1
 926 0277 27010000 		.4byte	.LASF36
 927 027b 01       		.byte	0x1
 928 027c 72       		.byte	0x72
 929 027d 01       		.byte	0x1
 930 027e DC000000 		.4byte	.LFB1
 931 0282 48010000 		.4byte	.LFE1
 932 0286 8F000000 		.4byte	.LLST5
 933 028a BC020000 		.4byte	0x2bc
 934 028e 11       		.uleb128 0x11
 935 028f 34020000 		.4byte	.LASF37
 936 0293 01       		.byte	0x1
ARM GAS  C:\Users\KOZLOV~1\AppData\Local\Temp\ccPgRAk3.s 			page 23


 937 0294 72       		.byte	0x72
 938 0295 25000000 		.4byte	0x25
 939 0299 AF000000 		.4byte	.LLST6
 940 029d 12       		.uleb128 0x12
 941 029e 31000000 		.4byte	.LASF30
 942 02a2 01       		.byte	0x1
 943 02a3 74       		.byte	0x74
 944 02a4 1A020000 		.4byte	0x21a
 945 02a8 C2000000 		.4byte	.LLST7
 946 02ac 12       		.uleb128 0x12
 947 02ad 4A020000 		.4byte	.LASF39
 948 02b1 01       		.byte	0x1
 949 02b2 75       		.byte	0x75
 950 02b3 49000000 		.4byte	0x49
 951 02b7 E1000000 		.4byte	.LLST8
 952 02bb 00       		.byte	0
 953 02bc 10       		.uleb128 0x10
 954 02bd 01       		.byte	0x1
 955 02be 5C020000 		.4byte	.LASF40
 956 02c2 01       		.byte	0x1
 957 02c3 A5       		.byte	0xa5
 958 02c4 01       		.byte	0x1
 959 02c5 48010000 		.4byte	.LFB2
 960 02c9 64010000 		.4byte	.LFE2
 961 02cd F4000000 		.4byte	.LLST9
 962 02d1 E5020000 		.4byte	0x2e5
 963 02d5 11       		.uleb128 0x11
 964 02d6 34020000 		.4byte	.LASF37
 965 02da 01       		.byte	0x1
 966 02db A5       		.byte	0xa5
 967 02dc 25000000 		.4byte	0x25
 968 02e0 14010000 		.4byte	.LLST10
 969 02e4 00       		.byte	0
 970 02e5 10       		.uleb128 0x10
 971 02e6 01       		.byte	0x1
 972 02e7 63000000 		.4byte	.LASF41
 973 02eb 01       		.byte	0x1
 974 02ec B8       		.byte	0xb8
 975 02ed 01       		.byte	0x1
 976 02ee 64010000 		.4byte	.LFB3
 977 02f2 7C010000 		.4byte	.LFE3
 978 02f6 27010000 		.4byte	.LLST11
 979 02fa 0E030000 		.4byte	0x30e
 980 02fe 11       		.uleb128 0x11
 981 02ff 14000000 		.4byte	.LASF42
 982 0303 01       		.byte	0x1
 983 0304 B8       		.byte	0xb8
 984 0305 25010000 		.4byte	0x125
 985 0309 47010000 		.4byte	.LLST12
 986 030d 00       		.byte	0
 987 030e 10       		.uleb128 0x10
 988 030f 01       		.byte	0x1
 989 0310 00000000 		.4byte	.LASF43
 990 0314 01       		.byte	0x1
 991 0315 C9       		.byte	0xc9
 992 0316 01       		.byte	0x1
 993 0317 7C010000 		.4byte	.LFB4
ARM GAS  C:\Users\KOZLOV~1\AppData\Local\Temp\ccPgRAk3.s 			page 24


 994 031b 9A010000 		.4byte	.LFE4
 995 031f 65010000 		.4byte	.LLST13
 996 0323 46030000 		.4byte	0x346
 997 0327 11       		.uleb128 0x11
 998 0328 01010000 		.4byte	.LASF44
 999 032c 01       		.byte	0x1
 1000 032d C9       		.byte	0xc9
 1001 032e 46030000 		.4byte	0x346
 1002 0332 85010000 		.4byte	.LLST14
 1003 0336 11       		.uleb128 0x11
 1004 0337 2B000000 		.4byte	.LASF45
 1005 033b 01       		.byte	0x1
 1006 033c C9       		.byte	0xc9
 1007 033d 37000000 		.4byte	0x37
 1008 0341 A3010000 		.4byte	.LLST15
 1009 0345 00       		.byte	0
 1010 0346 09       		.uleb128 0x9
 1011 0347 04       		.byte	0x4
 1012 0348 4C030000 		.4byte	0x34c
 1013 034c 03       		.uleb128 0x3
 1014 034d 01       		.byte	0x1
 1015 034e 08       		.byte	0x8
 1016 034f DC010000 		.4byte	.LASF46
 1017 0353 13       		.uleb128 0x13
 1018 0354 E6010000 		.4byte	0x1e6
 1019 0358 9A010000 		.4byte	.LFB6
 1020 035c F0010000 		.4byte	.LFE6
 1021 0360 B6010000 		.4byte	.LLST16
 1022 0364 B1030000 		.4byte	0x3b1
 1023 0368 14       		.uleb128 0x14
 1024 0369 F8010000 		.4byte	0x1f8
 1025 036d D6010000 		.4byte	.LLST17
 1026 0371 15       		.uleb128 0x15
 1027 0372 03020000 		.4byte	0x203
 1028 0376 15       		.uleb128 0x15
 1029 0377 0E020000 		.4byte	0x20e
 1030 037b 16       		.uleb128 0x16
 1031 037c E6010000 		.4byte	0x1e6
 1032 0380 A8010000 		.4byte	.LBB4
 1033 0384 DC010000 		.4byte	.LBE4
 1034 0388 01       		.byte	0x1
 1035 0389 F1       		.byte	0xf1
 1036 038a 14       		.uleb128 0x14
 1037 038b F8010000 		.4byte	0x1f8
 1038 038f E9010000 		.4byte	.LLST18
 1039 0393 17       		.uleb128 0x17
 1040 0394 A8010000 		.4byte	.LBB5
 1041 0398 DC010000 		.4byte	.LBE5
 1042 039c 18       		.uleb128 0x18
 1043 039d 03020000 		.4byte	0x203
 1044 03a1 FC010000 		.4byte	.LLST19
 1045 03a5 18       		.uleb128 0x18
 1046 03a6 0E020000 		.4byte	0x20e
 1047 03aa 1B020000 		.4byte	.LLST20
 1048 03ae 00       		.byte	0
 1049 03af 00       		.byte	0
 1050 03b0 00       		.byte	0
ARM GAS  C:\Users\KOZLOV~1\AppData\Local\Temp\ccPgRAk3.s 			page 25


 1051 03b1 19       		.uleb128 0x19
 1052 03b2 01       		.byte	0x1
 1053 03b3 73000000 		.4byte	.LASF48
 1054 03b7 01       		.byte	0x1
 1055 03b8 D9       		.byte	0xd9
 1056 03b9 01       		.byte	0x1
 1057 03ba 25000000 		.4byte	0x25
 1058 03be F0010000 		.4byte	.LFB5
 1059 03c2 08020000 		.4byte	.LFE5
 1060 03c6 3D020000 		.4byte	.LLST21
 1061 03ca DE030000 		.4byte	0x3de
 1062 03ce 12       		.uleb128 0x12
 1063 03cf 84020000 		.4byte	.LASF47
 1064 03d3 01       		.byte	0x1
 1065 03d4 DB       		.byte	0xdb
 1066 03d5 25000000 		.4byte	0x25
 1067 03d9 5D020000 		.4byte	.LLST22
 1068 03dd 00       		.byte	0
 1069 03de 1A       		.uleb128 0x1a
 1070 03df 01       		.byte	0x1
 1071 03e0 86000000 		.4byte	.LASF49
 1072 03e4 01       		.byte	0x1
 1073 03e5 1901     		.2byte	0x119
 1074 03e7 01       		.byte	0x1
 1075 03e8 25000000 		.4byte	0x25
 1076 03ec 08020000 		.4byte	.LFB7
 1077 03f0 30020000 		.4byte	.LFE7
 1078 03f4 71020000 		.4byte	.LLST23
 1079 03f8 1C040000 		.4byte	0x41c
 1080 03fc 1B       		.uleb128 0x1b
 1081 03fd 84020000 		.4byte	.LASF47
 1082 0401 01       		.byte	0x1
 1083 0402 1B01     		.2byte	0x11b
 1084 0404 25000000 		.4byte	0x25
 1085 0408 91020000 		.4byte	.LLST24
 1086 040c 1C       		.uleb128 0x1c
 1087 040d 67010000 		.4byte	.LASF50
 1088 0411 01       		.byte	0x1
 1089 0412 1C01     		.2byte	0x11c
 1090 0414 25000000 		.4byte	0x25
 1091 0418 02       		.byte	0x2
 1092 0419 91       		.byte	0x91
 1093 041a 77       		.sleb128 -9
 1094 041b 00       		.byte	0
 1095 041c 0A       		.uleb128 0xa
 1096 041d 25000000 		.4byte	0x25
 1097 0421 2C040000 		.4byte	0x42c
 1098 0425 0B       		.uleb128 0xb
 1099 0426 75010000 		.4byte	0x175
 1100 042a FF       		.byte	0xff
 1101 042b 00       		.byte	0
 1102 042c 1D       		.uleb128 0x1d
 1103 042d 49000000 		.4byte	.LASF51
 1104 0431 01       		.byte	0x1
 1105 0432 1A       		.byte	0x1a
 1106 0433 1C040000 		.4byte	0x41c
 1107 0437 01       		.byte	0x1
ARM GAS  C:\Users\KOZLOV~1\AppData\Local\Temp\ccPgRAk3.s 			page 26


 1108 0438 05       		.byte	0x5
 1109 0439 03       		.byte	0x3
 1110 043a 00000000 		.4byte	uart1TxBuf
 1111 043e 1D       		.uleb128 0x1d
 1112 043f 9D010000 		.4byte	.LASF52
 1113 0443 01       		.byte	0x1
 1114 0444 1B       		.byte	0x1b
 1115 0445 1A020000 		.4byte	0x21a
 1116 0449 01       		.byte	0x1
 1117 044a 05       		.byte	0x5
 1118 044b 03       		.byte	0x3
 1119 044c 00000000 		.4byte	uart1TxHead
 1120 0450 1D       		.uleb128 0x1d
 1121 0451 C5020000 		.4byte	.LASF53
 1122 0455 01       		.byte	0x1
 1123 0456 1C       		.byte	0x1c
 1124 0457 1A020000 		.4byte	0x21a
 1125 045b 01       		.byte	0x1
 1126 045c 05       		.byte	0x5
 1127 045d 03       		.byte	0x3
 1128 045e 00000000 		.4byte	uart1TxTail
 1129 0462 1D       		.uleb128 0x1d
 1130 0463 F2000000 		.4byte	.LASF54
 1131 0467 01       		.byte	0x1
 1132 0468 1D       		.byte	0x1d
 1133 0469 74040000 		.4byte	0x474
 1134 046d 01       		.byte	0x1
 1135 046e 05       		.byte	0x5
 1136 046f 03       		.byte	0x3
 1137 0470 00000000 		.4byte	uart1TxRunning
 1138 0474 0F       		.uleb128 0xf
 1139 0475 25000000 		.4byte	0x25
 1140 0479 0A       		.uleb128 0xa
 1141 047a 25000000 		.4byte	0x25
 1142 047e 8A040000 		.4byte	0x48a
 1143 0482 1E       		.uleb128 0x1e
 1144 0483 75010000 		.4byte	0x175
 1145 0487 FF03     		.2byte	0x3ff
 1146 0489 00       		.byte	0
 1147 048a 1D       		.uleb128 0x1d
 1148 048b BA020000 		.4byte	.LASF55
 1149 048f 01       		.byte	0x1
 1150 0490 1F       		.byte	0x1f
 1151 0491 79040000 		.4byte	0x479
 1152 0495 01       		.byte	0x1
 1153 0496 05       		.byte	0x5
 1154 0497 03       		.byte	0x3
 1155 0498 00000000 		.4byte	uart1RxBuf
 1156 049c 1D       		.uleb128 0x1d
 1157 049d FE010000 		.4byte	.LASF56
 1158 04a1 01       		.byte	0x1
 1159 04a2 20       		.byte	0x20
 1160 04a3 1A020000 		.4byte	0x21a
 1161 04a7 01       		.byte	0x1
 1162 04a8 05       		.byte	0x5
 1163 04a9 03       		.byte	0x3
 1164 04aa 00000000 		.4byte	uart1RxHead
ARM GAS  C:\Users\KOZLOV~1\AppData\Local\Temp\ccPgRAk3.s 			page 27


 1165 04ae 1D       		.uleb128 0x1d
 1166 04af A1000000 		.4byte	.LASF57
 1167 04b3 01       		.byte	0x1
 1168 04b4 21       		.byte	0x21
 1169 04b5 1A020000 		.4byte	0x21a
 1170 04b9 01       		.byte	0x1
 1171 04ba 05       		.byte	0x5
 1172 04bb 03       		.byte	0x3
 1173 04bc 00000000 		.4byte	uart1RxTail
 1174 04c0 1D       		.uleb128 0x1d
 1175 04c1 AC020000 		.4byte	.LASF58
 1176 04c5 01       		.byte	0x1
 1177 04c6 22       		.byte	0x22
 1178 04c7 1A020000 		.4byte	0x21a
 1179 04cb 01       		.byte	0x1
 1180 04cc 05       		.byte	0x5
 1181 04cd 03       		.byte	0x3
 1182 04ce 00000000 		.4byte	uart1RxInBuff
 1183 04d2 1D       		.uleb128 0x1d
 1184 04d3 68020000 		.4byte	.LASF59
 1185 04d7 01       		.byte	0x1
 1186 04d8 24       		.byte	0x24
 1187 04d9 DB010000 		.4byte	0x1db
 1188 04dd 01       		.byte	0x1
 1189 04de 05       		.byte	0x5
 1190 04df 03       		.byte	0x3
 1191 04e0 00000000 		.4byte	receiveSem
 1192 04e4 00       		.byte	0
 1193              		.section	.debug_abbrev,"",%progbits
 1194              	.Ldebug_abbrev0:
 1195 0000 01       		.uleb128 0x1
 1196 0001 11       		.uleb128 0x11
 1197 0002 01       		.byte	0x1
 1198 0003 25       		.uleb128 0x25
 1199 0004 0E       		.uleb128 0xe
 1200 0005 13       		.uleb128 0x13
 1201 0006 0B       		.uleb128 0xb
 1202 0007 03       		.uleb128 0x3
 1203 0008 0E       		.uleb128 0xe
 1204 0009 1B       		.uleb128 0x1b
 1205 000a 0E       		.uleb128 0xe
 1206 000b 11       		.uleb128 0x11
 1207 000c 01       		.uleb128 0x1
 1208 000d 12       		.uleb128 0x12
 1209 000e 01       		.uleb128 0x1
 1210 000f 10       		.uleb128 0x10
 1211 0010 06       		.uleb128 0x6
 1212 0011 00       		.byte	0
 1213 0012 00       		.byte	0
 1214 0013 02       		.uleb128 0x2
 1215 0014 16       		.uleb128 0x16
 1216 0015 00       		.byte	0
 1217 0016 03       		.uleb128 0x3
 1218 0017 08       		.uleb128 0x8
 1219 0018 3A       		.uleb128 0x3a
 1220 0019 0B       		.uleb128 0xb
 1221 001a 3B       		.uleb128 0x3b
ARM GAS  C:\Users\KOZLOV~1\AppData\Local\Temp\ccPgRAk3.s 			page 28


 1222 001b 0B       		.uleb128 0xb
 1223 001c 49       		.uleb128 0x49
 1224 001d 13       		.uleb128 0x13
 1225 001e 00       		.byte	0
 1226 001f 00       		.byte	0
 1227 0020 03       		.uleb128 0x3
 1228 0021 24       		.uleb128 0x24
 1229 0022 00       		.byte	0
 1230 0023 0B       		.uleb128 0xb
 1231 0024 0B       		.uleb128 0xb
 1232 0025 3E       		.uleb128 0x3e
 1233 0026 0B       		.uleb128 0xb
 1234 0027 03       		.uleb128 0x3
 1235 0028 0E       		.uleb128 0xe
 1236 0029 00       		.byte	0
 1237 002a 00       		.byte	0
 1238 002b 04       		.uleb128 0x4
 1239 002c 16       		.uleb128 0x16
 1240 002d 00       		.byte	0
 1241 002e 03       		.uleb128 0x3
 1242 002f 0E       		.uleb128 0xe
 1243 0030 3A       		.uleb128 0x3a
 1244 0031 0B       		.uleb128 0xb
 1245 0032 3B       		.uleb128 0x3b
 1246 0033 0B       		.uleb128 0xb
 1247 0034 49       		.uleb128 0x49
 1248 0035 13       		.uleb128 0x13
 1249 0036 00       		.byte	0
 1250 0037 00       		.byte	0
 1251 0038 05       		.uleb128 0x5
 1252 0039 24       		.uleb128 0x24
 1253 003a 00       		.byte	0
 1254 003b 0B       		.uleb128 0xb
 1255 003c 0B       		.uleb128 0xb
 1256 003d 3E       		.uleb128 0x3e
 1257 003e 0B       		.uleb128 0xb
 1258 003f 03       		.uleb128 0x3
 1259 0040 08       		.uleb128 0x8
 1260 0041 00       		.byte	0
 1261 0042 00       		.byte	0
 1262 0043 06       		.uleb128 0x6
 1263 0044 13       		.uleb128 0x13
 1264 0045 01       		.byte	0x1
 1265 0046 03       		.uleb128 0x3
 1266 0047 0E       		.uleb128 0xe
 1267 0048 0B       		.uleb128 0xb
 1268 0049 0B       		.uleb128 0xb
 1269 004a 3A       		.uleb128 0x3a
 1270 004b 0B       		.uleb128 0xb
 1271 004c 3B       		.uleb128 0x3b
 1272 004d 0B       		.uleb128 0xb
 1273 004e 01       		.uleb128 0x1
 1274 004f 13       		.uleb128 0x13
 1275 0050 00       		.byte	0
 1276 0051 00       		.byte	0
 1277 0052 07       		.uleb128 0x7
 1278 0053 0D       		.uleb128 0xd
ARM GAS  C:\Users\KOZLOV~1\AppData\Local\Temp\ccPgRAk3.s 			page 29


 1279 0054 00       		.byte	0
 1280 0055 03       		.uleb128 0x3
 1281 0056 0E       		.uleb128 0xe
 1282 0057 3A       		.uleb128 0x3a
 1283 0058 0B       		.uleb128 0xb
 1284 0059 3B       		.uleb128 0x3b
 1285 005a 0B       		.uleb128 0xb
 1286 005b 49       		.uleb128 0x49
 1287 005c 13       		.uleb128 0x13
 1288 005d 38       		.uleb128 0x38
 1289 005e 0A       		.uleb128 0xa
 1290 005f 00       		.byte	0
 1291 0060 00       		.byte	0
 1292 0061 08       		.uleb128 0x8
 1293 0062 0D       		.uleb128 0xd
 1294 0063 00       		.byte	0
 1295 0064 03       		.uleb128 0x3
 1296 0065 08       		.uleb128 0x8
 1297 0066 3A       		.uleb128 0x3a
 1298 0067 0B       		.uleb128 0xb
 1299 0068 3B       		.uleb128 0x3b
 1300 0069 0B       		.uleb128 0xb
 1301 006a 49       		.uleb128 0x49
 1302 006b 13       		.uleb128 0x13
 1303 006c 38       		.uleb128 0x38
 1304 006d 0A       		.uleb128 0xa
 1305 006e 00       		.byte	0
 1306 006f 00       		.byte	0
 1307 0070 09       		.uleb128 0x9
 1308 0071 0F       		.uleb128 0xf
 1309 0072 00       		.byte	0
 1310 0073 0B       		.uleb128 0xb
 1311 0074 0B       		.uleb128 0xb
 1312 0075 49       		.uleb128 0x49
 1313 0076 13       		.uleb128 0x13
 1314 0077 00       		.byte	0
 1315 0078 00       		.byte	0
 1316 0079 0A       		.uleb128 0xa
 1317 007a 01       		.uleb128 0x1
 1318 007b 01       		.byte	0x1
 1319 007c 49       		.uleb128 0x49
 1320 007d 13       		.uleb128 0x13
 1321 007e 01       		.uleb128 0x1
 1322 007f 13       		.uleb128 0x13
 1323 0080 00       		.byte	0
 1324 0081 00       		.byte	0
 1325 0082 0B       		.uleb128 0xb
 1326 0083 21       		.uleb128 0x21
 1327 0084 00       		.byte	0
 1328 0085 49       		.uleb128 0x49
 1329 0086 13       		.uleb128 0x13
 1330 0087 2F       		.uleb128 0x2f
 1331 0088 0B       		.uleb128 0xb
 1332 0089 00       		.byte	0
 1333 008a 00       		.byte	0
 1334 008b 0C       		.uleb128 0xc
 1335 008c 2E       		.uleb128 0x2e
ARM GAS  C:\Users\KOZLOV~1\AppData\Local\Temp\ccPgRAk3.s 			page 30


 1336 008d 01       		.byte	0x1
 1337 008e 3F       		.uleb128 0x3f
 1338 008f 0C       		.uleb128 0xc
 1339 0090 03       		.uleb128 0x3
 1340 0091 0E       		.uleb128 0xe
 1341 0092 3A       		.uleb128 0x3a
 1342 0093 0B       		.uleb128 0xb
 1343 0094 3B       		.uleb128 0x3b
 1344 0095 0B       		.uleb128 0xb
 1345 0096 27       		.uleb128 0x27
 1346 0097 0C       		.uleb128 0xc
 1347 0098 49       		.uleb128 0x49
 1348 0099 13       		.uleb128 0x13
 1349 009a 20       		.uleb128 0x20
 1350 009b 0B       		.uleb128 0xb
 1351 009c 01       		.uleb128 0x1
 1352 009d 13       		.uleb128 0x13
 1353 009e 00       		.byte	0
 1354 009f 00       		.byte	0
 1355 00a0 0D       		.uleb128 0xd
 1356 00a1 05       		.uleb128 0x5
 1357 00a2 00       		.byte	0
 1358 00a3 03       		.uleb128 0x3
 1359 00a4 0E       		.uleb128 0xe
 1360 00a5 3A       		.uleb128 0x3a
 1361 00a6 0B       		.uleb128 0xb
 1362 00a7 3B       		.uleb128 0x3b
 1363 00a8 0B       		.uleb128 0xb
 1364 00a9 49       		.uleb128 0x49
 1365 00aa 13       		.uleb128 0x13
 1366 00ab 00       		.byte	0
 1367 00ac 00       		.byte	0
 1368 00ad 0E       		.uleb128 0xe
 1369 00ae 34       		.uleb128 0x34
 1370 00af 00       		.byte	0
 1371 00b0 03       		.uleb128 0x3
 1372 00b1 0E       		.uleb128 0xe
 1373 00b2 3A       		.uleb128 0x3a
 1374 00b3 0B       		.uleb128 0xb
 1375 00b4 3B       		.uleb128 0x3b
 1376 00b5 0B       		.uleb128 0xb
 1377 00b6 49       		.uleb128 0x49
 1378 00b7 13       		.uleb128 0x13
 1379 00b8 00       		.byte	0
 1380 00b9 00       		.byte	0
 1381 00ba 0F       		.uleb128 0xf
 1382 00bb 35       		.uleb128 0x35
 1383 00bc 00       		.byte	0
 1384 00bd 49       		.uleb128 0x49
 1385 00be 13       		.uleb128 0x13
 1386 00bf 00       		.byte	0
 1387 00c0 00       		.byte	0
 1388 00c1 10       		.uleb128 0x10
 1389 00c2 2E       		.uleb128 0x2e
 1390 00c3 01       		.byte	0x1
 1391 00c4 3F       		.uleb128 0x3f
 1392 00c5 0C       		.uleb128 0xc
ARM GAS  C:\Users\KOZLOV~1\AppData\Local\Temp\ccPgRAk3.s 			page 31


 1393 00c6 03       		.uleb128 0x3
 1394 00c7 0E       		.uleb128 0xe
 1395 00c8 3A       		.uleb128 0x3a
 1396 00c9 0B       		.uleb128 0xb
 1397 00ca 3B       		.uleb128 0x3b
 1398 00cb 0B       		.uleb128 0xb
 1399 00cc 27       		.uleb128 0x27
 1400 00cd 0C       		.uleb128 0xc
 1401 00ce 11       		.uleb128 0x11
 1402 00cf 01       		.uleb128 0x1
 1403 00d0 12       		.uleb128 0x12
 1404 00d1 01       		.uleb128 0x1
 1405 00d2 40       		.uleb128 0x40
 1406 00d3 06       		.uleb128 0x6
 1407 00d4 01       		.uleb128 0x1
 1408 00d5 13       		.uleb128 0x13
 1409 00d6 00       		.byte	0
 1410 00d7 00       		.byte	0
 1411 00d8 11       		.uleb128 0x11
 1412 00d9 05       		.uleb128 0x5
 1413 00da 00       		.byte	0
 1414 00db 03       		.uleb128 0x3
 1415 00dc 0E       		.uleb128 0xe
 1416 00dd 3A       		.uleb128 0x3a
 1417 00de 0B       		.uleb128 0xb
 1418 00df 3B       		.uleb128 0x3b
 1419 00e0 0B       		.uleb128 0xb
 1420 00e1 49       		.uleb128 0x49
 1421 00e2 13       		.uleb128 0x13
 1422 00e3 02       		.uleb128 0x2
 1423 00e4 06       		.uleb128 0x6
 1424 00e5 00       		.byte	0
 1425 00e6 00       		.byte	0
 1426 00e7 12       		.uleb128 0x12
 1427 00e8 34       		.uleb128 0x34
 1428 00e9 00       		.byte	0
 1429 00ea 03       		.uleb128 0x3
 1430 00eb 0E       		.uleb128 0xe
 1431 00ec 3A       		.uleb128 0x3a
 1432 00ed 0B       		.uleb128 0xb
 1433 00ee 3B       		.uleb128 0x3b
 1434 00ef 0B       		.uleb128 0xb
 1435 00f0 49       		.uleb128 0x49
 1436 00f1 13       		.uleb128 0x13
 1437 00f2 02       		.uleb128 0x2
 1438 00f3 06       		.uleb128 0x6
 1439 00f4 00       		.byte	0
 1440 00f5 00       		.byte	0
 1441 00f6 13       		.uleb128 0x13
 1442 00f7 2E       		.uleb128 0x2e
 1443 00f8 01       		.byte	0x1
 1444 00f9 31       		.uleb128 0x31
 1445 00fa 13       		.uleb128 0x13
 1446 00fb 11       		.uleb128 0x11
 1447 00fc 01       		.uleb128 0x1
 1448 00fd 12       		.uleb128 0x12
 1449 00fe 01       		.uleb128 0x1
ARM GAS  C:\Users\KOZLOV~1\AppData\Local\Temp\ccPgRAk3.s 			page 32


 1450 00ff 40       		.uleb128 0x40
 1451 0100 06       		.uleb128 0x6
 1452 0101 01       		.uleb128 0x1
 1453 0102 13       		.uleb128 0x13
 1454 0103 00       		.byte	0
 1455 0104 00       		.byte	0
 1456 0105 14       		.uleb128 0x14
 1457 0106 05       		.uleb128 0x5
 1458 0107 00       		.byte	0
 1459 0108 31       		.uleb128 0x31
 1460 0109 13       		.uleb128 0x13
 1461 010a 02       		.uleb128 0x2
 1462 010b 06       		.uleb128 0x6
 1463 010c 00       		.byte	0
 1464 010d 00       		.byte	0
 1465 010e 15       		.uleb128 0x15
 1466 010f 34       		.uleb128 0x34
 1467 0110 00       		.byte	0
 1468 0111 31       		.uleb128 0x31
 1469 0112 13       		.uleb128 0x13
 1470 0113 00       		.byte	0
 1471 0114 00       		.byte	0
 1472 0115 16       		.uleb128 0x16
 1473 0116 1D       		.uleb128 0x1d
 1474 0117 01       		.byte	0x1
 1475 0118 31       		.uleb128 0x31
 1476 0119 13       		.uleb128 0x13
 1477 011a 11       		.uleb128 0x11
 1478 011b 01       		.uleb128 0x1
 1479 011c 12       		.uleb128 0x12
 1480 011d 01       		.uleb128 0x1
 1481 011e 58       		.uleb128 0x58
 1482 011f 0B       		.uleb128 0xb
 1483 0120 59       		.uleb128 0x59
 1484 0121 0B       		.uleb128 0xb
 1485 0122 00       		.byte	0
 1486 0123 00       		.byte	0
 1487 0124 17       		.uleb128 0x17
 1488 0125 0B       		.uleb128 0xb
 1489 0126 01       		.byte	0x1
 1490 0127 11       		.uleb128 0x11
 1491 0128 01       		.uleb128 0x1
 1492 0129 12       		.uleb128 0x12
 1493 012a 01       		.uleb128 0x1
 1494 012b 00       		.byte	0
 1495 012c 00       		.byte	0
 1496 012d 18       		.uleb128 0x18
 1497 012e 34       		.uleb128 0x34
 1498 012f 00       		.byte	0
 1499 0130 31       		.uleb128 0x31
 1500 0131 13       		.uleb128 0x13
 1501 0132 02       		.uleb128 0x2
 1502 0133 06       		.uleb128 0x6
 1503 0134 00       		.byte	0
 1504 0135 00       		.byte	0
 1505 0136 19       		.uleb128 0x19
 1506 0137 2E       		.uleb128 0x2e
ARM GAS  C:\Users\KOZLOV~1\AppData\Local\Temp\ccPgRAk3.s 			page 33


 1507 0138 01       		.byte	0x1
 1508 0139 3F       		.uleb128 0x3f
 1509 013a 0C       		.uleb128 0xc
 1510 013b 03       		.uleb128 0x3
 1511 013c 0E       		.uleb128 0xe
 1512 013d 3A       		.uleb128 0x3a
 1513 013e 0B       		.uleb128 0xb
 1514 013f 3B       		.uleb128 0x3b
 1515 0140 0B       		.uleb128 0xb
 1516 0141 27       		.uleb128 0x27
 1517 0142 0C       		.uleb128 0xc
 1518 0143 49       		.uleb128 0x49
 1519 0144 13       		.uleb128 0x13
 1520 0145 11       		.uleb128 0x11
 1521 0146 01       		.uleb128 0x1
 1522 0147 12       		.uleb128 0x12
 1523 0148 01       		.uleb128 0x1
 1524 0149 40       		.uleb128 0x40
 1525 014a 06       		.uleb128 0x6
 1526 014b 01       		.uleb128 0x1
 1527 014c 13       		.uleb128 0x13
 1528 014d 00       		.byte	0
 1529 014e 00       		.byte	0
 1530 014f 1A       		.uleb128 0x1a
 1531 0150 2E       		.uleb128 0x2e
 1532 0151 01       		.byte	0x1
 1533 0152 3F       		.uleb128 0x3f
 1534 0153 0C       		.uleb128 0xc
 1535 0154 03       		.uleb128 0x3
 1536 0155 0E       		.uleb128 0xe
 1537 0156 3A       		.uleb128 0x3a
 1538 0157 0B       		.uleb128 0xb
 1539 0158 3B       		.uleb128 0x3b
 1540 0159 05       		.uleb128 0x5
 1541 015a 27       		.uleb128 0x27
 1542 015b 0C       		.uleb128 0xc
 1543 015c 49       		.uleb128 0x49
 1544 015d 13       		.uleb128 0x13
 1545 015e 11       		.uleb128 0x11
 1546 015f 01       		.uleb128 0x1
 1547 0160 12       		.uleb128 0x12
 1548 0161 01       		.uleb128 0x1
 1549 0162 40       		.uleb128 0x40
 1550 0163 06       		.uleb128 0x6
 1551 0164 01       		.uleb128 0x1
 1552 0165 13       		.uleb128 0x13
 1553 0166 00       		.byte	0
 1554 0167 00       		.byte	0
 1555 0168 1B       		.uleb128 0x1b
 1556 0169 34       		.uleb128 0x34
 1557 016a 00       		.byte	0
 1558 016b 03       		.uleb128 0x3
 1559 016c 0E       		.uleb128 0xe
 1560 016d 3A       		.uleb128 0x3a
 1561 016e 0B       		.uleb128 0xb
 1562 016f 3B       		.uleb128 0x3b
 1563 0170 05       		.uleb128 0x5
ARM GAS  C:\Users\KOZLOV~1\AppData\Local\Temp\ccPgRAk3.s 			page 34


 1564 0171 49       		.uleb128 0x49
 1565 0172 13       		.uleb128 0x13
 1566 0173 02       		.uleb128 0x2
 1567 0174 06       		.uleb128 0x6
 1568 0175 00       		.byte	0
 1569 0176 00       		.byte	0
 1570 0177 1C       		.uleb128 0x1c
 1571 0178 34       		.uleb128 0x34
 1572 0179 00       		.byte	0
 1573 017a 03       		.uleb128 0x3
 1574 017b 0E       		.uleb128 0xe
 1575 017c 3A       		.uleb128 0x3a
 1576 017d 0B       		.uleb128 0xb
 1577 017e 3B       		.uleb128 0x3b
 1578 017f 05       		.uleb128 0x5
 1579 0180 49       		.uleb128 0x49
 1580 0181 13       		.uleb128 0x13
 1581 0182 02       		.uleb128 0x2
 1582 0183 0A       		.uleb128 0xa
 1583 0184 00       		.byte	0
 1584 0185 00       		.byte	0
 1585 0186 1D       		.uleb128 0x1d
 1586 0187 34       		.uleb128 0x34
 1587 0188 00       		.byte	0
 1588 0189 03       		.uleb128 0x3
 1589 018a 0E       		.uleb128 0xe
 1590 018b 3A       		.uleb128 0x3a
 1591 018c 0B       		.uleb128 0xb
 1592 018d 3B       		.uleb128 0x3b
 1593 018e 0B       		.uleb128 0xb
 1594 018f 49       		.uleb128 0x49
 1595 0190 13       		.uleb128 0x13
 1596 0191 3F       		.uleb128 0x3f
 1597 0192 0C       		.uleb128 0xc
 1598 0193 02       		.uleb128 0x2
 1599 0194 0A       		.uleb128 0xa
 1600 0195 00       		.byte	0
 1601 0196 00       		.byte	0
 1602 0197 1E       		.uleb128 0x1e
 1603 0198 21       		.uleb128 0x21
 1604 0199 00       		.byte	0
 1605 019a 49       		.uleb128 0x49
 1606 019b 13       		.uleb128 0x13
 1607 019c 2F       		.uleb128 0x2f
 1608 019d 05       		.uleb128 0x5
 1609 019e 00       		.byte	0
 1610 019f 00       		.byte	0
 1611 01a0 00       		.byte	0
 1612              		.section	.debug_loc,"",%progbits
 1613              	.Ldebug_loc0:
 1614              	.LLST0:
 1615 0000 00000000 		.4byte	.LFB0-.Ltext0
 1616 0004 02000000 		.4byte	.LCFI0-.Ltext0
 1617 0008 0200     		.2byte	0x2
 1618 000a 7D       		.byte	0x7d
 1619 000b 00       		.sleb128 0
 1620 000c 02000000 		.4byte	.LCFI0-.Ltext0
ARM GAS  C:\Users\KOZLOV~1\AppData\Local\Temp\ccPgRAk3.s 			page 35


 1621 0010 DC000000 		.4byte	.LFE0-.Ltext0
 1622 0014 0200     		.2byte	0x2
 1623 0016 7D       		.byte	0x7d
 1624 0017 24       		.sleb128 36
 1625 0018 00000000 		.4byte	0
 1626 001c 00000000 		.4byte	0
 1627              	.LLST1:
 1628 0020 02000000 		.4byte	.LVL0-.Ltext0
 1629 0024 04000000 		.4byte	.LVL1-.Ltext0
 1630 0028 0100     		.2byte	0x1
 1631 002a 50       		.byte	0x50
 1632 002b 00000000 		.4byte	0
 1633 002f 00000000 		.4byte	0
 1634              	.LLST2:
 1635 0033 02000000 		.4byte	.LVL0-.Ltext0
 1636 0037 08000000 		.4byte	.LVL2-.Ltext0
 1637 003b 0100     		.2byte	0x1
 1638 003d 51       		.byte	0x51
 1639 003e 00000000 		.4byte	0
 1640 0042 00000000 		.4byte	0
 1641              	.LLST3:
 1642 0046 02000000 		.4byte	.LVL0-.Ltext0
 1643 004a 19000000 		.4byte	.LVL3-1-.Ltext0
 1644 004e 0100     		.2byte	0x1
 1645 0050 52       		.byte	0x52
 1646 0051 00000000 		.4byte	0
 1647 0055 00000000 		.4byte	0
 1648              	.LLST4:
 1649 0059 34000000 		.4byte	.LVL4-.Ltext0
 1650 005d 3E000000 		.4byte	.LVL5-.Ltext0
 1651 0061 0100     		.2byte	0x1
 1652 0063 52       		.byte	0x52
 1653 0064 3E000000 		.4byte	.LVL5-.Ltext0
 1654 0068 42000000 		.4byte	.LVL6-.Ltext0
 1655 006c 0200     		.2byte	0x2
 1656 006e 91       		.byte	0x91
 1657 006f 0C       		.sleb128 12
 1658 0070 42000000 		.4byte	.LVL6-.Ltext0
 1659 0074 4E000000 		.4byte	.LVL7-.Ltext0
 1660 0078 0100     		.2byte	0x1
 1661 007a 52       		.byte	0x52
 1662 007b 4E000000 		.4byte	.LVL7-.Ltext0
 1663 007f DC000000 		.4byte	.LFE0-.Ltext0
 1664 0083 0200     		.2byte	0x2
 1665 0085 91       		.byte	0x91
 1666 0086 0C       		.sleb128 12
 1667 0087 00000000 		.4byte	0
 1668 008b 00000000 		.4byte	0
 1669              	.LLST5:
 1670 008f DC000000 		.4byte	.LFB1-.Ltext0
 1671 0093 DE000000 		.4byte	.LCFI1-.Ltext0
 1672 0097 0200     		.2byte	0x2
 1673 0099 7D       		.byte	0x7d
 1674 009a 00       		.sleb128 0
 1675 009b DE000000 		.4byte	.LCFI1-.Ltext0
 1676 009f 48010000 		.4byte	.LFE1-.Ltext0
 1677 00a3 0200     		.2byte	0x2
ARM GAS  C:\Users\KOZLOV~1\AppData\Local\Temp\ccPgRAk3.s 			page 36


 1678 00a5 7D       		.byte	0x7d
 1679 00a6 18       		.sleb128 24
 1680 00a7 00000000 		.4byte	0
 1681 00ab 00000000 		.4byte	0
 1682              	.LLST6:
 1683 00af DE000000 		.4byte	.LVL8-.Ltext0
 1684 00b3 F5000000 		.4byte	.LVL10-1-.Ltext0
 1685 00b7 0100     		.2byte	0x1
 1686 00b9 50       		.byte	0x50
 1687 00ba 00000000 		.4byte	0
 1688 00be 00000000 		.4byte	0
 1689              	.LLST7:
 1690 00c2 F8000000 		.4byte	.LVL11-.Ltext0
 1691 00c6 04010000 		.4byte	.LVL12-.Ltext0
 1692 00ca 0100     		.2byte	0x1
 1693 00cc 50       		.byte	0x50
 1694 00cd 04010000 		.4byte	.LVL12-.Ltext0
 1695 00d1 48010000 		.4byte	.LFE1-.Ltext0
 1696 00d5 0200     		.2byte	0x2
 1697 00d7 91       		.byte	0x91
 1698 00d8 00       		.sleb128 0
 1699 00d9 00000000 		.4byte	0
 1700 00dd 00000000 		.4byte	0
 1701              	.LLST8:
 1702 00e1 EC000000 		.4byte	.LVL9-.Ltext0
 1703 00e5 32010000 		.4byte	.LVL13-.Ltext0
 1704 00e9 0100     		.2byte	0x1
 1705 00eb 56       		.byte	0x56
 1706 00ec 00000000 		.4byte	0
 1707 00f0 00000000 		.4byte	0
 1708              	.LLST9:
 1709 00f4 48010000 		.4byte	.LFB2-.Ltext0
 1710 00f8 4A010000 		.4byte	.LCFI2-.Ltext0
 1711 00fc 0200     		.2byte	0x2
 1712 00fe 7D       		.byte	0x7d
 1713 00ff 00       		.sleb128 0
 1714 0100 4A010000 		.4byte	.LCFI2-.Ltext0
 1715 0104 64010000 		.4byte	.LFE2-.Ltext0
 1716 0108 0200     		.2byte	0x2
 1717 010a 7D       		.byte	0x7d
 1718 010b 08       		.sleb128 8
 1719 010c 00000000 		.4byte	0
 1720 0110 00000000 		.4byte	0
 1721              	.LLST10:
 1722 0114 4A010000 		.4byte	.LVL14-.Ltext0
 1723 0118 54010000 		.4byte	.LVL15-.Ltext0
 1724 011c 0100     		.2byte	0x1
 1725 011e 50       		.byte	0x50
 1726 011f 00000000 		.4byte	0
 1727 0123 00000000 		.4byte	0
 1728              	.LLST11:
 1729 0127 64010000 		.4byte	.LFB3-.Ltext0
 1730 012b 66010000 		.4byte	.LCFI3-.Ltext0
 1731 012f 0200     		.2byte	0x2
 1732 0131 7D       		.byte	0x7d
 1733 0132 00       		.sleb128 0
 1734 0133 66010000 		.4byte	.LCFI3-.Ltext0
ARM GAS  C:\Users\KOZLOV~1\AppData\Local\Temp\ccPgRAk3.s 			page 37


 1735 0137 7C010000 		.4byte	.LFE3-.Ltext0
 1736 013b 0200     		.2byte	0x2
 1737 013d 7D       		.byte	0x7d
 1738 013e 08       		.sleb128 8
 1739 013f 00000000 		.4byte	0
 1740 0143 00000000 		.4byte	0
 1741              	.LLST12:
 1742 0147 66010000 		.4byte	.LVL16-.Ltext0
 1743 014b 6A010000 		.4byte	.LVL17-.Ltext0
 1744 014f 0100     		.2byte	0x1
 1745 0151 50       		.byte	0x50
 1746 0152 6A010000 		.4byte	.LVL17-.Ltext0
 1747 0156 76010000 		.4byte	.LVL19-.Ltext0
 1748 015a 0100     		.2byte	0x1
 1749 015c 54       		.byte	0x54
 1750 015d 00000000 		.4byte	0
 1751 0161 00000000 		.4byte	0
 1752              	.LLST13:
 1753 0165 7C010000 		.4byte	.LFB4-.Ltext0
 1754 0169 7E010000 		.4byte	.LCFI4-.Ltext0
 1755 016d 0200     		.2byte	0x2
 1756 016f 7D       		.byte	0x7d
 1757 0170 00       		.sleb128 0
 1758 0171 7E010000 		.4byte	.LCFI4-.Ltext0
 1759 0175 9A010000 		.4byte	.LFE4-.Ltext0
 1760 0179 0200     		.2byte	0x2
 1761 017b 7D       		.byte	0x7d
 1762 017c 0C       		.sleb128 12
 1763 017d 00000000 		.4byte	0
 1764 0181 00000000 		.4byte	0
 1765              	.LLST14:
 1766 0185 7E010000 		.4byte	.LVL20-.Ltext0
 1767 0189 84010000 		.4byte	.LVL21-.Ltext0
 1768 018d 0100     		.2byte	0x1
 1769 018f 50       		.byte	0x50
 1770 0190 84010000 		.4byte	.LVL21-.Ltext0
 1771 0194 94010000 		.4byte	.LVL23-.Ltext0
 1772 0198 0100     		.2byte	0x1
 1773 019a 55       		.byte	0x55
 1774 019b 00000000 		.4byte	0
 1775 019f 00000000 		.4byte	0
 1776              	.LLST15:
 1777 01a3 7E010000 		.4byte	.LVL20-.Ltext0
 1778 01a7 84010000 		.4byte	.LVL21-.Ltext0
 1779 01ab 0100     		.2byte	0x1
 1780 01ad 51       		.byte	0x51
 1781 01ae 00000000 		.4byte	0
 1782 01b2 00000000 		.4byte	0
 1783              	.LLST16:
 1784 01b6 9A010000 		.4byte	.LFB6-.Ltext0
 1785 01ba 9C010000 		.4byte	.LCFI5-.Ltext0
 1786 01be 0200     		.2byte	0x2
 1787 01c0 7D       		.byte	0x7d
 1788 01c1 00       		.sleb128 0
 1789 01c2 9C010000 		.4byte	.LCFI5-.Ltext0
 1790 01c6 F0010000 		.4byte	.LFE6-.Ltext0
 1791 01ca 0200     		.2byte	0x2
ARM GAS  C:\Users\KOZLOV~1\AppData\Local\Temp\ccPgRAk3.s 			page 38


 1792 01cc 7D       		.byte	0x7d
 1793 01cd 0C       		.sleb128 12
 1794 01ce 00000000 		.4byte	0
 1795 01d2 00000000 		.4byte	0
 1796              	.LLST17:
 1797 01d6 9C010000 		.4byte	.LVL24-.Ltext0
 1798 01da BB010000 		.4byte	.LVL28-1-.Ltext0
 1799 01de 0100     		.2byte	0x1
 1800 01e0 50       		.byte	0x50
 1801 01e1 00000000 		.4byte	0
 1802 01e5 00000000 		.4byte	0
 1803              	.LLST18:
 1804 01e9 A8010000 		.4byte	.LVL25-.Ltext0
 1805 01ed BB010000 		.4byte	.LVL28-1-.Ltext0
 1806 01f1 0100     		.2byte	0x1
 1807 01f3 50       		.byte	0x50
 1808 01f4 00000000 		.4byte	0
 1809 01f8 00000000 		.4byte	0
 1810              	.LLST19:
 1811 01fc BC010000 		.4byte	.LVL28-.Ltext0
 1812 0200 D6010000 		.4byte	.LVL29-.Ltext0
 1813 0204 0100     		.2byte	0x1
 1814 0206 50       		.byte	0x50
 1815 0207 D6010000 		.4byte	.LVL29-.Ltext0
 1816 020b F0010000 		.4byte	.LFE6-.Ltext0
 1817 020f 0200     		.2byte	0x2
 1818 0211 91       		.byte	0x91
 1819 0212 00       		.sleb128 0
 1820 0213 00000000 		.4byte	0
 1821 0217 00000000 		.4byte	0
 1822              	.LLST20:
 1823 021b B0010000 		.4byte	.LVL26-.Ltext0
 1824 021f B6010000 		.4byte	.LVL27-.Ltext0
 1825 0223 0100     		.2byte	0x1
 1826 0225 53       		.byte	0x53
 1827 0226 B6010000 		.4byte	.LVL27-.Ltext0
 1828 022a BB010000 		.4byte	.LVL28-1-.Ltext0
 1829 022e 0500     		.2byte	0x5
 1830 0230 03       		.byte	0x3
 1831 0231 00000000 		.4byte	uart1RxTail
 1832 0235 00000000 		.4byte	0
 1833 0239 00000000 		.4byte	0
 1834              	.LLST21:
 1835 023d F0010000 		.4byte	.LFB5-.Ltext0
 1836 0241 F2010000 		.4byte	.LCFI6-.Ltext0
 1837 0245 0200     		.2byte	0x2
 1838 0247 7D       		.byte	0x7d
 1839 0248 00       		.sleb128 0
 1840 0249 F2010000 		.4byte	.LCFI6-.Ltext0
 1841 024d 08020000 		.4byte	.LFE5-.Ltext0
 1842 0251 0200     		.2byte	0x2
 1843 0253 7D       		.byte	0x7d
 1844 0254 0C       		.sleb128 12
 1845 0255 00000000 		.4byte	0
 1846 0259 00000000 		.4byte	0
 1847              	.LLST22:
 1848 025d 00020000 		.4byte	.LVL30-.Ltext0
ARM GAS  C:\Users\KOZLOV~1\AppData\Local\Temp\ccPgRAk3.s 			page 39


 1849 0261 02020000 		.4byte	.LVL31-.Ltext0
 1850 0265 0200     		.2byte	0x2
 1851 0267 74       		.byte	0x74
 1852 0268 00       		.sleb128 0
 1853 0269 00000000 		.4byte	0
 1854 026d 00000000 		.4byte	0
 1855              	.LLST23:
 1856 0271 08020000 		.4byte	.LFB7-.Ltext0
 1857 0275 0A020000 		.4byte	.LCFI7-.Ltext0
 1858 0279 0200     		.2byte	0x2
 1859 027b 7D       		.byte	0x7d
 1860 027c 00       		.sleb128 0
 1861 027d 0A020000 		.4byte	.LCFI7-.Ltext0
 1862 0281 30020000 		.4byte	.LFE7-.Ltext0
 1863 0285 0200     		.2byte	0x2
 1864 0287 7D       		.byte	0x7d
 1865 0288 0C       		.sleb128 12
 1866 0289 00000000 		.4byte	0
 1867 028d 00000000 		.4byte	0
 1868              	.LLST24:
 1869 0291 24020000 		.4byte	.LVL32-.Ltext0
 1870 0295 26020000 		.4byte	.LVL33-.Ltext0
 1871 0299 0200     		.2byte	0x2
 1872 029b 74       		.byte	0x74
 1873 029c 00       		.sleb128 0
 1874 029d 00000000 		.4byte	0
 1875 02a1 00000000 		.4byte	0
 1876              		.section	.debug_aranges,"",%progbits
 1877 0000 1C000000 		.4byte	0x1c
 1878 0004 0200     		.2byte	0x2
 1879 0006 00000000 		.4byte	.Ldebug_info0
 1880 000a 04       		.byte	0x4
 1881 000b 00       		.byte	0
 1882 000c 0000     		.2byte	0
 1883 000e 0000     		.2byte	0
 1884 0010 00000000 		.4byte	.Ltext0
 1885 0014 30020000 		.4byte	.Letext0-.Ltext0
 1886 0018 00000000 		.4byte	0
 1887 001c 00000000 		.4byte	0
 1888              		.section	.debug_line,"",%progbits
 1889              	.Ldebug_line0:
 1890 0000 26010000 		.section	.debug_str,"MS",%progbits,1
 1890      02007C00 
 1890      00000201 
 1890      FB0E0D00 
 1890      01010101 
 1891              	.LASF43:
 1892 0000 75617274 		.ascii	"uart1SendChars\000"
 1892      3153656E 
 1892      64436861 
 1892      727300
 1893              	.LASF13:
 1894 000f 7072696F 		.ascii	"prio\000"
 1894      00
 1895              	.LASF42:
 1896 0014 70537472 		.ascii	"pString\000"
 1896      696E6700 
ARM GAS  C:\Users\KOZLOV~1\AppData\Local\Temp\ccPgRAk3.s 			page 40


 1897              	.LASF7:
 1898 001c 7053746B 		.ascii	"pStk\000"
 1898      00
 1899              	.LASF28:
 1900 0021 5F74436E 		.ascii	"_tCntSem_\000"
 1900      7453656D 
 1900      5F00
 1901              	.LASF45:
 1902 002b 636F756E 		.ascii	"count\000"
 1902      7400
 1903              	.LASF30:
 1904 0031 63707372 		.ascii	"cpsrReg\000"
 1904      52656700 
 1905              	.LASF21:
 1906 0039 70507269 		.ascii	"pPrioList\000"
 1906      6F4C6973 
 1906      7400
 1907              	.LASF22:
 1908 0043 70504342 		.ascii	"pPCBs\000"
 1908      7300
 1909              	.LASF51:
 1910 0049 75617274 		.ascii	"uart1TxBuf\000"
 1910      31547842 
 1910      756600
 1911              	.LASF61:
 1912 0054 75617274 		.ascii	"uart.c\000"
 1912      2E6300
 1913              	.LASF31:
 1914 005b 746D7054 		.ascii	"tmpTail\000"
 1914      61696C00 
 1915              	.LASF41:
 1916 0063 75617274 		.ascii	"uart1SendString\000"
 1916      3153656E 
 1916      64537472 
 1916      696E6700 
 1917              	.LASF48:
 1918 0073 75617274 		.ascii	"uart1GetCh\000"
 1918      31476574 
 1918      436800
 1919              	.LASF29:
 1920 007e 74436E74 		.ascii	"tCntSem\000"
 1920      53656D00 
 1921              	.LASF49:
 1922 0086 75617274 		.ascii	"uart1GetChSem\000"
 1922      31476574 
 1922      43685365 
 1922      6D00
 1923              	.LASF20:
 1924 0094 5F745072 		.ascii	"_tPrioQueue_\000"
 1924      696F5175 
 1924      6575655F 
 1924      00
 1925              	.LASF57:
 1926 00a1 75617274 		.ascii	"uart1RxTail\000"
 1926      31527854 
 1926      61696C00 
 1927              	.LASF1:
ARM GAS  C:\Users\KOZLOV~1\AppData\Local\Temp\ccPgRAk3.s 			page 41


 1928 00ad 756E7369 		.ascii	"unsigned char\000"
 1928      676E6564 
 1928      20636861 
 1928      7200
 1929              	.LASF18:
 1930 00bb 744F5350 		.ascii	"tOSPCB\000"
 1930      434200
 1931              	.LASF24:
 1932 00c2 74507269 		.ascii	"tPrioQueue\000"
 1932      6F517565 
 1932      756500
 1933              	.LASF23:
 1934 00cd 6C6F6E67 		.ascii	"long unsigned int\000"
 1934      20756E73 
 1934      69676E65 
 1934      6420696E 
 1934      7400
 1935              	.LASF2:
 1936 00df 73686F72 		.ascii	"short unsigned int\000"
 1936      7420756E 
 1936      7369676E 
 1936      65642069 
 1936      6E7400
 1937              	.LASF54:
 1938 00f2 75617274 		.ascii	"uart1TxRunning\000"
 1938      31547852 
 1938      756E6E69 
 1938      6E6700
 1939              	.LASF44:
 1940 0101 70427566 		.ascii	"pBuff\000"
 1940      6600
 1941              	.LASF9:
 1942 0107 70507265 		.ascii	"pPrevPrioQueueReady\000"
 1942      76507269 
 1942      6F517565 
 1942      75655265 
 1942      61647900 
 1943              	.LASF60:
 1944 011b 474E5520 		.ascii	"GNU C 4.6.3\000"
 1944      4320342E 
 1944      362E3300 
 1945              	.LASF36:
 1946 0127 75617274 		.ascii	"uart1SendChar\000"
 1946      3153656E 
 1946      64436861 
 1946      7200
 1947              	.LASF19:
 1948 0135 5F744F53 		.ascii	"_tOSPCB__\000"
 1948      5043425F 
 1948      5F00
 1949              	.LASF11:
 1950 013f 70507265 		.ascii	"pPrevPrioQueueEvent\000"
 1950      76507269 
 1950      6F517565 
 1950      75654576 
 1950      656E7400 
 1951              	.LASF8:
ARM GAS  C:\Users\KOZLOV~1\AppData\Local\Temp\ccPgRAk3.s 			page 42


 1952 0153 704E6578 		.ascii	"pNextPrioQueueReady\000"
 1952      74507269 
 1952      6F517565 
 1952      75655265 
 1952      61647900 
 1953              	.LASF50:
 1954 0167 6572726F 		.ascii	"error\000"
 1954      7200
 1955              	.LASF62:
 1956 016d 433A5C55 		.ascii	"C:\\Users\\kozlovsky\\Downloads\\TicTac\\TicTac\000"
 1956      73657273 
 1956      5C6B6F7A 
 1956      6C6F7673 
 1956      6B795C44 
 1957              	.LASF14:
 1958 0198 666C6167 		.ascii	"flag\000"
 1958      00
 1959              	.LASF52:
 1960 019d 75617274 		.ascii	"uart1TxHead\000"
 1960      31547848 
 1960      65616400 
 1961              	.LASF10:
 1962 01a9 704E6578 		.ascii	"pNextPrioQueueEvent\000"
 1962      74507269 
 1962      6F517565 
 1962      75654576 
 1962      656E7400 
 1963              	.LASF64:
 1964 01bd 70527843 		.ascii	"pRxChar\000"
 1964      68617200 
 1965              	.LASF4:
 1966 01c5 756E7369 		.ascii	"unsigned int\000"
 1966      676E6564 
 1966      20696E74 
 1966      00
 1967              	.LASF17:
 1968 01d2 73746163 		.ascii	"stackSize\000"
 1968      6B53697A 
 1968      6500
 1969              	.LASF46:
 1970 01dc 63686172 		.ascii	"char\000"
 1970      00
 1971              	.LASF26:
 1972 01e1 77616974 		.ascii	"waitQ\000"
 1972      5100
 1973              	.LASF33:
 1974 01e7 6D6F6465 		.ascii	"mode\000"
 1974      00
 1975              	.LASF16:
 1976 01ec 7053746B 		.ascii	"pStkOrg\000"
 1976      4F726700 
 1977              	.LASF35:
 1978 01f4 696E6974 		.ascii	"initUart1\000"
 1978      55617274 
 1978      3100
 1979              	.LASF56:
 1980 01fe 75617274 		.ascii	"uart1RxHead\000"
ARM GAS  C:\Users\KOZLOV~1\AppData\Local\Temp\ccPgRAk3.s 			page 43


 1980      31527848 
 1980      65616400 
 1981              	.LASF0:
 1982 020a 74553136 		.ascii	"tU16\000"
 1982      00
 1983              	.LASF3:
 1984 020f 74553332 		.ascii	"tU32\000"
 1984      00
 1985              	.LASF34:
 1986 0214 6669666F 		.ascii	"fifo_mode\000"
 1986      5F6D6F64 
 1986      6500
 1987              	.LASF63:
 1988 021e 75617274 		.ascii	"uart1GetChar\000"
 1988      31476574 
 1988      43686172 
 1988      00
 1989              	.LASF27:
 1990 022b 744F5345 		.ascii	"tOSEvent\000"
 1990      76656E74 
 1990      00
 1991              	.LASF37:
 1992 0234 63686172 		.ascii	"charToSend\000"
 1992      546F5365 
 1992      6E6400
 1993              	.LASF25:
 1994 023f 5F744F53 		.ascii	"_tOSEvent_\000"
 1994      4576656E 
 1994      745F00
 1995              	.LASF39:
 1996 024a 746D7048 		.ascii	"tmpHead\000"
 1996      65616400 
 1997              	.LASF6:
 1998 0252 73686F72 		.ascii	"short int\000"
 1998      7420696E 
 1998      7400
 1999              	.LASF40:
 2000 025c 75617274 		.ascii	"uart1SendCh\000"
 2000      3153656E 
 2000      64436800 
 2001              	.LASF59:
 2002 0268 72656365 		.ascii	"receiveSem\000"
 2002      69766553 
 2002      656D00
 2003              	.LASF38:
 2004 0273 64756D6D 		.ascii	"dummy\000"
 2004      7900
 2005              	.LASF32:
 2006 0279 6469765F 		.ascii	"div_factor\000"
 2006      66616374 
 2006      6F7200
 2007              	.LASF47:
 2008 0284 72784368 		.ascii	"rxChar\000"
 2008      617200
 2009              	.LASF12:
 2010 028b 704E6578 		.ascii	"pNextTimeQueue\000"
 2010      7454696D 
ARM GAS  C:\Users\KOZLOV~1\AppData\Local\Temp\ccPgRAk3.s 			page 44


 2010      65517565 
 2010      756500
 2011              	.LASF5:
 2012 029a 7369676E 		.ascii	"signed char\000"
 2012      65642063 
 2012      68617200 
 2013              	.LASF15:
 2014 02a6 736C6565 		.ascii	"sleep\000"
 2014      7000
 2015              	.LASF58:
 2016 02ac 75617274 		.ascii	"uart1RxInBuff\000"
 2016      31527849 
 2016      6E427566 
 2016      6600
 2017              	.LASF55:
 2018 02ba 75617274 		.ascii	"uart1RxBuf\000"
 2018      31527842 
 2018      756600
 2019              	.LASF53:
 2020 02c5 75617274 		.ascii	"uart1TxTail\000"
 2020      31547854 
 2020      61696C00 
 2021              		.ident	"GCC: (GNU) 4.6.3"
ARM GAS  C:\Users\KOZLOV~1\AppData\Local\Temp\ccPgRAk3.s 			page 45


DEFINED SYMBOLS
                            *ABS*:00000000 uart.c
C:\Users\KOZLOV~1\AppData\Local\Temp\ccPgRAk3.s:6      .text:00000000 $t
C:\Users\KOZLOV~1\AppData\Local\Temp\ccPgRAk3.s:11     .text:00000000 initUart1
C:\Users\KOZLOV~1\AppData\Local\Temp\ccPgRAk3.s:164    .text:000000a0 $d
                            *COM*:0000001c receiveSem
C:\Users\KOZLOV~1\AppData\Local\Temp\ccPgRAk3.s:182    .text:000000dc $t
C:\Users\KOZLOV~1\AppData\Local\Temp\ccPgRAk3.s:187    .text:000000dc uart1SendChar
C:\Users\KOZLOV~1\AppData\Local\Temp\ccPgRAk3.s:275    .text:00000138 $d
                            *COM*:00000100 uart1TxBuf
C:\Users\KOZLOV~1\AppData\Local\Temp\ccPgRAk3.s:282    .text:00000148 $t
C:\Users\KOZLOV~1\AppData\Local\Temp\ccPgRAk3.s:287    .text:00000148 uart1SendCh
C:\Users\KOZLOV~1\AppData\Local\Temp\ccPgRAk3.s:324    .text:00000164 uart1SendString
C:\Users\KOZLOV~1\AppData\Local\Temp\ccPgRAk3.s:363    .text:0000017c uart1SendChars
C:\Users\KOZLOV~1\AppData\Local\Temp\ccPgRAk3.s:404    .text:0000019a uart1GetChar
C:\Users\KOZLOV~1\AppData\Local\Temp\ccPgRAk3.s:476    .text:000001e4 $d
                            *COM*:00000400 uart1RxBuf
C:\Users\KOZLOV~1\AppData\Local\Temp\ccPgRAk3.s:482    .text:000001f0 $t
C:\Users\KOZLOV~1\AppData\Local\Temp\ccPgRAk3.s:487    .text:000001f0 uart1GetCh
C:\Users\KOZLOV~1\AppData\Local\Temp\ccPgRAk3.s:523    .text:00000208 uart1GetChSem
C:\Users\KOZLOV~1\AppData\Local\Temp\ccPgRAk3.s:560    .text:0000022c $d
C:\Users\KOZLOV~1\AppData\Local\Temp\ccPgRAk3.s:599    .bss:00000014 uart1RxInBuff
C:\Users\KOZLOV~1\AppData\Local\Temp\ccPgRAk3.s:595    .bss:00000010 uart1RxTail
C:\Users\KOZLOV~1\AppData\Local\Temp\ccPgRAk3.s:591    .bss:0000000c uart1RxHead
C:\Users\KOZLOV~1\AppData\Local\Temp\ccPgRAk3.s:586    .bss:00000008 uart1TxRunning
C:\Users\KOZLOV~1\AppData\Local\Temp\ccPgRAk3.s:582    .bss:00000004 uart1TxTail
C:\Users\KOZLOV~1\AppData\Local\Temp\ccPgRAk3.s:578    .bss:00000000 uart1TxHead
C:\Users\KOZLOV~1\AppData\Local\Temp\ccPgRAk3.s:574    .bss:00000000 $d
                     .debug_frame:00000010 $d

UNDEFINED SYMBOLS
osSemInit
uart1ISR
disIrq
restoreIrq
osSemTake
